#
# There is insufficient memory for the Java Runtime Environment to continue.
# Native memory allocation (malloc) failed to allocate 1221296 bytes for Chunk::new
# Possible reasons:
#   The system is out of physical RAM or swap space
#   The process is running with CompressedOops enabled, and the Java Heap may be blocking the growth of the native heap
# Possible solutions:
#   Reduce memory load on the system
#   Increase physical memory or swap space
#   Check if swap backing store is full
#   Decrease Java heap size (-Xmx/-Xms)
#   Decrease number of Java threads
#   Decrease Java thread stack sizes (-Xss)
#   Set larger code cache with -XX:ReservedCodeCacheSize=
#   JVM is running with Unscaled Compressed Oops mode in which the Java heap is
#     placed in the first 4GB address space. The Java Heap base address is the
#     maximum limit for the native heap growth. Please use -XX:HeapBaseMinAddress
#     to set the Java Heap base and to place the Java Heap above 4GB virtual address.
# This output file may be truncated or incomplete.
#
#  Out of Memory Error (src/hotspot/share/memory/arena.cpp:197), pid=22232, tid=4860
#
# JRE version: OpenJDK Runtime Environment (11.0.15) (build 11.0.15+0-b2043.56-9505619)
# Java VM: OpenJDK 64-Bit Server VM (11.0.15+0-b2043.56-9505619, mixed mode, tiered, compressed oops, g1 gc, windows-amd64)
# No core dump will be written. Minidumps are not enabled by default on client versions of Windows
#

---------------  S U M M A R Y ------------

Command Line: --add-opens=java.base/java.util=ALL-UNNAMED --add-opens=java.base/java.lang=ALL-UNNAMED --add-opens=java.base/java.lang.invoke=ALL-UNNAMED --add-opens=java.base/java.util=ALL-UNNAMED --add-opens=java.prefs/java.util.prefs=ALL-UNNAMED --add-opens=java.prefs/java.util.prefs=ALL-UNNAMED --add-opens=java.base/java.nio.charset=ALL-UNNAMED --add-opens=java.base/java.net=ALL-UNNAMED --add-opens=java.base/java.util.concurrent.atomic=ALL-UNNAMED -Xmx2048m -Dfile.encoding=UTF-8 -Duser.country=ES -Duser.language=es -Duser.variant org.gradle.launcher.daemon.bootstrap.GradleDaemon 7.5

Host: AMD Ryzen 5 5600H with Radeon Graphics         , 12 cores, 15G,  Windows 11 , 64 bit Build 22000 (10.0.22000.1335)
Time: Sun Feb 12 20:02:06 2023 Hora estándar romance elapsed time: 4.388879 seconds (0d 0h 0m 4s)

---------------  T H R E A D  ---------------

Current thread (0x000001f4bee23000):  JavaThread "C2 CompilerThread2" daemon [_thread_in_native, id=4860, stack(0x000000db93200000,0x000000db93300000)]


Current CompileTask:
C2:   4388 2927  s!   4       jdk.internal.loader.URLClassPath::getLoader (194 bytes)

Stack: [0x000000db93200000,0x000000db93300000]
Native frames: (J=compiled Java code, j=interpreted, Vv=VM code, C=native code)
V  [jvm.dll+0x64135a]
V  [jvm.dll+0x7d39f9]
V  [jvm.dll+0x7d51b9]
V  [jvm.dll+0x7d58a3]
V  [jvm.dll+0x2691c5]
V  [jvm.dll+0xc1a5c]
V  [jvm.dll+0xc200c]
V  [jvm.dll+0x377462]
V  [jvm.dll+0x342495]
V  [jvm.dll+0x34186a]
V  [jvm.dll+0x2214bd]
V  [jvm.dll+0x220498]
V  [jvm.dll+0x19e851]
V  [jvm.dll+0x230479]
V  [jvm.dll+0x22e5ef]
V  [jvm.dll+0x794de1]
V  [jvm.dll+0x78dc24]
V  [jvm.dll+0x6400f6]
C  [ucrtbase.dll+0x26c0c]
C  [KERNEL32.DLL+0x155a0]
C  [ntdll.dll+0x485b]


---------------  P R O C E S S  ---------------

Threads class SMR info:
_java_thread_list=0x000001f4bfcbc200, length=45, elements={
0x000001f4a0cc5800, 0x000001f4bbe3a800, 0x000001f4bbe43800, 0x000001f4bbe99800,
0x000001f4bbe9a800, 0x000001f4bbe9b800, 0x000001f4bbe9e800, 0x000001f4bbea3000,
0x000001f4bbeae000, 0x000001f4bc017000, 0x000001f4bd72a800, 0x000001f4bc181800,
0x000001f4bc53b800, 0x000001f4be761800, 0x000001f4be2b8800, 0x000001f4bee85000,
0x000001f4be3ce800, 0x000001f4be2de800, 0x000001f4be022000, 0x000001f4be430800,
0x000001f4bef20800, 0x000001f4bef21000, 0x000001f4bef22000, 0x000001f4bef22800,
0x000001f4bee23000, 0x000001f4bfced800, 0x000001f4bfcec800, 0x000001f4bfce7800,
0x000001f4bfce9000, 0x000001f4bfcee000, 0x000001f4bfce8800, 0x000001f4bfcef800,
0x000001f4bfcef000, 0x000001f4bfcea000, 0x000001f4bfcf0800, 0x000001f4bfceb000,
0x000001f4bfcf1800, 0x000001f4bfceb800, 0x000001f4bfcf2000, 0x000001f4bfcf5800,
0x000001f4bfcf4800, 0x000001f4bfcf3000, 0x000001f4bfcf4000, 0x000001f4bfcf6000,
0x000001f4bf5f5000
}

Java Threads: ( => current thread )
  0x000001f4a0cc5800 JavaThread "main" [_thread_blocked, id=27752, stack(0x000000db90800000,0x000000db90900000)]
  0x000001f4bbe3a800 JavaThread "Reference Handler" daemon [_thread_blocked, id=6664, stack(0x000000db90f00000,0x000000db91000000)]
  0x000001f4bbe43800 JavaThread "Finalizer" daemon [_thread_blocked, id=16388, stack(0x000000db91000000,0x000000db91100000)]
  0x000001f4bbe99800 JavaThread "Signal Dispatcher" daemon [_thread_blocked, id=8896, stack(0x000000db91100000,0x000000db91200000)]
  0x000001f4bbe9a800 JavaThread "Attach Listener" daemon [_thread_blocked, id=29576, stack(0x000000db91200000,0x000000db91300000)]
  0x000001f4bbe9b800 JavaThread "Service Thread" daemon [_thread_blocked, id=30068, stack(0x000000db91300000,0x000000db91400000)]
  0x000001f4bbe9e800 JavaThread "C2 CompilerThread0" daemon [_thread_in_native, id=29468, stack(0x000000db91400000,0x000000db91500000)]
  0x000001f4bbea3000 JavaThread "C1 CompilerThread0" daemon [_thread_blocked, id=7392, stack(0x000000db91500000,0x000000db91600000)]
  0x000001f4bbeae000 JavaThread "Sweeper thread" daemon [_thread_blocked, id=30056, stack(0x000000db91600000,0x000000db91700000)]
  0x000001f4bc017000 JavaThread "Common-Cleaner" daemon [_thread_blocked, id=9552, stack(0x000000db91700000,0x000000db91800000)]
  0x000001f4bd72a800 JavaThread "Daemon health stats" [_thread_blocked, id=25424, stack(0x000000db91f00000,0x000000db92000000)]
  0x000001f4bc181800 JavaThread "Incoming local TCP Connector on port 64465" [_thread_in_native, id=29200, stack(0x000000db91900000,0x000000db91a00000)]
  0x000001f4bc53b800 JavaThread "Daemon periodic checks" [_thread_blocked, id=27524, stack(0x000000db91a00000,0x000000db91b00000)]
  0x000001f4be761800 JavaThread "Daemon" [_thread_blocked, id=7416, stack(0x000000db92000000,0x000000db92100000)]
  0x000001f4be2b8800 JavaThread "Handler for socket connection from /127.0.0.1:64465 to /127.0.0.1:64466" [_thread_in_native, id=1652, stack(0x000000db92100000,0x000000db92200000)]
  0x000001f4bee85000 JavaThread "Cancel handler" [_thread_blocked, id=30096, stack(0x000000db92200000,0x000000db92300000)]
  0x000001f4be3ce800 JavaThread "Daemon worker" [_thread_blocked, id=8392, stack(0x000000db92300000,0x000000db92400000)]
  0x000001f4be2de800 JavaThread "Asynchronous log dispatcher for DefaultDaemonConnection: socket connection from /127.0.0.1:64465 to /127.0.0.1:64466" [_thread_blocked, id=25804, stack(0x000000db92400000,0x000000db92500000)]
  0x000001f4be022000 JavaThread "Stdin handler" [_thread_blocked, id=17392, stack(0x000000db92500000,0x000000db92600000)]
  0x000001f4be430800 JavaThread "C2 CompilerThread1" daemon [_thread_blocked, id=15572, stack(0x000000db92600000,0x000000db92700000)]
  0x000001f4bef20800 JavaThread "Daemon client event forwarder" [_thread_blocked, id=22592, stack(0x000000db92700000,0x000000db92800000)]
  0x000001f4bef21000 JavaThread "Cache worker for journal cache (C:\Users\Borja Chacon\.gradle\caches\journal-1)" [_thread_blocked, id=24320, stack(0x000000db92800000,0x000000db92900000)]
  0x000001f4bef22000 JavaThread "File lock request listener" [_thread_in_native, id=14056, stack(0x000000db92900000,0x000000db92a00000)]
  0x000001f4bef22800 JavaThread "Cache worker for file hash cache (C:\Users\Borja Chacon\.gradle\caches\7.5\fileHashes)" [_thread_blocked, id=29624, stack(0x000000db93100000,0x000000db93200000)]
=>0x000001f4bee23000 JavaThread "C2 CompilerThread2" daemon [_thread_in_native, id=4860, stack(0x000000db93200000,0x000000db93300000)]
  0x000001f4bfced800 JavaThread "File watcher server" daemon [_thread_in_native, id=29728, stack(0x000000db93300000,0x000000db93400000)]
  0x000001f4bfcec800 JavaThread "File watcher consumer" daemon [_thread_blocked, id=21980, stack(0x000000db93400000,0x000000db93500000)]
  0x000001f4bfce7800 JavaThread "jar transforms" [_thread_blocked, id=9404, stack(0x000000db93500000,0x000000db93600000)]
  0x000001f4bfce9000 JavaThread "jar transforms Thread 2" [_thread_blocked, id=21528, stack(0x000000db93600000,0x000000db93700000)]
  0x000001f4bfcee000 JavaThread "jar transforms Thread 3" [_thread_blocked, id=21684, stack(0x000000db93700000,0x000000db93800000)]
  0x000001f4bfce8800 JavaThread "jar transforms Thread 4" [_thread_blocked, id=24088, stack(0x000000db93800000,0x000000db93900000)]
  0x000001f4bfcef800 JavaThread "jar transforms Thread 5" [_thread_blocked, id=30204, stack(0x000000db93900000,0x000000db93a00000)]
  0x000001f4bfcef000 JavaThread "jar transforms Thread 6" [_thread_blocked, id=4084, stack(0x000000db93a00000,0x000000db93b00000)]
  0x000001f4bfcea000 JavaThread "jar transforms Thread 7" [_thread_blocked, id=29428, stack(0x000000db93b00000,0x000000db93c00000)]
  0x000001f4bfcf0800 JavaThread "jar transforms Thread 8" [_thread_blocked, id=26384, stack(0x000000db93c00000,0x000000db93d00000)]
  0x000001f4bfceb000 JavaThread "jar transforms Thread 9" [_thread_blocked, id=26988, stack(0x000000db93d00000,0x000000db93e00000)]
  0x000001f4bfcf1800 JavaThread "jar transforms Thread 10" [_thread_blocked, id=25112, stack(0x000000db93e00000,0x000000db93f00000)]
  0x000001f4bfceb800 JavaThread "jar transforms Thread 11" [_thread_blocked, id=27508, stack(0x000000db93f00000,0x000000db94000000)]
  0x000001f4bfcf2000 JavaThread "jar transforms Thread 12" [_thread_blocked, id=15772, stack(0x000000db94000000,0x000000db94100000)]
  0x000001f4bfcf5800 JavaThread "Cache worker for checksums cache (D:\AndroidStudioProjects\ChaconAlvarezBorja2Eca\.gradle\7.5\checksums)" [_thread_blocked, id=5220, stack(0x000000db94100000,0x000000db94200000)]
  0x000001f4bfcf4800 JavaThread "Cache worker for cache directory md-rule (C:\Users\Borja Chacon\.gradle\caches\7.5\md-rule)" [_thread_blocked, id=28464, stack(0x000000db94200000,0x000000db94300000)]
  0x000001f4bfcf3000 JavaThread "Cache worker for file content cache (C:\Users\Borja Chacon\.gradle\caches\7.5\fileContent)" [_thread_blocked, id=23528, stack(0x000000db94300000,0x000000db94400000)]
  0x000001f4bfcf4000 JavaThread "Cache worker for file hash cache (D:\AndroidStudioProjects\ChaconAlvarezBorja2Eca\.gradle\7.5\fileHashes)" [_thread_blocked, id=22168, stack(0x000000db94400000,0x000000db94500000)]
  0x000001f4bfcf6000 JavaThread "Cache worker for cache directory md-supplier (C:\Users\Borja Chacon\.gradle\caches\7.5\md-supplier)" [_thread_blocked, id=29644, stack(0x000000db94500000,0x000000db94600000)]
  0x000001f4bf5f5000 JavaThread "Cache worker for execution history cache (C:\Users\Borja Chacon\.gradle\caches\7.5\executionHistory)" [_thread_blocked, id=12444, stack(0x000000db94600000,0x000000db94700000)]

Other Threads:
  0x000001f4bbe37000 VMThread "VM Thread" [stack: 0x000000db90e00000,0x000000db90f00000] [id=27636]
  0x000001f4bc04a800 WatcherThread [stack: 0x000000db91800000,0x000000db91900000] [id=29224]
  0x000001f4a0cdf000 GCTaskThread "GC Thread#0" [stack: 0x000000db90900000,0x000000db90a00000] [id=16224]
  0x000001f4bd84b000 GCTaskThread "GC Thread#1" [stack: 0x000000db91b00000,0x000000db91c00000] [id=15952]
  0x000001f4bcb27800 GCTaskThread "GC Thread#2" [stack: 0x000000db91c00000,0x000000db91d00000] [id=19564]
  0x000001f4bcd90800 GCTaskThread "GC Thread#3" [stack: 0x000000db91d00000,0x000000db91e00000] [id=22972]
  0x000001f4bccbf800 GCTaskThread "GC Thread#4" [stack: 0x000000db91e00000,0x000000db91f00000] [id=15792]
  0x000001f4bd5f7800 GCTaskThread "GC Thread#5" [stack: 0x000000db92a00000,0x000000db92b00000] [id=26632]
  0x000001f4be724000 GCTaskThread "GC Thread#6" [stack: 0x000000db92b00000,0x000000db92c00000] [id=27768]
  0x000001f4bee58000 GCTaskThread "GC Thread#7" [stack: 0x000000db92c00000,0x000000db92d00000] [id=26680]
  0x000001f4be4f3800 GCTaskThread "GC Thread#8" [stack: 0x000000db92d00000,0x000000db92e00000] [id=19572]
  0x000001f4be3a0000 GCTaskThread "GC Thread#9" [stack: 0x000000db92e00000,0x000000db92f00000] [id=18456]
  0x000001f4a0d11000 ConcurrentGCThread "G1 Main Marker" [stack: 0x000000db90a00000,0x000000db90b00000] [id=19920]
  0x000001f4a0d14000 ConcurrentGCThread "G1 Conc#0" [stack: 0x000000db90b00000,0x000000db90c00000] [id=13672]
  0x000001f4be4a8000 ConcurrentGCThread "G1 Conc#1" [stack: 0x000000db92f00000,0x000000db93000000] [id=28712]
  0x000001f4bd6b5000 ConcurrentGCThread "G1 Conc#2" [stack: 0x000000db93000000,0x000000db93100000] [id=8396]
  0x000001f4a0d9e000 ConcurrentGCThread "G1 Refine#0" [stack: 0x000000db90c00000,0x000000db90d00000] [id=19804]
  0x000001f4bb47e800 ConcurrentGCThread "G1 Young RemSet Sampling" [stack: 0x000000db90d00000,0x000000db90e00000] [id=14016]

Threads with active compile tasks:
C2 CompilerThread0     4407 2975   !   4       java.util.concurrent.ConcurrentHashMap::computeIfAbsent (576 bytes)
C1 CompilerThread0     4407 3036       3       org.codehaus.groovy.util.LockableObject::tryRelease (45 bytes)
C2 CompilerThread1     4407 3003       4       jdk.internal.loader.URLClassPath::getResource (74 bytes)
C2 CompilerThread2     4407 2927  s!   4       jdk.internal.loader.URLClassPath::getLoader (194 bytes)

VM state:at safepoint (normal execution)

VM Mutex/Monitor currently owned by a thread:  ([mutex/lock_event])
[0x000001f4a0cc10c0] Threads_lock - owner thread: 0x000001f4bbe37000
[0x000001f4a0cc16f0] Heap_lock - owner thread: 0x000001f4be3ce800

Heap address: 0x0000000080000000, size: 2048 MB, Compressed Oops mode: 32-bit
Narrow klass base: 0x0000000000000000, Narrow klass shift: 3
Compressed class space size: 1073741824 Address: 0x0000000100000000

Heap:
 garbage-first heap   total 251904K, used 89746K [0x0000000080000000, 0x0000000100000000)
  region size 1024K, 51 young (52224K), 8 survivors (8192K)
 Metaspace       used 34768K, capacity 35862K, committed 35920K, reserved 1081344K
  class space    used 4678K, capacity 5086K, committed 5120K, reserved 1048576K
Heap Regions: E=young(eden), S=young(survivor), O=old, HS=humongous(starts), HC=humongous(continues), CS=collection set, F=free, A=archive, TAMS=top-at-mark-start (previous, next)
|   0|0x0000000080000000, 0x0000000080100000, 0x0000000080100000|100%| O|  |TAMS 0x0000000080000000, 0x0000000080100000| Untracked 
|   1|0x0000000080100000, 0x0000000080200000, 0x0000000080200000|100%| O|  |TAMS 0x0000000080100000, 0x0000000080200000| Untracked 
|   2|0x0000000080200000, 0x0000000080300000, 0x0000000080300000|100%| O|  |TAMS 0x0000000080200000, 0x0000000080300000| Untracked 
|   3|0x0000000080300000, 0x0000000080400000, 0x0000000080400000|100%|HS|  |TAMS 0x0000000080400000, 0x0000000080400000| Complete 
|   4|0x0000000080400000, 0x0000000080500000, 0x0000000080500000|100%|HC|  |TAMS 0x0000000080500000, 0x0000000080500000| Complete 
|   5|0x0000000080500000, 0x0000000080600000, 0x0000000080600000|100%|HC|  |TAMS 0x0000000080600000, 0x0000000080600000| Complete 
|   6|0x0000000080600000, 0x0000000080700000, 0x0000000080700000|100%| O|  |TAMS 0x0000000080700000, 0x0000000080700000| Untracked 
|   7|0x0000000080700000, 0x0000000080800000, 0x0000000080800000|100%| O|  |TAMS 0x0000000080800000, 0x0000000080800000| Untracked 
|   8|0x0000000080800000, 0x0000000080900000, 0x0000000080900000|100%| O|  |TAMS 0x0000000080900000, 0x0000000080900000| Untracked 
|   9|0x0000000080900000, 0x0000000080a00000, 0x0000000080a00000|100%| O|  |TAMS 0x000000008094fa00, 0x0000000080a00000| Untracked 
|  10|0x0000000080a00000, 0x0000000080b00000, 0x0000000080b00000|100%| O|  |TAMS 0x0000000080a00000, 0x0000000080b00000| Untracked 
|  11|0x0000000080b00000, 0x0000000080c00000, 0x0000000080c00000|100%| O|  |TAMS 0x0000000080b00000, 0x0000000080c00000| Untracked 
|  12|0x0000000080c00000, 0x0000000080d00000, 0x0000000080d00000|100%| O|  |TAMS 0x0000000080c00000, 0x0000000080d00000| Untracked 
|  13|0x0000000080d00000, 0x0000000080e00000, 0x0000000080e00000|100%| O|  |TAMS 0x0000000080d00000, 0x0000000080e00000| Untracked 
|  14|0x0000000080e00000, 0x0000000080f00000, 0x0000000080f00000|100%| O|  |TAMS 0x0000000080e00000, 0x0000000080f00000| Untracked 
|  15|0x0000000080f00000, 0x0000000081000000, 0x0000000081000000|100%| O|  |TAMS 0x0000000080f00000, 0x0000000081000000| Untracked 
|  16|0x0000000081000000, 0x0000000081100000, 0x0000000081100000|100%| O|  |TAMS 0x0000000081000000, 0x0000000081100000| Untracked 
|  17|0x0000000081100000, 0x0000000081200000, 0x0000000081200000|100%|HS|  |TAMS 0x0000000081100000, 0x0000000081200000| Complete 
|  18|0x0000000081200000, 0x0000000081300000, 0x0000000081300000|100%|HC|  |TAMS 0x0000000081200000, 0x0000000081300000| Complete 
|  19|0x0000000081300000, 0x0000000081400000, 0x0000000081400000|100%|HS|  |TAMS 0x0000000081300000, 0x0000000081400000| Complete 
|  20|0x0000000081400000, 0x0000000081500000, 0x0000000081500000|100%|HC|  |TAMS 0x0000000081400000, 0x0000000081500000| Complete 
|  21|0x0000000081500000, 0x0000000081600000, 0x0000000081600000|100%|HC|  |TAMS 0x0000000081500000, 0x0000000081600000| Complete 
|  22|0x0000000081600000, 0x0000000081700000, 0x0000000081700000|100%|HS|  |TAMS 0x0000000081600000, 0x0000000081700000| Complete 
|  23|0x0000000081700000, 0x0000000081800000, 0x0000000081800000|100%|HC|  |TAMS 0x0000000081700000, 0x0000000081800000| Complete 
|  24|0x0000000081800000, 0x0000000081900000, 0x0000000081900000|100%|HS|  |TAMS 0x0000000081800000, 0x0000000081900000| Complete 
|  25|0x0000000081900000, 0x0000000081a00000, 0x0000000081a00000|100%|HC|  |TAMS 0x0000000081900000, 0x0000000081a00000| Complete 
|  26|0x0000000081a00000, 0x0000000081b00000, 0x0000000081b00000|100%|HC|  |TAMS 0x0000000081a00000, 0x0000000081b00000| Complete 
|  27|0x0000000081b00000, 0x0000000081c00000, 0x0000000081c00000|100%|HC|  |TAMS 0x0000000081b00000, 0x0000000081c00000| Complete 
|  28|0x0000000081c00000, 0x0000000081d00000, 0x0000000081d00000|100%|HC|  |TAMS 0x0000000081c00000, 0x0000000081d00000| Complete 
|  29|0x0000000081d00000, 0x0000000081e00000, 0x0000000081e00000|100%|HS|  |TAMS 0x0000000081d00000, 0x0000000081e00000| Complete 
|  30|0x0000000081e00000, 0x0000000081f00000, 0x0000000081f00000|100%|HC|  |TAMS 0x0000000081e00000, 0x0000000081f00000| Complete 
|  31|0x0000000081f00000, 0x0000000082000000, 0x0000000082000000|100%|HS|  |TAMS 0x0000000081f00000, 0x0000000082000000| Complete 
|  32|0x0000000082000000, 0x0000000082100000, 0x0000000082100000|100%|HC|  |TAMS 0x0000000082000000, 0x0000000082100000| Complete 
|  33|0x0000000082100000, 0x0000000082200000, 0x0000000082200000|100%|HC|  |TAMS 0x0000000082100000, 0x0000000082200000| Complete 
|  34|0x0000000082200000, 0x0000000082300000, 0x0000000082300000|100%|HS|  |TAMS 0x0000000082200000, 0x0000000082300000| Complete 
|  35|0x0000000082300000, 0x0000000082400000, 0x0000000082400000|100%|HC|  |TAMS 0x0000000082300000, 0x0000000082400000| Complete 
|  36|0x0000000082400000, 0x0000000082500000, 0x0000000082500000|100%|HC|  |TAMS 0x0000000082400000, 0x0000000082500000| Complete 
|  37|0x0000000082500000, 0x0000000082511e60, 0x0000000082600000|  6%| O|  |TAMS 0x0000000082500000, 0x0000000082600000| Untracked 
|  38|0x0000000082600000, 0x0000000082600000, 0x0000000082700000|  0%| F|  |TAMS 0x0000000082600000, 0x0000000082600000| Untracked 
|  39|0x0000000082700000, 0x0000000082700000, 0x0000000082800000|  0%| F|  |TAMS 0x0000000082700000, 0x0000000082700000| Untracked 
|  40|0x0000000082800000, 0x0000000082800000, 0x0000000082900000|  0%| F|  |TAMS 0x0000000082800000, 0x0000000082800000| Untracked 
|  41|0x0000000082900000, 0x0000000082900000, 0x0000000082a00000|  0%| F|  |TAMS 0x0000000082900000, 0x0000000082900000| Untracked 
|  42|0x0000000082a00000, 0x0000000082a00000, 0x0000000082b00000|  0%| F|  |TAMS 0x0000000082a00000, 0x0000000082a00000| Untracked 
|  43|0x0000000082b00000, 0x0000000082b00000, 0x0000000082c00000|  0%| F|  |TAMS 0x0000000082b00000, 0x0000000082b00000| Untracked 
|  44|0x0000000082c00000, 0x0000000082c00000, 0x0000000082d00000|  0%| F|  |TAMS 0x0000000082c00000, 0x0000000082c00000| Untracked 
|  45|0x0000000082d00000, 0x0000000082d00000, 0x0000000082e00000|  0%| F|  |TAMS 0x0000000082d00000, 0x0000000082d00000| Untracked 
|  46|0x0000000082e00000, 0x0000000082e00000, 0x0000000082f00000|  0%| F|  |TAMS 0x0000000082e00000, 0x0000000082e00000| Untracked 
|  47|0x0000000082f00000, 0x0000000082f00000, 0x0000000083000000|  0%| F|  |TAMS 0x0000000082f00000, 0x0000000082f00000| Untracked 
|  48|0x0000000083000000, 0x0000000083000000, 0x0000000083100000|  0%| F|  |TAMS 0x0000000083000000, 0x0000000083000000| Untracked 
|  49|0x0000000083100000, 0x0000000083100000, 0x0000000083200000|  0%| F|  |TAMS 0x0000000083100000, 0x0000000083100000| Untracked 
|  50|0x0000000083200000, 0x0000000083200000, 0x0000000083300000|  0%| F|  |TAMS 0x0000000083200000, 0x0000000083200000| Untracked 
|  51|0x0000000083300000, 0x0000000083300000, 0x0000000083400000|  0%| F|  |TAMS 0x0000000083300000, 0x0000000083300000| Untracked 
|  52|0x0000000083400000, 0x0000000083400000, 0x0000000083500000|  0%| F|  |TAMS 0x0000000083400000, 0x0000000083400000| Untracked 
|  53|0x0000000083500000, 0x0000000083500000, 0x0000000083600000|  0%| F|  |TAMS 0x0000000083500000, 0x0000000083500000| Untracked 
|  54|0x0000000083600000, 0x0000000083600000, 0x0000000083700000|  0%| F|  |TAMS 0x0000000083600000, 0x0000000083600000| Untracked 
|  55|0x0000000083700000, 0x0000000083700000, 0x0000000083800000|  0%| F|  |TAMS 0x0000000083700000, 0x0000000083700000| Untracked 
|  56|0x0000000083800000, 0x0000000083800000, 0x0000000083900000|  0%| F|  |TAMS 0x0000000083800000, 0x0000000083800000| Untracked 
|  57|0x0000000083900000, 0x0000000083900000, 0x0000000083a00000|  0%| F|  |TAMS 0x0000000083900000, 0x0000000083900000| Untracked 
|  58|0x0000000083a00000, 0x0000000083a00000, 0x0000000083b00000|  0%| F|  |TAMS 0x0000000083a00000, 0x0000000083a00000| Untracked 
|  59|0x0000000083b00000, 0x0000000083b00000, 0x0000000083c00000|  0%| F|  |TAMS 0x0000000083b00000, 0x0000000083b00000| Untracked 
|  60|0x0000000083c00000, 0x0000000083c00000, 0x0000000083d00000|  0%| F|  |TAMS 0x0000000083c00000, 0x0000000083c00000| Untracked 
|  61|0x0000000083d00000, 0x0000000083d00000, 0x0000000083e00000|  0%| F|  |TAMS 0x0000000083d00000, 0x0000000083d00000| Untracked 
|  62|0x0000000083e00000, 0x0000000083e00000, 0x0000000083f00000|  0%| F|  |TAMS 0x0000000083e00000, 0x0000000083e00000| Untracked 
|  63|0x0000000083f00000, 0x0000000083f00000, 0x0000000084000000|  0%| F|  |TAMS 0x0000000083f00000, 0x0000000083f00000| Untracked 
|  64|0x0000000084000000, 0x0000000084000000, 0x0000000084100000|  0%| F|  |TAMS 0x0000000084000000, 0x0000000084000000| Untracked 
|  65|0x0000000084100000, 0x0000000084100000, 0x0000000084200000|  0%| F|  |TAMS 0x0000000084100000, 0x0000000084100000| Untracked 
|  66|0x0000000084200000, 0x0000000084200000, 0x0000000084300000|  0%| F|  |TAMS 0x0000000084200000, 0x0000000084200000| Untracked 
|  67|0x0000000084300000, 0x0000000084300000, 0x0000000084400000|  0%| F|  |TAMS 0x0000000084300000, 0x0000000084300000| Untracked 
|  68|0x0000000084400000, 0x0000000084400000, 0x0000000084500000|  0%| F|  |TAMS 0x0000000084400000, 0x0000000084400000| Untracked 
|  69|0x0000000084500000, 0x0000000084500000, 0x0000000084600000|  0%| F|  |TAMS 0x0000000084500000, 0x0000000084500000| Untracked 
|  70|0x0000000084600000, 0x0000000084600000, 0x0000000084700000|  0%| F|  |TAMS 0x0000000084600000, 0x0000000084600000| Untracked 
|  71|0x0000000084700000, 0x0000000084700000, 0x0000000084800000|  0%| F|  |TAMS 0x0000000084700000, 0x0000000084700000| Untracked 
|  72|0x0000000084800000, 0x0000000084800000, 0x0000000084900000|  0%| F|  |TAMS 0x0000000084800000, 0x0000000084800000| Untracked 
|  73|0x0000000084900000, 0x0000000084900000, 0x0000000084a00000|  0%| F|  |TAMS 0x0000000084900000, 0x0000000084900000| Untracked 
|  74|0x0000000084a00000, 0x0000000084a00000, 0x0000000084b00000|  0%| F|  |TAMS 0x0000000084a00000, 0x0000000084a00000| Untracked 
|  75|0x0000000084b00000, 0x0000000084b00000, 0x0000000084c00000|  0%| F|  |TAMS 0x0000000084b00000, 0x0000000084b00000| Untracked 
|  76|0x0000000084c00000, 0x0000000084c00000, 0x0000000084d00000|  0%| F|  |TAMS 0x0000000084c00000, 0x0000000084c00000| Untracked 
|  77|0x0000000084d00000, 0x0000000084d00000, 0x0000000084e00000|  0%| F|  |TAMS 0x0000000084d00000, 0x0000000084d00000| Untracked 
|  78|0x0000000084e00000, 0x0000000084e00000, 0x0000000084f00000|  0%| F|  |TAMS 0x0000000084e00000, 0x0000000084e00000| Untracked 
|  79|0x0000000084f00000, 0x0000000084f00000, 0x0000000085000000|  0%| F|  |TAMS 0x0000000084f00000, 0x0000000084f00000| Untracked 
|  80|0x0000000085000000, 0x0000000085000000, 0x0000000085100000|  0%| F|  |TAMS 0x0000000085000000, 0x0000000085000000| Untracked 
|  81|0x0000000085100000, 0x0000000085100000, 0x0000000085200000|  0%| F|  |TAMS 0x0000000085100000, 0x0000000085100000| Untracked 
|  82|0x0000000085200000, 0x0000000085200000, 0x0000000085300000|  0%| F|  |TAMS 0x0000000085200000, 0x0000000085200000| Untracked 
|  83|0x0000000085300000, 0x0000000085300000, 0x0000000085400000|  0%| F|  |TAMS 0x0000000085300000, 0x0000000085300000| Untracked 
|  84|0x0000000085400000, 0x0000000085400000, 0x0000000085500000|  0%| F|  |TAMS 0x0000000085400000, 0x0000000085400000| Untracked 
|  85|0x0000000085500000, 0x0000000085500000, 0x0000000085600000|  0%| F|  |TAMS 0x0000000085500000, 0x0000000085500000| Untracked 
|  86|0x0000000085600000, 0x0000000085600000, 0x0000000085700000|  0%| F|  |TAMS 0x0000000085600000, 0x0000000085600000| Untracked 
|  87|0x0000000085700000, 0x0000000085700000, 0x0000000085800000|  0%| F|  |TAMS 0x0000000085700000, 0x0000000085700000| Untracked 
|  88|0x0000000085800000, 0x0000000085800000, 0x0000000085900000|  0%| F|  |TAMS 0x0000000085800000, 0x0000000085800000| Untracked 
|  89|0x0000000085900000, 0x0000000085900000, 0x0000000085a00000|  0%| F|  |TAMS 0x0000000085900000, 0x0000000085900000| Untracked 
|  90|0x0000000085a00000, 0x0000000085a00000, 0x0000000085b00000|  0%| F|  |TAMS 0x0000000085a00000, 0x0000000085a00000| Untracked 
|  91|0x0000000085b00000, 0x0000000085b00000, 0x0000000085c00000|  0%| F|  |TAMS 0x0000000085b00000, 0x0000000085b00000| Untracked 
|  92|0x0000000085c00000, 0x0000000085c00000, 0x0000000085d00000|  0%| F|  |TAMS 0x0000000085c00000, 0x0000000085c00000| Untracked 
|  93|0x0000000085d00000, 0x0000000085d00000, 0x0000000085e00000|  0%| F|  |TAMS 0x0000000085d00000, 0x0000000085d00000| Untracked 
|  94|0x0000000085e00000, 0x0000000085e00000, 0x0000000085f00000|  0%| F|  |TAMS 0x0000000085e00000, 0x0000000085e00000| Untracked 
|  95|0x0000000085f00000, 0x0000000085f00000, 0x0000000086000000|  0%| F|  |TAMS 0x0000000085f00000, 0x0000000085f00000| Untracked 
|  96|0x0000000086000000, 0x0000000086000000, 0x0000000086100000|  0%| F|  |TAMS 0x0000000086000000, 0x0000000086000000| Untracked 
|  97|0x0000000086100000, 0x0000000086100000, 0x0000000086200000|  0%| F|  |TAMS 0x0000000086100000, 0x0000000086100000| Untracked 
|  98|0x0000000086200000, 0x0000000086200000, 0x0000000086300000|  0%| F|  |TAMS 0x0000000086200000, 0x0000000086200000| Untracked 
|  99|0x0000000086300000, 0x0000000086300000, 0x0000000086400000|  0%| F|  |TAMS 0x0000000086300000, 0x0000000086300000| Untracked 
| 100|0x0000000086400000, 0x0000000086400000, 0x0000000086500000|  0%| F|  |TAMS 0x0000000086400000, 0x0000000086400000| Untracked 
| 101|0x0000000086500000, 0x0000000086500000, 0x0000000086600000|  0%| F|  |TAMS 0x0000000086500000, 0x0000000086500000| Untracked 
| 102|0x0000000086600000, 0x0000000086600000, 0x0000000086700000|  0%| F|  |TAMS 0x0000000086600000, 0x0000000086600000| Untracked 
| 103|0x0000000086700000, 0x0000000086700000, 0x0000000086800000|  0%| F|  |TAMS 0x0000000086700000, 0x0000000086700000| Untracked 
| 104|0x0000000086800000, 0x0000000086800000, 0x0000000086900000|  0%| F|  |TAMS 0x0000000086800000, 0x0000000086800000| Untracked 
| 105|0x0000000086900000, 0x0000000086900000, 0x0000000086a00000|  0%| F|  |TAMS 0x0000000086900000, 0x0000000086900000| Untracked 
| 106|0x0000000086a00000, 0x0000000086a00000, 0x0000000086b00000|  0%| F|  |TAMS 0x0000000086a00000, 0x0000000086a00000| Untracked 
| 107|0x0000000086b00000, 0x0000000086b00000, 0x0000000086c00000|  0%| F|  |TAMS 0x0000000086b00000, 0x0000000086b00000| Untracked 
| 108|0x0000000086c00000, 0x0000000086c00000, 0x0000000086d00000|  0%| F|  |TAMS 0x0000000086c00000, 0x0000000086c00000| Untracked 
| 109|0x0000000086d00000, 0x0000000086d00000, 0x0000000086e00000|  0%| F|  |TAMS 0x0000000086d00000, 0x0000000086d00000| Untracked 
| 110|0x0000000086e00000, 0x0000000086e00000, 0x0000000086f00000|  0%| F|  |TAMS 0x0000000086e00000, 0x0000000086e00000| Untracked 
| 111|0x0000000086f00000, 0x0000000086f00000, 0x0000000087000000|  0%| F|  |TAMS 0x0000000086f00000, 0x0000000086f00000| Untracked 
| 112|0x0000000087000000, 0x0000000087000000, 0x0000000087100000|  0%| F|  |TAMS 0x0000000087000000, 0x0000000087000000| Untracked 
| 113|0x0000000087100000, 0x0000000087100000, 0x0000000087200000|  0%| F|  |TAMS 0x0000000087100000, 0x0000000087100000| Untracked 
| 114|0x0000000087200000, 0x0000000087200000, 0x0000000087300000|  0%| F|  |TAMS 0x0000000087200000, 0x0000000087200000| Untracked 
| 115|0x0000000087300000, 0x0000000087300000, 0x0000000087400000|  0%| F|  |TAMS 0x0000000087300000, 0x0000000087300000| Untracked 
| 116|0x0000000087400000, 0x0000000087400000, 0x0000000087500000|  0%| F|  |TAMS 0x0000000087400000, 0x0000000087400000| Untracked 
| 117|0x0000000087500000, 0x0000000087500000, 0x0000000087600000|  0%| F|  |TAMS 0x0000000087500000, 0x0000000087500000| Untracked 
| 118|0x0000000087600000, 0x0000000087600000, 0x0000000087700000|  0%| F|  |TAMS 0x0000000087600000, 0x0000000087600000| Untracked 
| 119|0x0000000087700000, 0x0000000087700000, 0x0000000087800000|  0%| F|  |TAMS 0x0000000087700000, 0x0000000087700000| Untracked 
| 120|0x0000000087800000, 0x0000000087800000, 0x0000000087900000|  0%| F|  |TAMS 0x0000000087800000, 0x0000000087800000| Untracked 
| 121|0x0000000087900000, 0x0000000087900000, 0x0000000087a00000|  0%| F|  |TAMS 0x0000000087900000, 0x0000000087900000| Untracked 
| 122|0x0000000087a00000, 0x0000000087a00000, 0x0000000087b00000|  0%| F|  |TAMS 0x0000000087a00000, 0x0000000087a00000| Untracked 
| 123|0x0000000087b00000, 0x0000000087b00000, 0x0000000087c00000|  0%| F|  |TAMS 0x0000000087b00000, 0x0000000087b00000| Untracked 
| 124|0x0000000087c00000, 0x0000000087c00000, 0x0000000087d00000|  0%| F|  |TAMS 0x0000000087c00000, 0x0000000087c00000| Untracked 
| 125|0x0000000087d00000, 0x0000000087d00000, 0x0000000087e00000|  0%| F|  |TAMS 0x0000000087d00000, 0x0000000087d00000| Untracked 
| 126|0x0000000087e00000, 0x0000000087e00000, 0x0000000087f00000|  0%| F|  |TAMS 0x0000000087e00000, 0x0000000087e00000| Untracked 
| 127|0x0000000087f00000, 0x0000000087f00000, 0x0000000088000000|  0%| F|  |TAMS 0x0000000087f00000, 0x0000000087f00000| Untracked 
| 128|0x0000000088000000, 0x0000000088000000, 0x0000000088100000|  0%| F|  |TAMS 0x0000000088000000, 0x0000000088000000| Untracked 
| 129|0x0000000088100000, 0x0000000088100000, 0x0000000088200000|  0%| F|  |TAMS 0x0000000088100000, 0x0000000088100000| Untracked 
| 130|0x0000000088200000, 0x0000000088200000, 0x0000000088300000|  0%| F|  |TAMS 0x0000000088200000, 0x0000000088200000| Untracked 
| 131|0x0000000088300000, 0x0000000088300000, 0x0000000088400000|  0%| F|  |TAMS 0x0000000088300000, 0x0000000088300000| Untracked 
| 132|0x0000000088400000, 0x0000000088400000, 0x0000000088500000|  0%| F|  |TAMS 0x0000000088400000, 0x0000000088400000| Untracked 
| 133|0x0000000088500000, 0x0000000088500000, 0x0000000088600000|  0%| F|  |TAMS 0x0000000088500000, 0x0000000088500000| Untracked 
| 134|0x0000000088600000, 0x0000000088600000, 0x0000000088700000|  0%| F|  |TAMS 0x0000000088600000, 0x0000000088600000| Untracked 
| 135|0x0000000088700000, 0x0000000088700000, 0x0000000088800000|  0%| F|  |TAMS 0x0000000088700000, 0x0000000088700000| Untracked 
| 136|0x0000000088800000, 0x0000000088800000, 0x0000000088900000|  0%| F|  |TAMS 0x0000000088800000, 0x0000000088800000| Untracked 
| 137|0x0000000088900000, 0x0000000088900000, 0x0000000088a00000|  0%| F|  |TAMS 0x0000000088900000, 0x0000000088900000| Untracked 
| 138|0x0000000088a00000, 0x0000000088a00000, 0x0000000088b00000|  0%| F|  |TAMS 0x0000000088a00000, 0x0000000088a00000| Untracked 
| 139|0x0000000088b00000, 0x0000000088b00000, 0x0000000088c00000|  0%| F|  |TAMS 0x0000000088b00000, 0x0000000088b00000| Untracked 
| 140|0x0000000088c00000, 0x0000000088c00000, 0x0000000088d00000|  0%| F|  |TAMS 0x0000000088c00000, 0x0000000088c00000| Untracked 
| 141|0x0000000088d00000, 0x0000000088d00000, 0x0000000088e00000|  0%| F|  |TAMS 0x0000000088d00000, 0x0000000088d00000| Untracked 
| 142|0x0000000088e00000, 0x0000000088e00000, 0x0000000088f00000|  0%| F|  |TAMS 0x0000000088e00000, 0x0000000088e00000| Untracked 
| 143|0x0000000088f00000, 0x0000000088f00000, 0x0000000089000000|  0%| F|  |TAMS 0x0000000088f00000, 0x0000000088f00000| Untracked 
| 144|0x0000000089000000, 0x0000000089000000, 0x0000000089100000|  0%| F|  |TAMS 0x0000000089000000, 0x0000000089000000| Untracked 
| 145|0x0000000089100000, 0x0000000089100000, 0x0000000089200000|  0%| F|  |TAMS 0x0000000089100000, 0x0000000089100000| Untracked 
| 146|0x0000000089200000, 0x0000000089200000, 0x0000000089300000|  0%| F|  |TAMS 0x0000000089200000, 0x0000000089200000| Untracked 
| 147|0x0000000089300000, 0x0000000089300000, 0x0000000089400000|  0%| F|  |TAMS 0x0000000089300000, 0x0000000089300000| Untracked 
| 148|0x0000000089400000, 0x0000000089400000, 0x0000000089500000|  0%| F|  |TAMS 0x0000000089400000, 0x0000000089400000| Untracked 
| 149|0x0000000089500000, 0x0000000089500000, 0x0000000089600000|  0%| F|  |TAMS 0x0000000089500000, 0x0000000089500000| Untracked 
| 150|0x0000000089600000, 0x0000000089600000, 0x0000000089700000|  0%| F|  |TAMS 0x0000000089600000, 0x0000000089600000| Untracked 
| 151|0x0000000089700000, 0x0000000089700000, 0x0000000089800000|  0%| F|  |TAMS 0x0000000089700000, 0x0000000089700000| Untracked 
| 152|0x0000000089800000, 0x0000000089800000, 0x0000000089900000|  0%| F|  |TAMS 0x0000000089800000, 0x0000000089800000| Untracked 
| 153|0x0000000089900000, 0x0000000089900000, 0x0000000089a00000|  0%| F|  |TAMS 0x0000000089900000, 0x0000000089900000| Untracked 
| 154|0x0000000089a00000, 0x0000000089a00000, 0x0000000089b00000|  0%| F|  |TAMS 0x0000000089a00000, 0x0000000089a00000| Untracked 
| 155|0x0000000089b00000, 0x0000000089b00000, 0x0000000089c00000|  0%| F|  |TAMS 0x0000000089b00000, 0x0000000089b00000| Untracked 
| 156|0x0000000089c00000, 0x0000000089c00000, 0x0000000089d00000|  0%| F|  |TAMS 0x0000000089c00000, 0x0000000089c00000| Untracked 
| 157|0x0000000089d00000, 0x0000000089d00000, 0x0000000089e00000|  0%| F|  |TAMS 0x0000000089d00000, 0x0000000089d00000| Untracked 
| 158|0x0000000089e00000, 0x0000000089e00000, 0x0000000089f00000|  0%| F|  |TAMS 0x0000000089e00000, 0x0000000089e00000| Untracked 
| 159|0x0000000089f00000, 0x0000000089f00000, 0x000000008a000000|  0%| F|  |TAMS 0x0000000089f00000, 0x0000000089f00000| Untracked 
| 160|0x000000008a000000, 0x000000008a000000, 0x000000008a100000|  0%| F|  |TAMS 0x000000008a000000, 0x000000008a000000| Untracked 
| 161|0x000000008a100000, 0x000000008a100000, 0x000000008a200000|  0%| F|  |TAMS 0x000000008a100000, 0x000000008a100000| Untracked 
| 162|0x000000008a200000, 0x000000008a2ee770, 0x000000008a300000| 93%| E|CS|TAMS 0x000000008a200000, 0x000000008a2ee770| Complete 
| 163|0x000000008a300000, 0x000000008a400000, 0x000000008a400000|100%| E|CS|TAMS 0x000000008a300000, 0x000000008a400000| Complete 
| 164|0x000000008a400000, 0x000000008a500000, 0x000000008a500000|100%| E|CS|TAMS 0x000000008a400000, 0x000000008a500000| Complete 
| 165|0x000000008a500000, 0x000000008a600000, 0x000000008a600000|100%| E|CS|TAMS 0x000000008a500000, 0x000000008a600000| Complete 
| 166|0x000000008a600000, 0x000000008a700000, 0x000000008a700000|100%| E|CS|TAMS 0x000000008a600000, 0x000000008a700000| Complete 
| 167|0x000000008a700000, 0x000000008a800000, 0x000000008a800000|100%| E|CS|TAMS 0x000000008a700000, 0x000000008a800000| Complete 
| 168|0x000000008a800000, 0x000000008a900000, 0x000000008a900000|100%| E|CS|TAMS 0x000000008a800000, 0x000000008a900000| Complete 
| 169|0x000000008a900000, 0x000000008aa00000, 0x000000008aa00000|  0%| F|  |TAMS 0x000000008a900000, 0x000000008a900000| Complete 
| 170|0x000000008aa00000, 0x000000008aa00000, 0x000000008ab00000|  0%| F|  |TAMS 0x000000008aa00000, 0x000000008aa00000| Untracked 
| 171|0x000000008ab00000, 0x000000008ab00000, 0x000000008ac00000|  0%| F|  |TAMS 0x000000008ab00000, 0x000000008ab00000| Untracked 
| 172|0x000000008ac00000, 0x000000008ac00000, 0x000000008ad00000|  0%| F|  |TAMS 0x000000008ac00000, 0x000000008ac00000| Untracked 
| 173|0x000000008ad00000, 0x000000008ad00000, 0x000000008ae00000|  0%| F|  |TAMS 0x000000008ad00000, 0x000000008ad00000| Untracked 
| 174|0x000000008ae00000, 0x000000008ae00000, 0x000000008af00000|  0%| F|  |TAMS 0x000000008ae00000, 0x000000008ae00000| Untracked 
| 175|0x000000008af00000, 0x000000008af00000, 0x000000008b000000|  0%| F|  |TAMS 0x000000008af00000, 0x000000008af00000| Untracked 
| 176|0x000000008b000000, 0x000000008b000000, 0x000000008b100000|  0%| F|  |TAMS 0x000000008b000000, 0x000000008b000000| Untracked 
| 177|0x000000008b100000, 0x000000008b100000, 0x000000008b200000|  0%| F|  |TAMS 0x000000008b100000, 0x000000008b100000| Untracked 
| 178|0x000000008b200000, 0x000000008b200000, 0x000000008b300000|  0%| F|  |TAMS 0x000000008b200000, 0x000000008b200000| Untracked 
| 179|0x000000008b300000, 0x000000008b300000, 0x000000008b400000|  0%| F|  |TAMS 0x000000008b300000, 0x000000008b300000| Untracked 
| 180|0x000000008b400000, 0x000000008b400000, 0x000000008b500000|  0%| F|  |TAMS 0x000000008b400000, 0x000000008b400000| Untracked 
| 181|0x000000008b500000, 0x000000008b500000, 0x000000008b600000|  0%| F|  |TAMS 0x000000008b500000, 0x000000008b500000| Untracked 
| 182|0x000000008b600000, 0x000000008b600000, 0x000000008b700000|  0%| F|  |TAMS 0x000000008b600000, 0x000000008b600000| Untracked 
| 183|0x000000008b700000, 0x000000008b700000, 0x000000008b800000|  0%| F|  |TAMS 0x000000008b700000, 0x000000008b700000| Untracked 
| 184|0x000000008b800000, 0x000000008b800000, 0x000000008b900000|  0%| F|  |TAMS 0x000000008b800000, 0x000000008b800000| Untracked 
| 185|0x000000008b900000, 0x000000008b900000, 0x000000008ba00000|  0%| F|  |TAMS 0x000000008b900000, 0x000000008b900000| Untracked 
| 186|0x000000008ba00000, 0x000000008ba00000, 0x000000008bb00000|  0%| F|  |TAMS 0x000000008ba00000, 0x000000008ba00000| Untracked 
| 187|0x000000008bb00000, 0x000000008bb00000, 0x000000008bc00000|  0%| F|  |TAMS 0x000000008bb00000, 0x000000008bb00000| Untracked 
| 188|0x000000008bc00000, 0x000000008bc00000, 0x000000008bd00000|  0%| F|  |TAMS 0x000000008bc00000, 0x000000008bc00000| Untracked 
| 189|0x000000008bd00000, 0x000000008bd00000, 0x000000008be00000|  0%| F|  |TAMS 0x000000008bd00000, 0x000000008bd00000| Untracked 
| 190|0x000000008be00000, 0x000000008be00000, 0x000000008bf00000|  0%| F|  |TAMS 0x000000008be00000, 0x000000008be00000| Untracked 
| 191|0x000000008bf00000, 0x000000008bf00000, 0x000000008c000000|  0%| F|  |TAMS 0x000000008bf00000, 0x000000008bf00000| Untracked 
| 192|0x000000008c000000, 0x000000008c000000, 0x000000008c100000|  0%| F|  |TAMS 0x000000008c000000, 0x000000008c000000| Untracked 
| 193|0x000000008c100000, 0x000000008c1a29a0, 0x000000008c200000| 63%| S|CS|TAMS 0x000000008c100000, 0x000000008c100000| Complete 
| 194|0x000000008c200000, 0x000000008c300000, 0x000000008c300000|100%| S|CS|TAMS 0x000000008c200000, 0x000000008c200000| Complete 
| 195|0x000000008c300000, 0x000000008c400000, 0x000000008c400000|100%| S|CS|TAMS 0x000000008c300000, 0x000000008c300000| Complete 
| 196|0x000000008c400000, 0x000000008c500000, 0x000000008c500000|100%| S|CS|TAMS 0x000000008c400000, 0x000000008c400000| Complete 
| 197|0x000000008c500000, 0x000000008c600000, 0x000000008c600000|100%| S|CS|TAMS 0x000000008c500000, 0x000000008c500000| Complete 
| 198|0x000000008c600000, 0x000000008c700000, 0x000000008c700000|100%| S|CS|TAMS 0x000000008c600000, 0x000000008c600000| Complete 
| 199|0x000000008c700000, 0x000000008c800000, 0x000000008c800000|100%| S|CS|TAMS 0x000000008c700000, 0x000000008c700000| Complete 
| 200|0x000000008c800000, 0x000000008c900000, 0x000000008c900000|100%| S|CS|TAMS 0x000000008c800000, 0x000000008c800000| Complete 
| 201|0x000000008c900000, 0x000000008ca00000, 0x000000008ca00000|100%| S|CS|TAMS 0x000000008c900000, 0x000000008c900000| Complete 
| 202|0x000000008ca00000, 0x000000008cb00000, 0x000000008cb00000|100%| S|CS|TAMS 0x000000008ca00000, 0x000000008ca00000| Complete 
| 203|0x000000008cb00000, 0x000000008cb00000, 0x000000008cc00000|  0%| F|  |TAMS 0x000000008cb00000, 0x000000008cb00000| Untracked 
| 204|0x000000008cc00000, 0x000000008cc00000, 0x000000008cd00000|  0%| F|  |TAMS 0x000000008cc00000, 0x000000008cc00000| Untracked 
| 205|0x000000008cd00000, 0x000000008cd00000, 0x000000008ce00000|  0%| F|  |TAMS 0x000000008cd00000, 0x000000008cd00000| Untracked 
| 206|0x000000008ce00000, 0x000000008ce00000, 0x000000008cf00000|  0%| F|  |TAMS 0x000000008ce00000, 0x000000008ce00000| Untracked 
| 207|0x000000008cf00000, 0x000000008cf00000, 0x000000008d000000|  0%| F|  |TAMS 0x000000008cf00000, 0x000000008cf00000| Untracked 
| 208|0x000000008d000000, 0x000000008d000000, 0x000000008d100000|  0%| F|  |TAMS 0x000000008d000000, 0x000000008d000000| Untracked 
| 209|0x000000008d100000, 0x000000008d100000, 0x000000008d200000|  0%| F|  |TAMS 0x000000008d100000, 0x000000008d100000| Untracked 
| 210|0x000000008d200000, 0x000000008d200000, 0x000000008d300000|  0%| F|  |TAMS 0x000000008d200000, 0x000000008d200000| Untracked 
| 211|0x000000008d300000, 0x000000008d300000, 0x000000008d400000|  0%| F|  |TAMS 0x000000008d300000, 0x000000008d300000| Untracked 
| 212|0x000000008d400000, 0x000000008d400000, 0x000000008d500000|  0%| F|  |TAMS 0x000000008d400000, 0x000000008d400000| Untracked 
| 213|0x000000008d500000, 0x000000008d500000, 0x000000008d600000|  0%| F|  |TAMS 0x000000008d500000, 0x000000008d500000| Untracked 
| 214|0x000000008d600000, 0x000000008d600000, 0x000000008d700000|  0%| F|  |TAMS 0x000000008d600000, 0x000000008d600000| Untracked 
| 215|0x000000008d700000, 0x000000008d700000, 0x000000008d800000|  0%| F|  |TAMS 0x000000008d700000, 0x000000008d700000| Untracked 
| 216|0x000000008d800000, 0x000000008d800000, 0x000000008d900000|  0%| F|  |TAMS 0x000000008d800000, 0x000000008d800000| Untracked 
| 217|0x000000008d900000, 0x000000008d900000, 0x000000008da00000|  0%| F|  |TAMS 0x000000008d900000, 0x000000008d900000| Untracked 
| 218|0x000000008da00000, 0x000000008da00000, 0x000000008db00000|  0%| F|  |TAMS 0x000000008da00000, 0x000000008da00000| Untracked 
| 219|0x000000008db00000, 0x000000008db00000, 0x000000008dc00000|  0%| F|  |TAMS 0x000000008db00000, 0x000000008db00000| Untracked 
| 220|0x000000008dc00000, 0x000000008dc00000, 0x000000008dd00000|  0%| F|  |TAMS 0x000000008dc00000, 0x000000008dc00000| Untracked 
| 221|0x000000008dd00000, 0x000000008dd00000, 0x000000008de00000|  0%| F|  |TAMS 0x000000008dd00000, 0x000000008dd00000| Untracked 
| 222|0x000000008de00000, 0x000000008de00000, 0x000000008df00000|  0%| F|  |TAMS 0x000000008de00000, 0x000000008de00000| Untracked 
| 223|0x000000008df00000, 0x000000008df00000, 0x000000008e000000|  0%| F|  |TAMS 0x000000008df00000, 0x000000008df00000| Untracked 
| 224|0x000000008e000000, 0x000000008e000000, 0x000000008e100000|  0%| F|  |TAMS 0x000000008e000000, 0x000000008e000000| Untracked 
| 225|0x000000008e100000, 0x000000008e100000, 0x000000008e200000|  0%| F|  |TAMS 0x000000008e100000, 0x000000008e100000| Untracked 
| 226|0x000000008e200000, 0x000000008e200000, 0x000000008e300000|  0%| F|  |TAMS 0x000000008e200000, 0x000000008e200000| Untracked 
| 227|0x000000008e300000, 0x000000008e300000, 0x000000008e400000|  0%| F|  |TAMS 0x000000008e300000, 0x000000008e300000| Untracked 
| 228|0x000000008e400000, 0x000000008e400000, 0x000000008e500000|  0%| F|  |TAMS 0x000000008e400000, 0x000000008e400000| Untracked 
| 229|0x000000008e500000, 0x000000008e500000, 0x000000008e600000|  0%| F|  |TAMS 0x000000008e500000, 0x000000008e500000| Untracked 
| 230|0x000000008e600000, 0x000000008e600000, 0x000000008e700000|  0%| F|  |TAMS 0x000000008e600000, 0x000000008e600000| Untracked 
| 231|0x000000008e700000, 0x000000008e700000, 0x000000008e800000|  0%| F|  |TAMS 0x000000008e700000, 0x000000008e700000| Untracked 
| 232|0x000000008e800000, 0x000000008e800000, 0x000000008e900000|  0%| F|  |TAMS 0x000000008e800000, 0x000000008e800000| Untracked 
| 233|0x000000008e900000, 0x000000008e900000, 0x000000008ea00000|  0%| F|  |TAMS 0x000000008e900000, 0x000000008e900000| Untracked 
| 234|0x000000008ea00000, 0x000000008ea00000, 0x000000008eb00000|  0%| F|  |TAMS 0x000000008ea00000, 0x000000008ea00000| Untracked 
| 235|0x000000008eb00000, 0x000000008eb00000, 0x000000008ec00000|  0%| F|  |TAMS 0x000000008eb00000, 0x000000008eb00000| Untracked 
| 236|0x000000008ec00000, 0x000000008ec00000, 0x000000008ed00000|  0%| F|  |TAMS 0x000000008ec00000, 0x000000008ec00000| Untracked 
| 237|0x000000008ed00000, 0x000000008ed00000, 0x000000008ee00000|  0%| F|  |TAMS 0x000000008ed00000, 0x000000008ed00000| Untracked 
| 238|0x000000008ee00000, 0x000000008ee00000, 0x000000008ef00000|  0%| F|  |TAMS 0x000000008ee00000, 0x000000008ee00000| Untracked 
| 239|0x000000008ef00000, 0x000000008ef00000, 0x000000008f000000|  0%| F|  |TAMS 0x000000008ef00000, 0x000000008ef00000| Untracked 
| 240|0x000000008f000000, 0x000000008f000000, 0x000000008f100000|  0%| F|  |TAMS 0x000000008f000000, 0x000000008f000000| Untracked 
| 241|0x000000008f100000, 0x000000008f100000, 0x000000008f200000|  0%| F|  |TAMS 0x000000008f100000, 0x000000008f100000| Untracked 
| 242|0x000000008f200000, 0x000000008f200000, 0x000000008f300000|  0%| F|  |TAMS 0x000000008f200000, 0x000000008f200000| Untracked 
| 243|0x000000008f300000, 0x000000008f300000, 0x000000008f400000|  0%| F|  |TAMS 0x000000008f300000, 0x000000008f300000| Untracked 
| 244|0x000000008f400000, 0x000000008f400000, 0x000000008f500000|  0%| F|  |TAMS 0x000000008f400000, 0x000000008f400000| Untracked 
| 245|0x000000008f500000, 0x000000008f580000, 0x000000008f600000| 50%| E|  |TAMS 0x000000008f500000, 0x000000008f500000| Complete 

Card table byte_map: [0x000001f4b4150000,0x000001f4b4550000] _byte_map_base: 0x000001f4b3d50000

Marking Bits (Prev, Next): (CMBitMap*) 0x000001f4a0d08340, (CMBitMap*) 0x000001f4a0d08308
 Prev Bits: [0x000001f4b6950000, 0x000001f4b8950000)
 Next Bits: [0x000001f4b4950000, 0x000001f4b6950000)

Polling page: 0x000001f49ec40000

Metaspace:

Usage:
  Non-class:     30.12 MB capacity,    29.42 MB ( 98%) used,   621.92 KB (  2%) free+waste,    91.50 KB ( <1%) overhead. 
      Class:      4.97 MB capacity,     4.57 MB ( 92%) used,   358.76 KB (  7%) free+waste,    46.19 KB ( <1%) overhead. 
       Both:     35.08 MB capacity,    33.99 MB ( 97%) used,   980.68 KB (  3%) free+waste,   137.69 KB ( <1%) overhead. 

Virtual space:
  Non-class space:       32.00 MB reserved,      30.33 MB ( 95%) committed 
      Class space:        1.00 GB reserved,       5.00 MB ( <1%) committed 
             Both:        1.03 GB reserved,      35.33 MB (  3%) committed 

Chunk freelists:
   Non-Class:  56.00 KB
       Class:  2.00 KB
        Both:  58.00 KB

MaxMetaspaceSize: 17179869184.00 GB
CompressedClassSpaceSize: 1.00 GB
Initial GC threshold: 20.80 MB
Current GC threshold: 35.40 MB
CDS: off

CodeHeap 'non-profiled nmethods': size=120000Kb used=1710Kb max_used=1710Kb free=118289Kb
 bounds [0x000001f4ac2c0000, 0x000001f4ac530000, 0x000001f4b37f0000]
CodeHeap 'profiled nmethods': size=120000Kb used=6449Kb max_used=6449Kb free=113550Kb
 bounds [0x000001f4a4d90000, 0x000001f4a53e0000, 0x000001f4ac2c0000]
CodeHeap 'non-nmethods': size=5760Kb used=1261Kb max_used=1327Kb free=4498Kb
 bounds [0x000001f4a47f0000, 0x000001f4a4a60000, 0x000001f4a4d90000]
 total_blobs=3549 nmethods=3028 adapters=431
 compilation: enabled
              stopped_count=0, restarted_count=0
 full_count=0

Compilation events (20 events):
Event: 4.364 Thread 0x000001f4bbea3000 2990       3       java.util.Spliterators$IteratorSpliterator::estimateSize (41 bytes)
Event: 4.365 Thread 0x000001f4bbea3000 nmethod 2990 0x000001f4a53c9790 code [0x000001f4a53c9960, 0x000001f4a53c9c98]
Event: 4.365 Thread 0x000001f4bbea3000 2991       3       java.util.ImmutableCollections$Set12::iterator (9 bytes)
Event: 4.365 Thread 0x000001f4bbea3000 nmethod 2991 0x000001f4a53c9d90 code [0x000001f4a53c9f60, 0x000001f4a53ca298]
Event: 4.365 Thread 0x000001f4bbea3000 2992       3       java.util.ImmutableCollections$Set12$1::<init> (21 bytes)
Event: 4.365 Thread 0x000001f4bbea3000 nmethod 2992 0x000001f4a53ca390 code [0x000001f4a53ca560, 0x000001f4a53ca7d8]
Event: 4.367 Thread 0x000001f4bbea3000 2993       3       org.codehaus.groovy.vmplugin.v9.Java9::isOpen (21 bytes)
Event: 4.367 Thread 0x000001f4bbea3000 nmethod 2993 0x000001f4a53ca910 code [0x000001f4a53cab40, 0x000001f4a53cb238]
Event: 4.367 Thread 0x000001f4bbea3000 2994       3       org.codehaus.groovy.vmplugin.v9.Java9$$Lambda$388/0x00000001004ee040::get$Lambda (9 bytes)
Event: 4.367 Thread 0x000001f4bbea3000 nmethod 2994 0x000001f4a53cb490 code [0x000001f4a53cb660, 0x000001f4a53cb8b8]
Event: 4.367 Thread 0x000001f4bbea3000 2995       3       org.codehaus.groovy.vmplugin.v9.Java9$$Lambda$388/0x00000001004ee040::<init> (10 bytes)
Event: 4.367 Thread 0x000001f4bbea3000 nmethod 2995 0x000001f4a53cb990 code [0x000001f4a53cbb40, 0x000001f4a53cbcf8]
Event: 4.367 Thread 0x000001f4bbea3000 2996       3       org.codehaus.groovy.vmplugin.v9.Java9::isExported (21 bytes)
Event: 4.368 Thread 0x000001f4bbea3000 nmethod 2996 0x000001f4a53cbd90 code [0x000001f4a53cbfc0, 0x000001f4a53cc6b8]
Event: 4.368 Thread 0x000001f4bbea3000 2997       3       org.codehaus.groovy.vmplugin.v9.Java9$$Lambda$389/0x00000001004ee440::get$Lambda (9 bytes)
Event: 4.368 Thread 0x000001f4bbea3000 nmethod 2997 0x000001f4a53cc910 code [0x000001f4a53ccae0, 0x000001f4a53ccd38]
Event: 4.371 Thread 0x000001f4bbea3000 2999       3       org.codehaus.groovy.vmplugin.v9.Java9$$Lambda$388/0x00000001004ee040::test (12 bytes)
Event: 4.371 Thread 0x000001f4bbea3000 nmethod 2999 0x000001f4a53cce10 code [0x000001f4a53ccfe0, 0x000001f4a53cd1e8]
Event: 4.371 Thread 0x000001f4bbea3000 3000       3       org.codehaus.groovy.vmplugin.v9.Java9::lambda$isOpen$12 (24 bytes)
Event: 4.371 Thread 0x000001f4bbea3000 nmethod 3000 0x000001f4a53cd290 code [0x000001f4a53cd480, 0x000001f4a53cd7d8]

GC Heap History (8 events):
Event: 0.758 GC heap before
{Heap before GC invocations=0 (full 0):
 garbage-first heap   total 251904K, used 29696K [0x0000000080000000, 0x0000000100000000)
  region size 1024K, 24 young (24576K), 0 survivors (0K)
 Metaspace       used 10084K, capacity 10327K, committed 10624K, reserved 1058816K
  class space    used 1024K, capacity 1106K, committed 1152K, reserved 1048576K
}
Event: 0.763 GC heap after
{Heap after GC invocations=1 (full 0):
 garbage-first heap   total 251904K, used 9534K [0x0000000080000000, 0x0000000100000000)
  region size 1024K, 3 young (3072K), 3 survivors (3072K)
 Metaspace       used 10084K, capacity 10327K, committed 10624K, reserved 1058816K
  class space    used 1024K, capacity 1106K, committed 1152K, reserved 1048576K
}
Event: 2.706 GC heap before
{Heap before GC invocations=1 (full 0):
 garbage-first heap   total 251904K, used 106814K [0x0000000080000000, 0x0000000100000000)
  region size 1024K, 98 young (100352K), 3 survivors (3072K)
 Metaspace       used 20798K, capacity 21220K, committed 21296K, reserved 1069056K
  class space    used 2516K, capacity 2667K, committed 2688K, reserved 1048576K
}
Event: 2.717 GC heap after
{Heap after GC invocations=2 (full 0):
 garbage-first heap   total 251904K, used 17556K [0x0000000080000000, 0x0000000100000000)
  region size 1024K, 11 young (11264K), 11 survivors (11264K)
 Metaspace       used 20798K, capacity 21220K, committed 21296K, reserved 1069056K
  class space    used 2516K, capacity 2667K, committed 2688K, reserved 1048576K
}
Event: 2.948 GC heap before
{Heap before GC invocations=3 (full 0):
 garbage-first heap   total 251904K, used 42132K [0x0000000080000000, 0x0000000100000000)
  region size 1024K, 35 young (35840K), 11 survivors (11264K)
 Metaspace       used 22955K, capacity 23535K, committed 23856K, reserved 1071104K
  class space    used 2898K, capacity 3082K, committed 3200K, reserved 1048576K
}
Event: 2.954 GC heap after
{Heap after GC invocations=4 (full 0):
 garbage-first heap   total 251904K, used 18393K [0x0000000080000000, 0x0000000100000000)
  region size 1024K, 2 young (2048K), 2 survivors (2048K)
 Metaspace       used 22955K, capacity 23535K, committed 23856K, reserved 1071104K
  class space    used 2898K, capacity 3082K, committed 3200K, reserved 1048576K
}
Event: 3.824 GC heap before
{Heap before GC invocations=4 (full 0):
 garbage-first heap   total 251904K, used 113625K [0x0000000080000000, 0x0000000100000000)
  region size 1024K, 76 young (77824K), 2 survivors (2048K)
 Metaspace       used 29700K, capacity 30669K, committed 30896K, reserved 1075200K
  class space    used 3944K, capacity 4291K, committed 4352K, reserved 1048576K
}
Event: 3.827 GC heap after
{Heap after GC invocations=5 (full 0):
 garbage-first heap   total 251904K, used 45714K [0x0000000080000000, 0x0000000100000000)
  region size 1024K, 8 young (8192K), 8 survivors (8192K)
 Metaspace       used 29700K, capacity 30669K, committed 30896K, reserved 1075200K
  class space    used 3944K, capacity 4291K, committed 4352K, reserved 1048576K
}

Deoptimization events (20 events):
Event: 4.257 Thread 0x000001f4be3ce800 Uncommon trap: trap_request=0xffffff4d fr.pc=0x000001f4ac43c65c relative=0x000000000000067c
Event: 4.257 Thread 0x000001f4be3ce800 Uncommon trap: reason=unstable_if action=reinterpret pc=0x000001f4ac43c65c method=java.lang.Class.getPackageName()Ljava/lang/String; @ 55 c2
Event: 4.257 Thread 0x000001f4be3ce800 DEOPT PACKING pc=0x000001f4ac43c65c sp=0x000000db923f7ff0
Event: 4.257 Thread 0x000001f4be3ce800 DEOPT UNPACKING pc=0x000001f4a483a1af sp=0x000000db923f7fb0 mode 2
Event: 4.286 Thread 0x000001f4be3ce800 Uncommon trap: trap_request=0xffffffc6 fr.pc=0x000001f4ac4166ac relative=0x000000000000022c
Event: 4.287 Thread 0x000001f4be3ce800 Uncommon trap: reason=bimorphic_or_optimized_type_check action=maybe_recompile pc=0x000001f4ac4166ac method=java.io.BufferedInputStream.read([BII)I @ 101 c2
Event: 4.287 Thread 0x000001f4be3ce800 DEOPT PACKING pc=0x000001f4ac4166ac sp=0x000000db923f74d0
Event: 4.287 Thread 0x000001f4be3ce800 DEOPT UNPACKING pc=0x000001f4a483a1af sp=0x000000db923f7488 mode 2
Event: 4.287 Thread 0x000001f4be3ce800 Uncommon trap: trap_request=0xffffffc6 fr.pc=0x000001f4ac4166ac relative=0x000000000000022c
Event: 4.287 Thread 0x000001f4be3ce800 Uncommon trap: reason=bimorphic_or_optimized_type_check action=maybe_recompile pc=0x000001f4ac4166ac method=java.io.BufferedInputStream.read([BII)I @ 101 c2
Event: 4.287 Thread 0x000001f4be3ce800 DEOPT PACKING pc=0x000001f4ac4166ac sp=0x000000db923f74d0
Event: 4.287 Thread 0x000001f4be3ce800 DEOPT UNPACKING pc=0x000001f4a483a1af sp=0x000000db923f7488 mode 2
Event: 4.287 Thread 0x000001f4be3ce800 Uncommon trap: trap_request=0xffffffc6 fr.pc=0x000001f4ac4166ac relative=0x000000000000022c
Event: 4.287 Thread 0x000001f4be3ce800 Uncommon trap: reason=bimorphic_or_optimized_type_check action=maybe_recompile pc=0x000001f4ac4166ac method=java.io.BufferedInputStream.read([BII)I @ 101 c2
Event: 4.287 Thread 0x000001f4be3ce800 DEOPT PACKING pc=0x000001f4ac4166ac sp=0x000000db923f74d0
Event: 4.287 Thread 0x000001f4be3ce800 DEOPT UNPACKING pc=0x000001f4a483a1af sp=0x000000db923f7488 mode 2
Event: 4.288 Thread 0x000001f4be3ce800 Uncommon trap: trap_request=0xffffffc6 fr.pc=0x000001f4ac4166ac relative=0x000000000000022c
Event: 4.288 Thread 0x000001f4be3ce800 Uncommon trap: reason=bimorphic_or_optimized_type_check action=maybe_recompile pc=0x000001f4ac4166ac method=java.io.BufferedInputStream.read([BII)I @ 101 c2
Event: 4.288 Thread 0x000001f4be3ce800 DEOPT PACKING pc=0x000001f4ac4166ac sp=0x000000db923f74d0
Event: 4.288 Thread 0x000001f4be3ce800 DEOPT UNPACKING pc=0x000001f4a483a1af sp=0x000000db923f7488 mode 2

Classes redefined (0 events):
No events

Internal exceptions (20 events):
Event: 3.609 Thread 0x000001f4be3ce800 Exception <a 'java/lang/NoSuchMethodError'{0x000000008c37be88}: <clinit>> (0x000000008c37be88) thrown at [src/hotspot/share/prims/jni.cpp, line 1367]
Event: 3.609 Thread 0x000001f4be3ce800 Exception <a 'java/lang/NoSuchMethodError'{0x000000008c37d520}: <clinit>> (0x000000008c37d520) thrown at [src/hotspot/share/prims/jni.cpp, line 1367]
Event: 3.609 Thread 0x000001f4be3ce800 Exception <a 'java/lang/NoSuchMethodError'{0x000000008c37e7b0}: <clinit>> (0x000000008c37e7b0) thrown at [src/hotspot/share/prims/jni.cpp, line 1367]
Event: 3.630 Thread 0x000001f4be3ce800 Exception <a 'java/lang/NoSuchMethodError'{0x000000008c1e7508}: 'java.lang.Object java.lang.invoke.Invokers$Holder.linkToTargetMethod(java.lang.Object, int, java.lang.Object)'> (0x000000008c1e7508) thrown at [src/hotspot/share/interpreter/linkResolver.cpp, line 773]
Event: 3.689 Thread 0x000001f4be3ce800 Implicit null exception at 0x000001f4ac358e75 to 0x000001f4ac359af2
Event: 3.793 Thread 0x000001f4be3ce800 Exception <a 'java/lang/NoSuchMethodError'{0x000000008ad7c008}: 'java.lang.Object java.lang.invoke.DirectMethodHandle$Holder.invokeSpecialIFC(java.lang.Object, java.lang.Object, java.lang.Object, java.lang.Object)'> (0x000000008ad7c008) thrown at [src/hotspot/share/interpreter/linkResolver.cpp, line 773]
Event: 3.899 Thread 0x000001f4be3ce800 Implicit null exception at 0x000001f4ac3bb4f5 to 0x000001f4ac3bb6a4
Event: 3.937 Thread 0x000001f4be3ce800 Exception <a 'java/lang/NoSuchMethodError'{0x000000008eddf6f0}: 'java.lang.Object java.lang.invoke.DirectMethodHandle$Holder.invokeSpecial(java.lang.Object, java.lang.Object, java.lang.Object, java.lang.Object, java.lang.Object, java.lang.Object, java.lang.Object, java.lang.Object, java.lang.Object, java.lang.Object, java.lang.Object, java.lang.Object, java.lang.Object)'> (0x000000008eddf6f0) thrown at [src/hotspot/share/interpreter/linkResolver.cpp, line 773]
Event: 3.937 Thread 0x000001f4be3ce800 Exception <a 'java/lang/NoSuchMethodError'{0x000000008edf07f8}: 'java.lang.Object java.lang.invoke.DirectMethodHandle$Holder.invokeSpecial(java.lang.Object, java.lang.Object, java.lang.Object, java.lang.Object, java.lang.Object, java.lang.Object, java.lang.Object, java.lang.Object, java.lang.Object, java.lang.Object, java.lang.Object, java.lang.Object)'> (0x000000008edf07f8) thrown at [src/hotspot/share/interpreter/linkResolver.cpp, line 773]
Event: 3.938 Thread 0x000001f4be3ce800 Exception <a 'java/lang/NoSuchMethodError'{0x000000008edf5bc8}: 'java.lang.Object java.lang.invoke.Invokers$Holder.linkToTargetMethod(java.lang.Object, java.lang.Object, java.lang.Object, java.lang.Object, java.lang.Object, java.lang.Object, java.lang.Object, java.lang.Object, java.lang.Object, java.lang.Object, java.lang.Object)'> (0x000000008edf5bc8) thrown at [src/hotspot/share/interpreter/linkResolver.cpp, line 773]
Event: 3.942 Thread 0x000001f4be3ce800 Exception <a 'java/lang/NoSuchMethodError'{0x000000008ec9ecb8}: 'java.lang.Object java.lang.invoke.DirectMethodHandle$Holder.invokeSpecial(java.lang.Object, java.lang.Object, java.lang.Object, java.lang.Object, java.lang.Object, java.lang.Object, java.lang.Object, java.lang.Object, java.lang.Object, java.lang.Object, java.lang.Object, java.lang.Object, java.lang.Object, java.lang.Object)'> (0x000000008ec9ecb8) thrown at [src/hotspot/share/interpreter/linkResolver.cpp, line 773]
Event: 3.943 Thread 0x000001f4be3ce800 Exception <a 'java/lang/NoSuchMethodError'{0x000000008ecb05d8}: 'java.lang.Object java.lang.invoke.Invokers$Holder.linkToTargetMethod(java.lang.Object, java.lang.Object, java.lang.Object, java.lang.Object, java.lang.Object, java.lang.Object, java.lang.Object, java.lang.Object, java.lang.Object, java.lang.Object, java.lang.Object, java.lang.Object)'> (0x000000008ecb05d8) thrown at [src/hotspot/share/interpreter/linkResolver.cpp, line 773]
Event: 3.958 Thread 0x000001f4be3ce800 Exception <a 'java/lang/NoSuchMethodError'{0x000000008ebcf740}: 'java.lang.Object java.lang.invoke.DirectMethodHandle$Holder.invokeStaticInit(java.lang.Object, java.lang.Object, java.lang.Object, java.lang.Object)'> (0x000000008ebcf740) thrown at [src/hotspot/share/interpreter/linkResolver.cpp, line 773]
Event: 4.046 Thread 0x000001f4be3ce800 Exception <a 'java/lang/NoSuchMethodError'{0x000000008e2feb48}: 'java.lang.Object java.lang.invoke.Invokers$Holder.linkToTargetMethod(java.lang.Object, java.lang.Object, java.lang.Object, java.lang.Object, java.lang.Object, java.lang.Object, java.lang.Object, java.lang.Object)'> (0x000000008e2feb48) thrown at [src/hotspot/share/interpreter/linkResolver.cpp, line 773]
Event: 4.053 Thread 0x000001f4be3ce800 Exception <a 'java/lang/IncompatibleClassChangeError'{0x000000008e193998}: Found class java.lang.Object, but interface was expected> (0x000000008e193998) thrown at [src/hotspot/share/interpreter/linkResolver.cpp, line 839]
Event: 4.224 Thread 0x000001f4be3ce800 Exception <a 'java/lang/NoSuchMethodError'{0x000000008d34d780}: 'java.lang.Object java.lang.invoke.Invokers$Holder.linkToTargetMethod(java.lang.Object, long, java.lang.Object)'> (0x000000008d34d780) thrown at [src/hotspot/share/interpreter/linkResolver.cpp, line 773]
Event: 4.232 Thread 0x000001f4be3ce800 Exception <a 'java/lang/NoSuchMethodError'{0x000000008d39d0f0}: 'int java.lang.invoke.DirectMethodHandle$Holder.invokeStatic(java.lang.Object, java.lang.Object, java.lang.Object, java.lang.Object, java.lang.Object)'> (0x000000008d39d0f0) thrown at [src/hotspot/share/interpreter/linkResolver.cpp, line 773]
Event: 4.341 Thread 0x000001f4be3ce800 Exception <a 'java/lang/NoSuchMethodError'{0x000000008cc37588}: 'void java.lang.invoke.DirectMethodHandle$Holder.invokeStaticInit(java.lang.Object, java.lang.Object, java.lang.Object)'> (0x000000008cc37588) thrown at [src/hotspot/share/interpreter/linkResolver.cpp, line 773]
Event: 4.342 Thread 0x000001f4be3ce800 Exception <a 'java/lang/NoSuchMethodError'{0x000000008cc3ea88}: 'void java.lang.invoke.DirectMethodHandle$Holder.invokeStaticInit(java.lang.Object, java.lang.Object, java.lang.Object, java.lang.Object)'> (0x000000008cc3ea88) thrown at [src/hotspot/share/interpreter/linkResolver.cpp, line 773]
Event: 4.345 Thread 0x000001f4be3ce800 Exception <a 'java/lang/NoSuchMethodError'{0x000000008cc61468}: 'void java.lang.invoke.DirectMethodHandle$Holder.invokeStaticInit(java.lang.Object, java.lang.Object, java.lang.Object, java.lang.Object, java.lang.Object)'> (0x000000008cc61468) thrown at [src/hotspot/share/interpreter/linkResolver.cpp, line 773]

Events (20 events):
Event: 4.330 loading class org/codehaus/groovy/ast/Variable
Event: 4.330 loading class org/codehaus/groovy/ast/Variable done
Event: 4.330 loading class org/codehaus/groovy/ast/MethodNode
Event: 4.330 loading class org/codehaus/groovy/ast/MethodNode done
Event: 4.331 loading class org/codehaus/groovy/ast/ConstructorNode
Event: 4.331 loading class org/codehaus/groovy/ast/ConstructorNode done
Event: 4.331 loading class org/codehaus/groovy/ast/ClassNode
Event: 4.331 loading class org/codehaus/groovy/ast/ClassNode done
Event: 4.332 loading class org/codehaus/groovy/ast/PackageNode
Event: 4.332 loading class org/codehaus/groovy/ast/PackageNode done
Event: 4.333 loading class org/codehaus/groovy/ast/Parameter
Event: 4.333 loading class org/codehaus/groovy/ast/Parameter done
Event: 4.333 loading class java/lang/IllegalCallerException
Event: 4.333 loading class java/lang/IllegalCallerException done
Event: 4.334 loading class jdk/internal/module/SystemModules$all
Event: 4.336 loading class jdk/internal/module/SystemModules$all done
Event: 4.340 loading class java/util/Spliterators$IteratorSpliterator
Event: 4.340 loading class java/util/Spliterators$IteratorSpliterator done
Event: 4.386 loading class groovy/lang/Tuple
Event: 4.386 loading class groovy/lang/Tuple done


Dynamic libraries:
0x00007ff6c8660000 - 0x00007ff6c866a000 	D:\androidstudio\jbr\bin\java.exe
0x00007fff41040000 - 0x00007fff41249000 	C:\Windows\SYSTEM32\ntdll.dll
0x00007fff3f600000 - 0x00007fff3f6be000 	C:\Windows\System32\KERNEL32.DLL
0x00007fff3e8b0000 - 0x00007fff3ec2b000 	C:\Windows\System32\KERNELBASE.dll
0x00007fff3ec30000 - 0x00007fff3ed41000 	C:\Windows\System32\ucrtbase.dll
0x00007fff2a530000 - 0x00007fff2a547000 	D:\androidstudio\jbr\bin\jli.dll
0x00007fff2a130000 - 0x00007fff2a14b000 	D:\androidstudio\jbr\bin\VCRUNTIME140.dll
0x00007fff3eec0000 - 0x00007fff3f06d000 	C:\Windows\System32\USER32.dll
0x00007fff3e760000 - 0x00007fff3e786000 	C:\Windows\System32\win32u.dll
0x00007fff3f6e0000 - 0x00007fff3f709000 	C:\Windows\System32\GDI32.dll
0x00007fff36cf0000 - 0x00007fff36f95000 	C:\Windows\WinSxS\amd64_microsoft.windows.common-controls_6595b64144ccf1df_6.0.22000.120_none_9d947278b86cc467\COMCTL32.dll
0x00007fff3e790000 - 0x00007fff3e8a8000 	C:\Windows\System32\gdi32full.dll
0x00007fff3e510000 - 0x00007fff3e5ad000 	C:\Windows\System32\msvcp_win.dll
0x00007fff3f0e0000 - 0x00007fff3f183000 	C:\Windows\System32\msvcrt.dll
0x00007fff40b50000 - 0x00007fff40b82000 	C:\Windows\System32\IMM32.DLL
0x00007fff2a000000 - 0x00007fff2a00c000 	D:\androidstudio\jbr\bin\vcruntime140_1.dll
0x00007ffef16c0000 - 0x00007ffef174d000 	D:\androidstudio\jbr\bin\msvcp140.dll
0x00007ffee9f80000 - 0x00007ffeeab3c000 	D:\androidstudio\jbr\bin\server\jvm.dll
0x00007fff40070000 - 0x00007fff4011e000 	C:\Windows\System32\ADVAPI32.dll
0x00007fff3f270000 - 0x00007fff3f30e000 	C:\Windows\System32\sechost.dll
0x00007fff40a00000 - 0x00007fff40b20000 	C:\Windows\System32\RPCRT4.dll
0x00007fff40b20000 - 0x00007fff40b28000 	C:\Windows\System32\PSAPI.DLL
0x00007ffed1e90000 - 0x00007ffed1e99000 	C:\Windows\SYSTEM32\WSOCK32.dll
0x00007fff3bdf0000 - 0x00007fff3be23000 	C:\Windows\SYSTEM32\WINMM.dll
0x00007fff353a0000 - 0x00007fff353aa000 	C:\Windows\SYSTEM32\VERSION.dll
0x00007fff3f530000 - 0x00007fff3f59f000 	C:\Windows\System32\WS2_32.dll
0x00007fff3d600000 - 0x00007fff3d618000 	C:\Windows\SYSTEM32\kernel.appcore.dll
0x00007fff346c0000 - 0x00007fff346d0000 	D:\androidstudio\jbr\bin\verify.dll
0x00007fff3b830000 - 0x00007fff3ba51000 	C:\Windows\SYSTEM32\DBGHELP.DLL
0x00007fff364c0000 - 0x00007fff364f1000 	C:\Windows\SYSTEM32\dbgcore.DLL
0x00007fff3e5b0000 - 0x00007fff3e62f000 	C:\Windows\System32\bcryptPrimitives.dll
0x00007fff2b050000 - 0x00007fff2b078000 	D:\androidstudio\jbr\bin\java.dll
0x00007fff345a0000 - 0x00007fff345aa000 	D:\androidstudio\jbr\bin\jimage.dll
0x00007fff2cc90000 - 0x00007fff2cca8000 	D:\androidstudio\jbr\bin\zip.dll
0x00007fff3f8b0000 - 0x00007fff40067000 	C:\Windows\System32\SHELL32.dll
0x00007fff3c600000 - 0x00007fff3ce65000 	C:\Windows\SYSTEM32\windows.storage.dll
0x00007fff40210000 - 0x00007fff40588000 	C:\Windows\System32\combase.dll
0x00007fff3c490000 - 0x00007fff3c5f6000 	C:\Windows\SYSTEM32\wintypes.dll
0x00007fff3f710000 - 0x00007fff3f7fa000 	C:\Windows\System32\SHCORE.dll
0x00007fff3f070000 - 0x00007fff3f0cd000 	C:\Windows\System32\shlwapi.dll
0x00007fff3e440000 - 0x00007fff3e461000 	C:\Windows\SYSTEM32\profapi.dll
0x00007fff2b030000 - 0x00007fff2b049000 	D:\androidstudio\jbr\bin\net.dll
0x00007fff393f0000 - 0x00007fff39504000 	C:\Windows\SYSTEM32\WINHTTP.dll
0x00007fff3daa0000 - 0x00007fff3db07000 	C:\Windows\system32\mswsock.dll
0x00007fff2aa30000 - 0x00007fff2aa43000 	D:\androidstudio\jbr\bin\nio.dll
0x00007fff217d0000 - 0x00007fff217f7000 	C:\Users\Borja Chacon\.gradle\native\e1d6ef7f7dcc3fd88c89a11ec53ec762bb8ba0a96d01ffa2cd45eb1d1d8dd5c5\windows-amd64\native-platform.dll
0x00007ffeee860000 - 0x00007ffeee9a4000 	C:\Users\Borja Chacon\.gradle\native\0d407fdbe67a94daf76414ababcb853783967236a71b16ec16e742cd7a986fd3\windows-amd64\native-platform-file-events.dll
0x00007fff2ea90000 - 0x00007fff2ea9a000 	D:\androidstudio\jbr\bin\management.dll
0x00007fff2ea40000 - 0x00007fff2ea4b000 	D:\androidstudio\jbr\bin\management_ext.dll
0x00007fff3dce0000 - 0x00007fff3dcf8000 	C:\Windows\SYSTEM32\CRYPTSP.dll
0x00007fff3d560000 - 0x00007fff3d595000 	C:\Windows\system32\rsaenh.dll
0x00007fff3db90000 - 0x00007fff3dbb9000 	C:\Windows\SYSTEM32\USERENV.dll
0x00007fff3de70000 - 0x00007fff3de97000 	C:\Windows\SYSTEM32\bcrypt.dll
0x00007fff3dd00000 - 0x00007fff3dd0c000 	C:\Windows\SYSTEM32\CRYPTBASE.dll
0x00007fff3d0c0000 - 0x00007fff3d0ed000 	C:\Windows\SYSTEM32\IPHLPAPI.DLL
0x00007fff3f890000 - 0x00007fff3f899000 	C:\Windows\System32\NSI.dll
0x00007fff39300000 - 0x00007fff39319000 	C:\Windows\SYSTEM32\dhcpcsvc6.DLL
0x00007fff39610000 - 0x00007fff3962e000 	C:\Windows\SYSTEM32\dhcpcsvc.DLL
0x00007fff3d0f0000 - 0x00007fff3d1d8000 	C:\Windows\SYSTEM32\DNSAPI.dll

dbghelp: loaded successfully - version: 4.0.5 - missing functions: none
symbol engine: initialized successfully - sym options: 0x614 - pdb path: .;D:\androidstudio\jbr\bin;C:\Windows\SYSTEM32;C:\Windows\WinSxS\amd64_microsoft.windows.common-controls_6595b64144ccf1df_6.0.22000.120_none_9d947278b86cc467;D:\androidstudio\jbr\bin\server;C:\Users\Borja Chacon\.gradle\native\e1d6ef7f7dcc3fd88c89a11ec53ec762bb8ba0a96d01ffa2cd45eb1d1d8dd5c5\windows-amd64;C:\Users\Borja Chacon\.gradle\native\0d407fdbe67a94daf76414ababcb853783967236a71b16ec16e742cd7a986fd3\windows-amd64

VM Arguments:
jvm_args: --add-opens=java.base/java.util=ALL-UNNAMED --add-opens=java.base/java.lang=ALL-UNNAMED --add-opens=java.base/java.lang.invoke=ALL-UNNAMED --add-opens=java.base/java.util=ALL-UNNAMED --add-opens=java.prefs/java.util.prefs=ALL-UNNAMED --add-opens=java.prefs/java.util.prefs=ALL-UNNAMED --add-opens=java.base/java.nio.charset=ALL-UNNAMED --add-opens=java.base/java.net=ALL-UNNAMED --add-opens=java.base/java.util.concurrent.atomic=ALL-UNNAMED -Xmx2048m -Dfile.encoding=UTF-8 -Duser.country=ES -Duser.language=es -Duser.variant 
java_command: org.gradle.launcher.daemon.bootstrap.GradleDaemon 7.5
java_class_path (initial): C:\Users\Borja Chacon\.gradle\wrapper\dists\gradle-7.5-bin\f1w0cc9nuo0eivz97x2xlu9sv\gradle-7.5\lib\gradle-launcher-7.5.jar
Launcher Type: SUN_STANDARD

[Global flags]
     intx CICompilerCount                          = 4                                         {product} {ergonomic}
     uint ConcGCThreads                            = 3                                         {product} {ergonomic}
     uint G1ConcRefinementThreads                  = 10                                        {product} {ergonomic}
   size_t G1HeapRegionSize                         = 1048576                                   {product} {ergonomic}
    uintx GCDrainStackTargetSize                   = 64                                        {product} {ergonomic}
   size_t InitialHeapSize                          = 257949696                                 {product} {ergonomic}
   size_t MarkStackSize                            = 4194304                                   {product} {ergonomic}
   size_t MaxHeapSize                              = 2147483648                                {product} {command line}
   size_t MaxNewSize                               = 1287651328                                {product} {ergonomic}
   size_t MinHeapDeltaBytes                        = 1048576                                   {product} {ergonomic}
    uintx NonNMethodCodeHeapSize                   = 5836300                                {pd product} {ergonomic}
    uintx NonProfiledCodeHeapSize                  = 122910970                              {pd product} {ergonomic}
    uintx ProfiledCodeHeapSize                     = 122910970                              {pd product} {ergonomic}
    uintx ReservedCodeCacheSize                    = 251658240                              {pd product} {ergonomic}
     bool SegmentedCodeCache                       = true                                      {product} {ergonomic}
     bool UseCompressedClassPointers               = true                                 {lp64_product} {ergonomic}
     bool UseCompressedOops                        = true                                 {lp64_product} {ergonomic}
     bool UseG1GC                                  = true                                      {product} {ergonomic}
     bool UseLargePagesIndividualAllocation        = false                                  {pd product} {ergonomic}

Logging:
Log output configuration:
 #0: stdout all=warning uptime,level,tags
 #1: stderr all=off uptime,level,tags

Environment Variables:
PATH=C:\Program Files\Common Files\Oracle\Java\javapath;C:\Windows\System32\HWAudioDriverLibs;C:\Windows\system32;C:\Windows;C:\Windows\System32\Wbem;C:\Windows\System32\WindowsPowerShell\v1.0\;C:\Windows\System32\OpenSSH\;C:\Users\Administrator\AppData\Local\Microsoft\WindowsApps;C:\Program Files\Git\cmd;C:\Program Files\dotnet\;C:\Users\Borja Chacon\AppData\Local\Microsoft\WindowsApps;D:\PyCharm Community Edition 2022.2.3\bin;D:\IntelliJ IDEA Community Edition 2022.2.3\bin;C:\Users\Borja Chacon\.dotnet\tools;C:\Users\Borja Chacon\AppData\Local\JetBrains\Toolbox\scripts;C:\Users\Borja Chacon\.dotnet\tools
USERNAME=Borja Chacon
OS=Windows_NT
PROCESSOR_IDENTIFIER=AMD64 Family 25 Model 80 Stepping 0, AuthenticAMD



---------------  S Y S T E M  ---------------

OS: Windows 11 , 64 bit Build 22000 (10.0.22000.1335)
OS uptime: 7 days 0:03 hours

CPU:total 12 (initial active 12) (12 cores per cpu, 2 threads per core) family 25 model 80 stepping 0 microcode 0x0, cmov, cx8, fxsr, mmx, sse, sse2, sse3, ssse3, sse4.1, sse4.2, popcnt, avx, avx2, aes, clmul, erms, mmxext, 3dnowpref, lzcnt, sse4a, ht, tsc, tscinvbit, tscinv, bmi1, bmi2, adx, sha, fma

Memory: 4k page, system-wide physical 15724M (1983M free)
TotalPageFile size 31084M (AvailPageFile size 5M)
current process WorkingSet (physical memory assigned to process): 297M, peak: 297M
current process commit charge ("private bytes"): 440M, peak: 441M

vm_info: OpenJDK 64-Bit Server VM (11.0.15+0-b2043.56-9505619) for windows-amd64 JRE (11.0.15+0-b2043.56-9505619), built on Jan 19 2023 02:48:00 by "builduser" with unknown MS VC++:1929

END.
