#
# There is insufficient memory for the Java Runtime Environment to continue.
# Native memory allocation (malloc) failed to allocate 1230416 bytes for Chunk::new
# Possible reasons:
#   The system is out of physical RAM or swap space
#   The process is running with CompressedOops enabled, and the Java Heap may be blocking the growth of the native heap
# Possible solutions:
#   Reduce memory load on the system
#   Increase physical memory or swap space
#   Check if swap backing store is full
#   Decrease Java heap size (-Xmx/-Xms)
#   Decrease number of Java threads
#   Decrease Java thread stack sizes (-Xss)
#   Set larger code cache with -XX:ReservedCodeCacheSize=
#   JVM is running with Unscaled Compressed Oops mode in which the Java heap is
#     placed in the first 4GB address space. The Java Heap base address is the
#     maximum limit for the native heap growth. Please use -XX:HeapBaseMinAddress
#     to set the Java Heap base and to place the Java Heap above 4GB virtual address.
# This output file may be truncated or incomplete.
#
#  Out of Memory Error (src/hotspot/share/memory/arena.cpp:197), pid=29528, tid=16916
#
# JRE version: OpenJDK Runtime Environment (11.0.15) (build 11.0.15+0-b2043.56-9505619)
# Java VM: OpenJDK 64-Bit Server VM (11.0.15+0-b2043.56-9505619, mixed mode, tiered, compressed oops, g1 gc, windows-amd64)
# No core dump will be written. Minidumps are not enabled by default on client versions of Windows
#

---------------  S U M M A R Y ------------

Command Line: --add-opens=java.base/java.util=ALL-UNNAMED --add-opens=java.base/java.lang=ALL-UNNAMED --add-opens=java.base/java.lang.invoke=ALL-UNNAMED --add-opens=java.base/java.util=ALL-UNNAMED --add-opens=java.prefs/java.util.prefs=ALL-UNNAMED --add-opens=java.prefs/java.util.prefs=ALL-UNNAMED --add-opens=java.base/java.nio.charset=ALL-UNNAMED --add-opens=java.base/java.net=ALL-UNNAMED --add-opens=java.base/java.util.concurrent.atomic=ALL-UNNAMED -Xmx2048m -Dfile.encoding=UTF-8 -Duser.country=ES -Duser.language=es -Duser.variant org.gradle.launcher.daemon.bootstrap.GradleDaemon 7.5

Host: AMD Ryzen 5 5600H with Radeon Graphics         , 12 cores, 15G,  Windows 11 , 64 bit Build 22000 (10.0.22000.1335)
Time: Sun Feb 12 20:00:03 2023 Hora estándar romance elapsed time: 12.271840 seconds (0d 0h 0m 12s)

---------------  T H R E A D  ---------------

Current thread (0x0000024b3fd5b000):  JavaThread "C2 CompilerThread0" daemon [_thread_in_native, id=16916, stack(0x0000009ef5c00000,0x0000009ef5d00000)]


Current CompileTask:
C2:  12271 5781       4       groovyjarjarantlr4.v4.runtime.atn.PredictionContextCache::getChild (74 bytes)

Stack: [0x0000009ef5c00000,0x0000009ef5d00000]
Native frames: (J=compiled Java code, j=interpreted, Vv=VM code, C=native code)
V  [jvm.dll+0x64135a]
V  [jvm.dll+0x7d39f9]
V  [jvm.dll+0x7d51b9]
V  [jvm.dll+0x7d58a3]
V  [jvm.dll+0x2691c5]
V  [jvm.dll+0xc1a5c]
V  [jvm.dll+0xc200c]
V  [jvm.dll+0x3774a7]
V  [jvm.dll+0x1b3914]
V  [jvm.dll+0x22163e]
V  [jvm.dll+0x220498]
V  [jvm.dll+0x19e851]
V  [jvm.dll+0x230479]
V  [jvm.dll+0x22e5ef]
V  [jvm.dll+0x794de1]
V  [jvm.dll+0x78dc24]
V  [jvm.dll+0x6400f6]
C  [ucrtbase.dll+0x26c0c]
C  [KERNEL32.DLL+0x155a0]
C  [ntdll.dll+0x485b]


---------------  P R O C E S S  ---------------

Threads class SMR info:
_java_thread_list=0x0000024b46fd3170, length=45, elements={
0x0000024b24b74800, 0x0000024b3fcf6800, 0x0000024b3fcff000, 0x0000024b3fd55800,
0x0000024b3fd56800, 0x0000024b3fd57800, 0x0000024b3fd5b000, 0x0000024b3fd62800,
0x0000024b3fd6e000, 0x0000024b3fed2000, 0x0000024b41c7d000, 0x0000024b4179f000,
0x0000024b40258000, 0x0000024b42264800, 0x0000024b42192800, 0x0000024b41e8b800,
0x0000024b4141f000, 0x0000024b42e72000, 0x0000024b42e5f000, 0x0000024b429b9800,
0x0000024b429b6000, 0x0000024b429b8800, 0x0000024b429bc800, 0x0000024b429b7800,
0x0000024b429ba000, 0x0000024b429b7000, 0x0000024b429bb000, 0x0000024b429bb800,
0x0000024b40401000, 0x0000024b403fb000, 0x0000024b403fe800, 0x0000024b40402000,
0x0000024b403ff800, 0x0000024b403fc000, 0x0000024b40402800, 0x0000024b403fd000,
0x0000024b40403800, 0x0000024b40400000, 0x0000024b403fd800, 0x0000024b40409000,
0x0000024b40406800, 0x0000024b40406000, 0x0000024b40404000, 0x0000024b46e6a000,
0x0000024b49376800
}

Java Threads: ( => current thread )
  0x0000024b24b74800 JavaThread "main" [_thread_blocked, id=18800, stack(0x0000009ef5000000,0x0000009ef5100000)]
  0x0000024b3fcf6800 JavaThread "Reference Handler" daemon [_thread_blocked, id=19816, stack(0x0000009ef5700000,0x0000009ef5800000)]
  0x0000024b3fcff000 JavaThread "Finalizer" daemon [_thread_blocked, id=11244, stack(0x0000009ef5800000,0x0000009ef5900000)]
  0x0000024b3fd55800 JavaThread "Signal Dispatcher" daemon [_thread_blocked, id=17584, stack(0x0000009ef5900000,0x0000009ef5a00000)]
  0x0000024b3fd56800 JavaThread "Attach Listener" daemon [_thread_blocked, id=19648, stack(0x0000009ef5a00000,0x0000009ef5b00000)]
  0x0000024b3fd57800 JavaThread "Service Thread" daemon [_thread_blocked, id=24920, stack(0x0000009ef5b00000,0x0000009ef5c00000)]
=>0x0000024b3fd5b000 JavaThread "C2 CompilerThread0" daemon [_thread_in_native, id=16916, stack(0x0000009ef5c00000,0x0000009ef5d00000)]
  0x0000024b3fd62800 JavaThread "C1 CompilerThread0" daemon [_thread_blocked, id=22976, stack(0x0000009ef5d00000,0x0000009ef5e00000)]
  0x0000024b3fd6e000 JavaThread "Sweeper thread" daemon [_thread_blocked, id=13464, stack(0x0000009ef5e00000,0x0000009ef5f00000)]
  0x0000024b3fed2000 JavaThread "Common-Cleaner" daemon [_thread_blocked, id=6884, stack(0x0000009ef5f00000,0x0000009ef6000000)]
  0x0000024b41c7d000 JavaThread "Daemon health stats" [_thread_blocked, id=14932, stack(0x0000009ef6700000,0x0000009ef6800000)]
  0x0000024b4179f000 JavaThread "Incoming local TCP Connector on port 64290" [_thread_in_native, id=16880, stack(0x0000009ef6100000,0x0000009ef6200000)]
  0x0000024b40258000 JavaThread "Daemon periodic checks" [_thread_blocked, id=18812, stack(0x0000009ef6200000,0x0000009ef6300000)]
  0x0000024b42264800 JavaThread "Daemon" [_thread_blocked, id=15988, stack(0x0000009ef6800000,0x0000009ef6900000)]
  0x0000024b42192800 JavaThread "Handler for socket connection from /127.0.0.1:64290 to /127.0.0.1:64291" [_thread_in_native, id=13272, stack(0x0000009ef6900000,0x0000009ef6a00000)]
  0x0000024b41e8b800 JavaThread "Cancel handler" [_thread_blocked, id=8256, stack(0x0000009ef6a00000,0x0000009ef6b00000)]
  0x0000024b4141f000 JavaThread "Daemon worker" [_thread_in_Java, id=11116, stack(0x0000009ef6b00000,0x0000009ef6c00000)]
  0x0000024b42e72000 JavaThread "Asynchronous log dispatcher for DefaultDaemonConnection: socket connection from /127.0.0.1:64290 to /127.0.0.1:64291" [_thread_blocked, id=26936, stack(0x0000009ef6d00000,0x0000009ef6e00000)]
  0x0000024b42e5f000 JavaThread "Stdin handler" [_thread_blocked, id=3680, stack(0x0000009ef6e00000,0x0000009ef6f00000)]
  0x0000024b429b9800 JavaThread "Daemon client event forwarder" [_thread_blocked, id=2612, stack(0x0000009ef6f00000,0x0000009ef7000000)]
  0x0000024b429b6000 JavaThread "Cache worker for journal cache (C:\Users\Borja Chacon\.gradle\caches\journal-1)" [_thread_blocked, id=3516, stack(0x0000009ef7000000,0x0000009ef7100000)]
  0x0000024b429b8800 JavaThread "File lock request listener" [_thread_in_native, id=23984, stack(0x0000009ef7100000,0x0000009ef7200000)]
  0x0000024b429bc800 JavaThread "Cache worker for file hash cache (C:\Users\Borja Chacon\.gradle\caches\7.5\fileHashes)" [_thread_blocked, id=20536, stack(0x0000009ef7900000,0x0000009ef7a00000)]
  0x0000024b429b7800 JavaThread "File watcher server" daemon [_thread_in_native, id=1580, stack(0x0000009ef7b00000,0x0000009ef7c00000)]
  0x0000024b429ba000 JavaThread "File watcher consumer" daemon [_thread_blocked, id=28644, stack(0x0000009ef7c00000,0x0000009ef7d00000)]
  0x0000024b429b7000 JavaThread "jar transforms" [_thread_blocked, id=24848, stack(0x0000009ef6c00000,0x0000009ef6d00000)]
  0x0000024b429bb000 JavaThread "jar transforms Thread 2" [_thread_blocked, id=13528, stack(0x0000009ef7a00000,0x0000009ef7b00000)]
  0x0000024b429bb800 JavaThread "jar transforms Thread 3" [_thread_blocked, id=19672, stack(0x0000009ef7d00000,0x0000009ef7e00000)]
  0x0000024b40401000 JavaThread "jar transforms Thread 4" [_thread_blocked, id=15496, stack(0x0000009ef7e00000,0x0000009ef7f00000)]
  0x0000024b403fb000 JavaThread "jar transforms Thread 5" [_thread_blocked, id=15612, stack(0x0000009ef7f00000,0x0000009ef8000000)]
  0x0000024b403fe800 JavaThread "jar transforms Thread 6" [_thread_blocked, id=5272, stack(0x0000009ef8000000,0x0000009ef8100000)]
  0x0000024b40402000 JavaThread "jar transforms Thread 7" [_thread_blocked, id=25036, stack(0x0000009ef8100000,0x0000009ef8200000)]
  0x0000024b403ff800 JavaThread "jar transforms Thread 8" [_thread_blocked, id=17428, stack(0x0000009ef8200000,0x0000009ef8300000)]
  0x0000024b403fc000 JavaThread "jar transforms Thread 9" [_thread_blocked, id=14416, stack(0x0000009ef8300000,0x0000009ef8400000)]
  0x0000024b40402800 JavaThread "jar transforms Thread 10" [_thread_blocked, id=11552, stack(0x0000009ef8400000,0x0000009ef8500000)]
  0x0000024b403fd000 JavaThread "jar transforms Thread 11" [_thread_blocked, id=7112, stack(0x0000009ef8500000,0x0000009ef8600000)]
  0x0000024b40403800 JavaThread "jar transforms Thread 12" [_thread_blocked, id=5460, stack(0x0000009ef8600000,0x0000009ef8700000)]
  0x0000024b40400000 JavaThread "Cache worker for checksums cache (D:\AndroidStudioProjects\ChaconAlvarezBorja2Eca\.gradle\7.5\checksums)" [_thread_blocked, id=3120, stack(0x0000009ef8800000,0x0000009ef8900000)]
  0x0000024b403fd800 JavaThread "Cache worker for cache directory md-rule (C:\Users\Borja Chacon\.gradle\caches\7.5\md-rule)" [_thread_blocked, id=23128, stack(0x0000009ef8900000,0x0000009ef8a00000)]
  0x0000024b40409000 JavaThread "Cache worker for file content cache (C:\Users\Borja Chacon\.gradle\caches\7.5\fileContent)" [_thread_blocked, id=29176, stack(0x0000009ef8a00000,0x0000009ef8b00000)]
  0x0000024b40406800 JavaThread "Cache worker for file hash cache (D:\AndroidStudioProjects\ChaconAlvarezBorja2Eca\.gradle\7.5\fileHashes)" [_thread_blocked, id=30384, stack(0x0000009ef8b00000,0x0000009ef8c00000)]
  0x0000024b40406000 JavaThread "Cache worker for cache directory md-supplier (C:\Users\Borja Chacon\.gradle\caches\7.5\md-supplier)" [_thread_blocked, id=27356, stack(0x0000009ef8c00000,0x0000009ef8d00000)]
  0x0000024b40404000 JavaThread "Cache worker for execution history cache (C:\Users\Borja Chacon\.gradle\caches\7.5\executionHistory)" [_thread_blocked, id=7420, stack(0x0000009ef8d00000,0x0000009ef8e00000)]
  0x0000024b46e6a000 JavaThread "C2 CompilerThread1" daemon [_thread_in_native, id=11676, stack(0x0000009ef8700000,0x0000009ef8800000)]
  0x0000024b49376800 JavaThread "C2 CompilerThread2" daemon [_thread_in_native, id=18856, stack(0x0000009ef8e00000,0x0000009ef8f00000)]

Other Threads:
  0x0000024b3f4bc000 VMThread "VM Thread" [stack: 0x0000009ef5600000,0x0000009ef5700000] [id=16812]
  0x0000024b3fef0800 WatcherThread [stack: 0x0000009ef6000000,0x0000009ef6100000] [id=25484]
  0x0000024b24b90000 GCTaskThread "GC Thread#0" [stack: 0x0000009ef5100000,0x0000009ef5200000] [id=12976]
  0x0000024b4158e800 GCTaskThread "GC Thread#1" [stack: 0x0000009ef6300000,0x0000009ef6400000] [id=7584]
  0x0000024b40466000 GCTaskThread "GC Thread#2" [stack: 0x0000009ef6400000,0x0000009ef6500000] [id=16644]
  0x0000024b40aee800 GCTaskThread "GC Thread#3" [stack: 0x0000009ef6500000,0x0000009ef6600000] [id=5360]
  0x0000024b41164000 GCTaskThread "GC Thread#4" [stack: 0x0000009ef6600000,0x0000009ef6700000] [id=26520]
  0x0000024b42e56800 GCTaskThread "GC Thread#5" [stack: 0x0000009ef7200000,0x0000009ef7300000] [id=23956]
  0x0000024b42e56000 GCTaskThread "GC Thread#6" [stack: 0x0000009ef7300000,0x0000009ef7400000] [id=11020]
  0x0000024b42e57800 GCTaskThread "GC Thread#7" [stack: 0x0000009ef7400000,0x0000009ef7500000] [id=28188]
  0x0000024b42e58000 GCTaskThread "GC Thread#8" [stack: 0x0000009ef7500000,0x0000009ef7600000] [id=2156]
  0x0000024b42e59000 GCTaskThread "GC Thread#9" [stack: 0x0000009ef7600000,0x0000009ef7700000] [id=22928]
  0x0000024b24bc0800 ConcurrentGCThread "G1 Main Marker" [stack: 0x0000009ef5200000,0x0000009ef5300000] [id=16844]
  0x0000024b24bc2800 ConcurrentGCThread "G1 Conc#0" [stack: 0x0000009ef5300000,0x0000009ef5400000] [id=14916]
  0x0000024b42e59800 ConcurrentGCThread "G1 Conc#1" [stack: 0x0000009ef7700000,0x0000009ef7800000] [id=27308]
  0x0000024b42e5b000 ConcurrentGCThread "G1 Conc#2" [stack: 0x0000009ef7800000,0x0000009ef7900000] [id=19244]
  0x0000024b24c4e800 ConcurrentGCThread "G1 Refine#0" [stack: 0x0000009ef5400000,0x0000009ef5500000] [id=19624]
  0x0000024b3f33e800 ConcurrentGCThread "G1 Young RemSet Sampling" [stack: 0x0000009ef5500000,0x0000009ef5600000] [id=13584]

Threads with active compile tasks:
C2 CompilerThread0    12292 5781       4       groovyjarjarantlr4.v4.runtime.atn.PredictionContextCache::getChild (74 bytes)
C2 CompilerThread1    12292 5884       4       groovyjarjarantlr4.v4.runtime.atn.PredictionContext::getCachedContext (297 bytes)
C2 CompilerThread2    12292 5942       4       groovyjarjarantlr4.v4.runtime.atn.ParserATNSimulator::closure (784 bytes)

VM state:not at safepoint (normal execution)

VM Mutex/Monitor currently owned by a thread: None

Heap address: 0x0000000080000000, size: 2048 MB, Compressed Oops mode: 32-bit
Narrow klass base: 0x0000000000000000, Narrow klass shift: 3
Compressed class space size: 1073741824 Address: 0x0000000100000000

Heap:
 garbage-first heap   total 303104K, used 150655K [0x0000000080000000, 0x0000000100000000)
  region size 1024K, 72 young (73728K), 5 survivors (5120K)
 Metaspace       used 50584K, capacity 51913K, committed 52176K, reserved 1095680K
  class space    used 6457K, capacity 6931K, committed 7040K, reserved 1048576K
Heap Regions: E=young(eden), S=young(survivor), O=old, HS=humongous(starts), HC=humongous(continues), CS=collection set, F=free, A=archive, TAMS=top-at-mark-start (previous, next)
|   0|0x0000000080000000, 0x0000000080100000, 0x0000000080100000|100%| O|  |TAMS 0x0000000080100000, 0x0000000080000000| Untracked 
|   1|0x0000000080100000, 0x0000000080200000, 0x0000000080200000|100%| O|  |TAMS 0x0000000080200000, 0x0000000080100000| Untracked 
|   2|0x0000000080200000, 0x0000000080300000, 0x0000000080300000|100%| O|  |TAMS 0x0000000080300000, 0x0000000080200000| Untracked 
|   3|0x0000000080300000, 0x0000000080400000, 0x0000000080400000|100%|HS|  |TAMS 0x0000000080400000, 0x0000000080300000| Complete 
|   4|0x0000000080400000, 0x0000000080500000, 0x0000000080500000|100%|HC|  |TAMS 0x0000000080500000, 0x0000000080400000| Complete 
|   5|0x0000000080500000, 0x0000000080600000, 0x0000000080600000|100%|HC|  |TAMS 0x0000000080600000, 0x0000000080500000| Complete 
|   6|0x0000000080600000, 0x0000000080700000, 0x0000000080700000|100%| O|  |TAMS 0x0000000080700000, 0x0000000080600000| Untracked 
|   7|0x0000000080700000, 0x0000000080800000, 0x0000000080800000|100%| O|  |TAMS 0x0000000080800000, 0x0000000080700000| Untracked 
|   8|0x0000000080800000, 0x0000000080900000, 0x0000000080900000|100%| O|  |TAMS 0x0000000080900000, 0x0000000080800000| Untracked 
|   9|0x0000000080900000, 0x0000000080a00000, 0x0000000080a00000|100%| O|  |TAMS 0x0000000080a00000, 0x0000000080900000| Untracked 
|  10|0x0000000080a00000, 0x0000000080b00000, 0x0000000080b00000|100%| O|  |TAMS 0x0000000080b00000, 0x0000000080a00000| Untracked 
|  11|0x0000000080b00000, 0x0000000080c00000, 0x0000000080c00000|100%| O|  |TAMS 0x0000000080c00000, 0x0000000080b00000| Untracked 
|  12|0x0000000080c00000, 0x0000000080d00000, 0x0000000080d00000|100%| O|  |TAMS 0x0000000080d00000, 0x0000000080c00000| Untracked 
|  13|0x0000000080d00000, 0x0000000080e00000, 0x0000000080e00000|100%| O|  |TAMS 0x0000000080e00000, 0x0000000080d00000| Untracked 
|  14|0x0000000080e00000, 0x0000000080f00000, 0x0000000080f00000|100%| O|  |TAMS 0x0000000080f00000, 0x0000000080e00000| Untracked 
|  15|0x0000000080f00000, 0x0000000081000000, 0x0000000081000000|100%| O|  |TAMS 0x0000000081000000, 0x0000000080f00000| Untracked 
|  16|0x0000000081000000, 0x0000000081100000, 0x0000000081100000|100%| O|  |TAMS 0x0000000081100000, 0x0000000081000000| Untracked 
|  17|0x0000000081100000, 0x0000000081200000, 0x0000000081200000|100%|HS|  |TAMS 0x0000000081200000, 0x0000000081100000| Complete 
|  18|0x0000000081200000, 0x0000000081300000, 0x0000000081300000|100%|HC|  |TAMS 0x0000000081300000, 0x0000000081200000| Complete 
|  19|0x0000000081300000, 0x0000000081400000, 0x0000000081400000|100%|HS|  |TAMS 0x0000000081400000, 0x0000000081300000| Complete 
|  20|0x0000000081400000, 0x0000000081500000, 0x0000000081500000|100%|HC|  |TAMS 0x0000000081500000, 0x0000000081400000| Complete 
|  21|0x0000000081500000, 0x0000000081600000, 0x0000000081600000|100%|HC|  |TAMS 0x0000000081600000, 0x0000000081500000| Complete 
|  22|0x0000000081600000, 0x0000000081700000, 0x0000000081700000|100%|HS|  |TAMS 0x0000000081700000, 0x0000000081600000| Complete 
|  23|0x0000000081700000, 0x0000000081800000, 0x0000000081800000|100%|HC|  |TAMS 0x0000000081800000, 0x0000000081700000| Complete 
|  24|0x0000000081800000, 0x0000000081900000, 0x0000000081900000|100%|HS|  |TAMS 0x0000000081900000, 0x0000000081800000| Complete 
|  25|0x0000000081900000, 0x0000000081a00000, 0x0000000081a00000|100%|HC|  |TAMS 0x0000000081a00000, 0x0000000081900000| Complete 
|  26|0x0000000081a00000, 0x0000000081b00000, 0x0000000081b00000|100%|HC|  |TAMS 0x0000000081b00000, 0x0000000081a00000| Complete 
|  27|0x0000000081b00000, 0x0000000081c00000, 0x0000000081c00000|100%|HC|  |TAMS 0x0000000081c00000, 0x0000000081b00000| Complete 
|  28|0x0000000081c00000, 0x0000000081d00000, 0x0000000081d00000|100%|HC|  |TAMS 0x0000000081d00000, 0x0000000081c00000| Complete 
|  29|0x0000000081d00000, 0x0000000081e00000, 0x0000000081e00000|100%|HS|  |TAMS 0x0000000081e00000, 0x0000000081d00000| Complete 
|  30|0x0000000081e00000, 0x0000000081f00000, 0x0000000081f00000|100%|HC|  |TAMS 0x0000000081f00000, 0x0000000081e00000| Complete 
|  31|0x0000000081f00000, 0x0000000082000000, 0x0000000082000000|100%|HS|  |TAMS 0x0000000082000000, 0x0000000081f00000| Complete 
|  32|0x0000000082000000, 0x0000000082100000, 0x0000000082100000|100%|HC|  |TAMS 0x0000000082100000, 0x0000000082000000| Complete 
|  33|0x0000000082100000, 0x0000000082200000, 0x0000000082200000|100%|HC|  |TAMS 0x0000000082200000, 0x0000000082100000| Complete 
|  34|0x0000000082200000, 0x0000000082300000, 0x0000000082300000|100%|HS|  |TAMS 0x0000000082300000, 0x0000000082200000| Complete 
|  35|0x0000000082300000, 0x0000000082400000, 0x0000000082400000|100%|HC|  |TAMS 0x0000000082400000, 0x0000000082300000| Complete 
|  36|0x0000000082400000, 0x0000000082500000, 0x0000000082500000|100%|HC|  |TAMS 0x0000000082500000, 0x0000000082400000| Complete 
|  37|0x0000000082500000, 0x0000000082600000, 0x0000000082600000|100%| O|  |TAMS 0x0000000082600000, 0x0000000082500000| Untracked 
|  38|0x0000000082600000, 0x0000000082700000, 0x0000000082700000|100%| O|  |TAMS 0x000000008264be00, 0x0000000082600000| Untracked 
|  39|0x0000000082700000, 0x0000000082800000, 0x0000000082800000|100%| O|  |TAMS 0x0000000082700000, 0x0000000082700000| Untracked 
|  40|0x0000000082800000, 0x0000000082900000, 0x0000000082900000|100%| O|  |TAMS 0x0000000082800000, 0x0000000082800000| Untracked 
|  41|0x0000000082900000, 0x0000000082a00000, 0x0000000082a00000|100%| O|  |TAMS 0x0000000082900000, 0x0000000082900000| Untracked 
|  42|0x0000000082a00000, 0x0000000082b00000, 0x0000000082b00000|100%| O|  |TAMS 0x0000000082a00000, 0x0000000082a00000| Untracked 
|  43|0x0000000082b00000, 0x0000000082c00000, 0x0000000082c00000|100%| O|  |TAMS 0x0000000082b00000, 0x0000000082b00000| Untracked 
|  44|0x0000000082c00000, 0x0000000082d00000, 0x0000000082d00000|100%| O|  |TAMS 0x0000000082c00000, 0x0000000082c00000| Untracked 
|  45|0x0000000082d00000, 0x0000000082e00000, 0x0000000082e00000|100%| O|  |TAMS 0x0000000082d00000, 0x0000000082d00000| Untracked 
|  46|0x0000000082e00000, 0x0000000082f00000, 0x0000000082f00000|100%| O|  |TAMS 0x0000000082e00000, 0x0000000082e00000| Untracked 
|  47|0x0000000082f00000, 0x0000000083000000, 0x0000000083000000|100%| O|  |TAMS 0x0000000082f00000, 0x0000000082f00000| Untracked 
|  48|0x0000000083000000, 0x0000000083100000, 0x0000000083100000|100%| O|  |TAMS 0x0000000083000000, 0x0000000083000000| Untracked 
|  49|0x0000000083100000, 0x0000000083200000, 0x0000000083200000|100%| O|  |TAMS 0x0000000083100000, 0x0000000083100000| Untracked 
|  50|0x0000000083200000, 0x0000000083300000, 0x0000000083300000|100%| O|  |TAMS 0x0000000083200000, 0x0000000083200000| Untracked 
|  51|0x0000000083300000, 0x0000000083400000, 0x0000000083400000|100%| O|  |TAMS 0x0000000083300000, 0x0000000083300000| Untracked 
|  52|0x0000000083400000, 0x0000000083500000, 0x0000000083500000|100%| O|  |TAMS 0x0000000083400000, 0x0000000083400000| Untracked 
|  53|0x0000000083500000, 0x0000000083600000, 0x0000000083600000|100%| O|  |TAMS 0x0000000083500000, 0x0000000083500000| Untracked 
|  54|0x0000000083600000, 0x0000000083700000, 0x0000000083700000|100%| O|  |TAMS 0x0000000083600000, 0x0000000083600000| Untracked 
|  55|0x0000000083700000, 0x0000000083800000, 0x0000000083800000|100%|HS|  |TAMS 0x0000000083700000, 0x0000000083700000| Complete 
|  56|0x0000000083800000, 0x0000000083900000, 0x0000000083900000|100%|HC|  |TAMS 0x0000000083800000, 0x0000000083800000| Complete 
|  57|0x0000000083900000, 0x0000000083a00000, 0x0000000083a00000|100%|HS|  |TAMS 0x0000000083900000, 0x0000000083900000| Complete 
|  58|0x0000000083a00000, 0x0000000083b00000, 0x0000000083b00000|100%|HC|  |TAMS 0x0000000083a00000, 0x0000000083a00000| Complete 
|  59|0x0000000083b00000, 0x0000000083c00000, 0x0000000083c00000|100%|HC|  |TAMS 0x0000000083b00000, 0x0000000083b00000| Complete 
|  60|0x0000000083c00000, 0x0000000083d00000, 0x0000000083d00000|100%|HC|  |TAMS 0x0000000083c00000, 0x0000000083c00000| Complete 
|  61|0x0000000083d00000, 0x0000000083e00000, 0x0000000083e00000|100%|HC|  |TAMS 0x0000000083d00000, 0x0000000083d00000| Complete 
|  62|0x0000000083e00000, 0x0000000083f00000, 0x0000000083f00000|100%| O|  |TAMS 0x0000000083e00000, 0x0000000083e00000| Untracked 
|  63|0x0000000083f00000, 0x0000000084000000, 0x0000000084000000|100%| O|  |TAMS 0x0000000083f00000, 0x0000000083f00000| Untracked 
|  64|0x0000000084000000, 0x0000000084100000, 0x0000000084100000|100%| O|  |TAMS 0x0000000084000000, 0x0000000084000000| Untracked 
|  65|0x0000000084100000, 0x0000000084200000, 0x0000000084200000|100%| O|  |TAMS 0x0000000084100000, 0x0000000084100000| Untracked 
|  66|0x0000000084200000, 0x0000000084300000, 0x0000000084300000|100%| O|  |TAMS 0x0000000084200000, 0x0000000084200000| Untracked 
|  67|0x0000000084300000, 0x0000000084400000, 0x0000000084400000|100%| O|  |TAMS 0x0000000084300000, 0x0000000084300000| Untracked 
|  68|0x0000000084400000, 0x0000000084500000, 0x0000000084500000|100%| O|  |TAMS 0x0000000084400000, 0x0000000084400000| Untracked 
|  69|0x0000000084500000, 0x0000000084600000, 0x0000000084600000|100%| O|  |TAMS 0x0000000084500000, 0x0000000084500000| Untracked 
|  70|0x0000000084600000, 0x0000000084700000, 0x0000000084700000|100%| O|  |TAMS 0x0000000084600000, 0x0000000084600000| Untracked 
|  71|0x0000000084700000, 0x0000000084800000, 0x0000000084800000|100%| O|  |TAMS 0x0000000084700000, 0x0000000084700000| Untracked 
|  72|0x0000000084800000, 0x0000000084900000, 0x0000000084900000|100%| O|  |TAMS 0x0000000084800000, 0x0000000084800000| Untracked 
|  73|0x0000000084900000, 0x0000000084a00000, 0x0000000084a00000|100%| O|  |TAMS 0x0000000084900000, 0x0000000084900000| Untracked 
|  74|0x0000000084a00000, 0x0000000084a1fe00, 0x0000000084b00000| 12%| O|  |TAMS 0x0000000084a00000, 0x0000000084a00000| Untracked 
|  75|0x0000000084b00000, 0x0000000084c00000, 0x0000000084c00000|100%|HS|  |TAMS 0x0000000084b00000, 0x0000000084b00000| Complete 
|  76|0x0000000084c00000, 0x0000000084d00000, 0x0000000084d00000|100%|HC|  |TAMS 0x0000000084c00000, 0x0000000084c00000| Complete 
|  77|0x0000000084d00000, 0x0000000084d00000, 0x0000000084e00000|  0%| F|  |TAMS 0x0000000084d00000, 0x0000000084d00000| Untracked 
|  78|0x0000000084e00000, 0x0000000084e00000, 0x0000000084f00000|  0%| F|  |TAMS 0x0000000084e00000, 0x0000000084e00000| Untracked 
|  79|0x0000000084f00000, 0x0000000084f00000, 0x0000000085000000|  0%| F|  |TAMS 0x0000000084f00000, 0x0000000084f00000| Untracked 
|  80|0x0000000085000000, 0x0000000085000000, 0x0000000085100000|  0%| F|  |TAMS 0x0000000085000000, 0x0000000085000000| Untracked 
|  81|0x0000000085100000, 0x0000000085100000, 0x0000000085200000|  0%| F|  |TAMS 0x0000000085100000, 0x0000000085100000| Untracked 
|  82|0x0000000085200000, 0x0000000085200000, 0x0000000085300000|  0%| F|  |TAMS 0x0000000085200000, 0x0000000085200000| Untracked 
|  83|0x0000000085300000, 0x0000000085300000, 0x0000000085400000|  0%| F|  |TAMS 0x0000000085300000, 0x0000000085300000| Untracked 
|  84|0x0000000085400000, 0x0000000085400000, 0x0000000085500000|  0%| F|  |TAMS 0x0000000085400000, 0x0000000085400000| Untracked 
|  85|0x0000000085500000, 0x0000000085500000, 0x0000000085600000|  0%| F|  |TAMS 0x0000000085500000, 0x0000000085500000| Untracked 
|  86|0x0000000085600000, 0x0000000085600000, 0x0000000085700000|  0%| F|  |TAMS 0x0000000085600000, 0x0000000085600000| Untracked 
|  87|0x0000000085700000, 0x0000000085700000, 0x0000000085800000|  0%| F|  |TAMS 0x0000000085700000, 0x0000000085700000| Untracked 
|  88|0x0000000085800000, 0x0000000085800000, 0x0000000085900000|  0%| F|  |TAMS 0x0000000085800000, 0x0000000085800000| Untracked 
|  89|0x0000000085900000, 0x0000000085900000, 0x0000000085a00000|  0%| F|  |TAMS 0x0000000085900000, 0x0000000085900000| Untracked 
|  90|0x0000000085a00000, 0x0000000085a00000, 0x0000000085b00000|  0%| F|  |TAMS 0x0000000085a00000, 0x0000000085a00000| Untracked 
|  91|0x0000000085b00000, 0x0000000085b00000, 0x0000000085c00000|  0%| F|  |TAMS 0x0000000085b00000, 0x0000000085b00000| Untracked 
|  92|0x0000000085c00000, 0x0000000085c00000, 0x0000000085d00000|  0%| F|  |TAMS 0x0000000085c00000, 0x0000000085c00000| Untracked 
|  93|0x0000000085d00000, 0x0000000085d00000, 0x0000000085e00000|  0%| F|  |TAMS 0x0000000085d00000, 0x0000000085d00000| Untracked 
|  94|0x0000000085e00000, 0x0000000085e00000, 0x0000000085f00000|  0%| F|  |TAMS 0x0000000085e00000, 0x0000000085e00000| Untracked 
|  95|0x0000000085f00000, 0x0000000085f00000, 0x0000000086000000|  0%| F|  |TAMS 0x0000000085f00000, 0x0000000085f00000| Untracked 
|  96|0x0000000086000000, 0x0000000086000000, 0x0000000086100000|  0%| F|  |TAMS 0x0000000086000000, 0x0000000086000000| Untracked 
|  97|0x0000000086100000, 0x0000000086100000, 0x0000000086200000|  0%| F|  |TAMS 0x0000000086100000, 0x0000000086100000| Untracked 
|  98|0x0000000086200000, 0x0000000086200000, 0x0000000086300000|  0%| F|  |TAMS 0x0000000086200000, 0x0000000086200000| Untracked 
|  99|0x0000000086300000, 0x0000000086300000, 0x0000000086400000|  0%| F|  |TAMS 0x0000000086300000, 0x0000000086300000| Untracked 
| 100|0x0000000086400000, 0x0000000086400000, 0x0000000086500000|  0%| F|  |TAMS 0x0000000086400000, 0x0000000086400000| Untracked 
| 101|0x0000000086500000, 0x0000000086500000, 0x0000000086600000|  0%| F|  |TAMS 0x0000000086500000, 0x0000000086500000| Untracked 
| 102|0x0000000086600000, 0x0000000086600000, 0x0000000086700000|  0%| F|  |TAMS 0x0000000086600000, 0x0000000086600000| Untracked 
| 103|0x0000000086700000, 0x0000000086700000, 0x0000000086800000|  0%| F|  |TAMS 0x0000000086700000, 0x0000000086700000| Untracked 
| 104|0x0000000086800000, 0x0000000086800000, 0x0000000086900000|  0%| F|  |TAMS 0x0000000086800000, 0x0000000086800000| Untracked 
| 105|0x0000000086900000, 0x0000000086900000, 0x0000000086a00000|  0%| F|  |TAMS 0x0000000086900000, 0x0000000086900000| Untracked 
| 106|0x0000000086a00000, 0x0000000086a00000, 0x0000000086b00000|  0%| F|  |TAMS 0x0000000086a00000, 0x0000000086a00000| Untracked 
| 107|0x0000000086b00000, 0x0000000086b00000, 0x0000000086c00000|  0%| F|  |TAMS 0x0000000086b00000, 0x0000000086b00000| Untracked 
| 108|0x0000000086c00000, 0x0000000086c00000, 0x0000000086d00000|  0%| F|  |TAMS 0x0000000086c00000, 0x0000000086c00000| Untracked 
| 109|0x0000000086d00000, 0x0000000086d00000, 0x0000000086e00000|  0%| F|  |TAMS 0x0000000086d00000, 0x0000000086d00000| Untracked 
| 110|0x0000000086e00000, 0x0000000086e00000, 0x0000000086f00000|  0%| F|  |TAMS 0x0000000086e00000, 0x0000000086e00000| Untracked 
| 111|0x0000000086f00000, 0x0000000086f00000, 0x0000000087000000|  0%| F|  |TAMS 0x0000000086f00000, 0x0000000086f00000| Untracked 
| 112|0x0000000087000000, 0x0000000087000000, 0x0000000087100000|  0%| F|  |TAMS 0x0000000087000000, 0x0000000087000000| Untracked 
| 113|0x0000000087100000, 0x0000000087100000, 0x0000000087200000|  0%| F|  |TAMS 0x0000000087100000, 0x0000000087100000| Untracked 
| 114|0x0000000087200000, 0x0000000087200000, 0x0000000087300000|  0%| F|  |TAMS 0x0000000087200000, 0x0000000087200000| Untracked 
| 115|0x0000000087300000, 0x0000000087300000, 0x0000000087400000|  0%| F|  |TAMS 0x0000000087300000, 0x0000000087300000| Untracked 
| 116|0x0000000087400000, 0x0000000087400000, 0x0000000087500000|  0%| F|  |TAMS 0x0000000087400000, 0x0000000087400000| Untracked 
| 117|0x0000000087500000, 0x0000000087500000, 0x0000000087600000|  0%| F|  |TAMS 0x0000000087500000, 0x0000000087500000| Untracked 
| 118|0x0000000087600000, 0x0000000087600000, 0x0000000087700000|  0%| F|  |TAMS 0x0000000087600000, 0x0000000087600000| Untracked 
| 119|0x0000000087700000, 0x0000000087700000, 0x0000000087800000|  0%| F|  |TAMS 0x0000000087700000, 0x0000000087700000| Untracked 
| 120|0x0000000087800000, 0x0000000087800000, 0x0000000087900000|  0%| F|  |TAMS 0x0000000087800000, 0x0000000087800000| Untracked 
| 121|0x0000000087900000, 0x0000000087900000, 0x0000000087a00000|  0%| F|  |TAMS 0x0000000087900000, 0x0000000087900000| Untracked 
| 122|0x0000000087a00000, 0x0000000087a00000, 0x0000000087b00000|  0%| F|  |TAMS 0x0000000087a00000, 0x0000000087a00000| Untracked 
| 123|0x0000000087b00000, 0x0000000087b00000, 0x0000000087c00000|  0%| F|  |TAMS 0x0000000087b00000, 0x0000000087b00000| Untracked 
| 124|0x0000000087c00000, 0x0000000087d00000, 0x0000000087d00000|100%| S|CS|TAMS 0x0000000087c00000, 0x0000000087c00000| Complete 
| 125|0x0000000087d00000, 0x0000000087e00000, 0x0000000087e00000|100%| S|CS|TAMS 0x0000000087d00000, 0x0000000087d00000| Complete 
| 126|0x0000000087e00000, 0x0000000087f00000, 0x0000000087f00000|100%| S|CS|TAMS 0x0000000087e00000, 0x0000000087e00000| Complete 
| 127|0x0000000087f00000, 0x0000000088000000, 0x0000000088000000|100%| S|CS|TAMS 0x0000000087f00000, 0x0000000087f00000| Complete 
| 128|0x0000000088000000, 0x0000000088100000, 0x0000000088100000|100%| S|CS|TAMS 0x0000000088000000, 0x0000000088000000| Complete 
| 129|0x0000000088100000, 0x0000000088100000, 0x0000000088200000|  0%| F|  |TAMS 0x0000000088100000, 0x0000000088100000| Untracked 
| 130|0x0000000088200000, 0x0000000088200000, 0x0000000088300000|  0%| F|  |TAMS 0x0000000088200000, 0x0000000088200000| Untracked 
| 131|0x0000000088300000, 0x0000000088300000, 0x0000000088400000|  0%| F|  |TAMS 0x0000000088300000, 0x0000000088300000| Untracked 
| 132|0x0000000088400000, 0x0000000088400000, 0x0000000088500000|  0%| F|  |TAMS 0x0000000088400000, 0x0000000088400000| Untracked 
| 133|0x0000000088500000, 0x0000000088500000, 0x0000000088600000|  0%| F|  |TAMS 0x0000000088500000, 0x0000000088500000| Untracked 
| 134|0x0000000088600000, 0x0000000088600000, 0x0000000088700000|  0%| F|  |TAMS 0x0000000088600000, 0x0000000088600000| Untracked 
| 135|0x0000000088700000, 0x0000000088700000, 0x0000000088800000|  0%| F|  |TAMS 0x0000000088700000, 0x0000000088700000| Untracked 
| 136|0x0000000088800000, 0x0000000088800000, 0x0000000088900000|  0%| F|  |TAMS 0x0000000088800000, 0x0000000088800000| Untracked 
| 137|0x0000000088900000, 0x0000000088900000, 0x0000000088a00000|  0%| F|  |TAMS 0x0000000088900000, 0x0000000088900000| Untracked 
| 138|0x0000000088a00000, 0x0000000088a00000, 0x0000000088b00000|  0%| F|  |TAMS 0x0000000088a00000, 0x0000000088a00000| Untracked 
| 139|0x0000000088b00000, 0x0000000088b00000, 0x0000000088c00000|  0%| F|  |TAMS 0x0000000088b00000, 0x0000000088b00000| Untracked 
| 140|0x0000000088c00000, 0x0000000088c00000, 0x0000000088d00000|  0%| F|  |TAMS 0x0000000088c00000, 0x0000000088c00000| Untracked 
| 141|0x0000000088d00000, 0x0000000088d00000, 0x0000000088e00000|  0%| F|  |TAMS 0x0000000088d00000, 0x0000000088d00000| Untracked 
| 142|0x0000000088e00000, 0x0000000088e00000, 0x0000000088f00000|  0%| F|  |TAMS 0x0000000088e00000, 0x0000000088e00000| Untracked 
| 143|0x0000000088f00000, 0x0000000088f00000, 0x0000000089000000|  0%| F|  |TAMS 0x0000000088f00000, 0x0000000088f00000| Untracked 
| 144|0x0000000089000000, 0x0000000089000000, 0x0000000089100000|  0%| F|  |TAMS 0x0000000089000000, 0x0000000089000000| Untracked 
| 145|0x0000000089100000, 0x0000000089100000, 0x0000000089200000|  0%| F|  |TAMS 0x0000000089100000, 0x0000000089100000| Untracked 
| 146|0x0000000089200000, 0x0000000089200000, 0x0000000089300000|  0%| F|  |TAMS 0x0000000089200000, 0x0000000089200000| Untracked 
| 147|0x0000000089300000, 0x0000000089300000, 0x0000000089400000|  0%| F|  |TAMS 0x0000000089300000, 0x0000000089300000| Untracked 
| 148|0x0000000089400000, 0x0000000089400000, 0x0000000089500000|  0%| F|  |TAMS 0x0000000089400000, 0x0000000089400000| Untracked 
| 149|0x0000000089500000, 0x0000000089500000, 0x0000000089600000|  0%| F|  |TAMS 0x0000000089500000, 0x0000000089500000| Untracked 
| 150|0x0000000089600000, 0x0000000089600000, 0x0000000089700000|  0%| F|  |TAMS 0x0000000089600000, 0x0000000089600000| Untracked 
| 151|0x0000000089700000, 0x0000000089700000, 0x0000000089800000|  0%| F|  |TAMS 0x0000000089700000, 0x0000000089700000| Untracked 
| 152|0x0000000089800000, 0x0000000089800000, 0x0000000089900000|  0%| F|  |TAMS 0x0000000089800000, 0x0000000089800000| Untracked 
| 153|0x0000000089900000, 0x0000000089900000, 0x0000000089a00000|  0%| F|  |TAMS 0x0000000089900000, 0x0000000089900000| Untracked 
| 154|0x0000000089a00000, 0x0000000089a00000, 0x0000000089b00000|  0%| F|  |TAMS 0x0000000089a00000, 0x0000000089a00000| Untracked 
| 155|0x0000000089b00000, 0x0000000089b00000, 0x0000000089c00000|  0%| F|  |TAMS 0x0000000089b00000, 0x0000000089b00000| Untracked 
| 156|0x0000000089c00000, 0x0000000089c00000, 0x0000000089d00000|  0%| F|  |TAMS 0x0000000089c00000, 0x0000000089c00000| Untracked 
| 157|0x0000000089d00000, 0x0000000089d00000, 0x0000000089e00000|  0%| F|  |TAMS 0x0000000089d00000, 0x0000000089d00000| Untracked 
| 158|0x0000000089e00000, 0x0000000089e00000, 0x0000000089f00000|  0%| F|  |TAMS 0x0000000089e00000, 0x0000000089e00000| Untracked 
| 159|0x0000000089f00000, 0x0000000089f00000, 0x000000008a000000|  0%| F|  |TAMS 0x0000000089f00000, 0x0000000089f00000| Untracked 
| 160|0x000000008a000000, 0x000000008a000000, 0x000000008a100000|  0%| F|  |TAMS 0x000000008a000000, 0x000000008a000000| Untracked 
| 161|0x000000008a100000, 0x000000008a100000, 0x000000008a200000|  0%| F|  |TAMS 0x000000008a100000, 0x000000008a100000| Untracked 
| 162|0x000000008a200000, 0x000000008a200000, 0x000000008a300000|  0%| F|  |TAMS 0x000000008a200000, 0x000000008a200000| Untracked 
| 163|0x000000008a300000, 0x000000008a300000, 0x000000008a400000|  0%| F|  |TAMS 0x000000008a300000, 0x000000008a300000| Untracked 
| 164|0x000000008a400000, 0x000000008a400000, 0x000000008a500000|  0%| F|  |TAMS 0x000000008a400000, 0x000000008a400000| Untracked 
| 165|0x000000008a500000, 0x000000008a500000, 0x000000008a600000|  0%| F|  |TAMS 0x000000008a500000, 0x000000008a500000| Untracked 
| 166|0x000000008a600000, 0x000000008a600000, 0x000000008a700000|  0%| F|  |TAMS 0x000000008a600000, 0x000000008a600000| Untracked 
| 167|0x000000008a700000, 0x000000008a700000, 0x000000008a800000|  0%| F|  |TAMS 0x000000008a700000, 0x000000008a700000| Untracked 
| 168|0x000000008a800000, 0x000000008a800000, 0x000000008a900000|  0%| F|  |TAMS 0x000000008a800000, 0x000000008a800000| Untracked 
| 169|0x000000008a900000, 0x000000008a900000, 0x000000008aa00000|  0%| F|  |TAMS 0x000000008a900000, 0x000000008a900000| Untracked 
| 170|0x000000008aa00000, 0x000000008aa00000, 0x000000008ab00000|  0%| F|  |TAMS 0x000000008aa00000, 0x000000008aa00000| Untracked 
| 171|0x000000008ab00000, 0x000000008ab00000, 0x000000008ac00000|  0%| F|  |TAMS 0x000000008ab00000, 0x000000008ab00000| Untracked 
| 172|0x000000008ac00000, 0x000000008ac00000, 0x000000008ad00000|  0%| F|  |TAMS 0x000000008ac00000, 0x000000008ac00000| Untracked 
| 173|0x000000008ad00000, 0x000000008ad00000, 0x000000008ae00000|  0%| F|  |TAMS 0x000000008ad00000, 0x000000008ad00000| Untracked 
| 174|0x000000008ae00000, 0x000000008ae00000, 0x000000008af00000|  0%| F|  |TAMS 0x000000008ae00000, 0x000000008ae00000| Untracked 
| 175|0x000000008af00000, 0x000000008af00000, 0x000000008b000000|  0%| F|  |TAMS 0x000000008af00000, 0x000000008af00000| Untracked 
| 176|0x000000008b000000, 0x000000008b000000, 0x000000008b100000|  0%| F|  |TAMS 0x000000008b000000, 0x000000008b000000| Untracked 
| 177|0x000000008b100000, 0x000000008b100000, 0x000000008b200000|  0%| F|  |TAMS 0x000000008b100000, 0x000000008b100000| Untracked 
| 178|0x000000008b200000, 0x000000008b200000, 0x000000008b300000|  0%| F|  |TAMS 0x000000008b200000, 0x000000008b200000| Untracked 
| 179|0x000000008b300000, 0x000000008b300000, 0x000000008b400000|  0%| F|  |TAMS 0x000000008b300000, 0x000000008b300000| Untracked 
| 180|0x000000008b400000, 0x000000008b400000, 0x000000008b500000|  0%| F|  |TAMS 0x000000008b400000, 0x000000008b400000| Untracked 
| 181|0x000000008b500000, 0x000000008b500000, 0x000000008b600000|  0%| F|  |TAMS 0x000000008b500000, 0x000000008b500000| Untracked 
| 182|0x000000008b600000, 0x000000008b600000, 0x000000008b700000|  0%| F|  |TAMS 0x000000008b600000, 0x000000008b600000| Untracked 
| 183|0x000000008b700000, 0x000000008b700000, 0x000000008b800000|  0%| F|  |TAMS 0x000000008b700000, 0x000000008b700000| Untracked 
| 184|0x000000008b800000, 0x000000008b800000, 0x000000008b900000|  0%| F|  |TAMS 0x000000008b800000, 0x000000008b800000| Untracked 
| 185|0x000000008b900000, 0x000000008b900000, 0x000000008ba00000|  0%| F|  |TAMS 0x000000008b900000, 0x000000008b900000| Untracked 
| 186|0x000000008ba00000, 0x000000008ba00000, 0x000000008bb00000|  0%| F|  |TAMS 0x000000008ba00000, 0x000000008ba00000| Untracked 
| 187|0x000000008bb00000, 0x000000008bb00000, 0x000000008bc00000|  0%| F|  |TAMS 0x000000008bb00000, 0x000000008bb00000| Untracked 
| 188|0x000000008bc00000, 0x000000008bc00000, 0x000000008bd00000|  0%| F|  |TAMS 0x000000008bc00000, 0x000000008bc00000| Untracked 
| 189|0x000000008bd00000, 0x000000008bd00000, 0x000000008be00000|  0%| F|  |TAMS 0x000000008bd00000, 0x000000008bd00000| Untracked 
| 190|0x000000008be00000, 0x000000008be00000, 0x000000008bf00000|  0%| F|  |TAMS 0x000000008be00000, 0x000000008be00000| Untracked 
| 191|0x000000008bf00000, 0x000000008bf00000, 0x000000008c000000|  0%| F|  |TAMS 0x000000008bf00000, 0x000000008bf00000| Untracked 
| 192|0x000000008c000000, 0x000000008c000000, 0x000000008c100000|  0%| F|  |TAMS 0x000000008c000000, 0x000000008c000000| Untracked 
| 193|0x000000008c100000, 0x000000008c100000, 0x000000008c200000|  0%| F|  |TAMS 0x000000008c100000, 0x000000008c100000| Untracked 
| 194|0x000000008c200000, 0x000000008c200000, 0x000000008c300000|  0%| F|  |TAMS 0x000000008c200000, 0x000000008c200000| Untracked 
| 195|0x000000008c300000, 0x000000008c300000, 0x000000008c400000|  0%| F|  |TAMS 0x000000008c300000, 0x000000008c300000| Untracked 
| 196|0x000000008c400000, 0x000000008c400000, 0x000000008c500000|  0%| F|  |TAMS 0x000000008c400000, 0x000000008c400000| Untracked 
| 197|0x000000008c500000, 0x000000008c500000, 0x000000008c600000|  0%| F|  |TAMS 0x000000008c500000, 0x000000008c500000| Untracked 
| 198|0x000000008c600000, 0x000000008c600000, 0x000000008c700000|  0%| F|  |TAMS 0x000000008c600000, 0x000000008c600000| Untracked 
| 199|0x000000008c700000, 0x000000008c700000, 0x000000008c800000|  0%| F|  |TAMS 0x000000008c700000, 0x000000008c700000| Untracked 
| 200|0x000000008c800000, 0x000000008c800000, 0x000000008c900000|  0%| F|  |TAMS 0x000000008c800000, 0x000000008c800000| Untracked 
| 201|0x000000008c900000, 0x000000008c900000, 0x000000008ca00000|  0%| F|  |TAMS 0x000000008c900000, 0x000000008c900000| Untracked 
| 202|0x000000008ca00000, 0x000000008ca00000, 0x000000008cb00000|  0%| F|  |TAMS 0x000000008ca00000, 0x000000008ca00000| Untracked 
| 203|0x000000008cb00000, 0x000000008cb00000, 0x000000008cc00000|  0%| F|  |TAMS 0x000000008cb00000, 0x000000008cb00000| Untracked 
| 204|0x000000008cc00000, 0x000000008cc00000, 0x000000008cd00000|  0%| F|  |TAMS 0x000000008cc00000, 0x000000008cc00000| Untracked 
| 205|0x000000008cd00000, 0x000000008cd00000, 0x000000008ce00000|  0%| F|  |TAMS 0x000000008cd00000, 0x000000008cd00000| Untracked 
| 206|0x000000008ce00000, 0x000000008ce00000, 0x000000008cf00000|  0%| F|  |TAMS 0x000000008ce00000, 0x000000008ce00000| Untracked 
| 207|0x000000008cf00000, 0x000000008cf00000, 0x000000008d000000|  0%| F|  |TAMS 0x000000008cf00000, 0x000000008cf00000| Untracked 
| 208|0x000000008d000000, 0x000000008d000000, 0x000000008d100000|  0%| F|  |TAMS 0x000000008d000000, 0x000000008d000000| Untracked 
| 209|0x000000008d100000, 0x000000008d100000, 0x000000008d200000|  0%| F|  |TAMS 0x000000008d100000, 0x000000008d100000| Untracked 
| 210|0x000000008d200000, 0x000000008d200000, 0x000000008d300000|  0%| F|  |TAMS 0x000000008d200000, 0x000000008d200000| Untracked 
| 211|0x000000008d300000, 0x000000008d300000, 0x000000008d400000|  0%| F|  |TAMS 0x000000008d300000, 0x000000008d300000| Untracked 
| 212|0x000000008d400000, 0x000000008d400000, 0x000000008d500000|  0%| F|  |TAMS 0x000000008d400000, 0x000000008d400000| Untracked 
| 213|0x000000008d500000, 0x000000008d500000, 0x000000008d600000|  0%| F|  |TAMS 0x000000008d500000, 0x000000008d500000| Untracked 
| 214|0x000000008d600000, 0x000000008d600000, 0x000000008d700000|  0%| F|  |TAMS 0x000000008d600000, 0x000000008d600000| Untracked 
| 215|0x000000008d700000, 0x000000008d700000, 0x000000008d800000|  0%| F|  |TAMS 0x000000008d700000, 0x000000008d700000| Untracked 
| 216|0x000000008d800000, 0x000000008d800000, 0x000000008d900000|  0%| F|  |TAMS 0x000000008d800000, 0x000000008d800000| Untracked 
| 217|0x000000008d900000, 0x000000008d900000, 0x000000008da00000|  0%| F|  |TAMS 0x000000008d900000, 0x000000008d900000| Untracked 
| 218|0x000000008da00000, 0x000000008da00000, 0x000000008db00000|  0%| F|  |TAMS 0x000000008da00000, 0x000000008da00000| Untracked 
| 219|0x000000008db00000, 0x000000008db00000, 0x000000008dc00000|  0%| F|  |TAMS 0x000000008db00000, 0x000000008db00000| Untracked 
| 220|0x000000008dc00000, 0x000000008dc00000, 0x000000008dd00000|  0%| F|  |TAMS 0x000000008dc00000, 0x000000008dc00000| Untracked 
| 221|0x000000008dd00000, 0x000000008dd00000, 0x000000008de00000|  0%| F|  |TAMS 0x000000008dd00000, 0x000000008dd00000| Untracked 
| 222|0x000000008de00000, 0x000000008de00000, 0x000000008df00000|  0%| F|  |TAMS 0x000000008de00000, 0x000000008de00000| Untracked 
| 223|0x000000008df00000, 0x000000008df00000, 0x000000008e000000|  0%| F|  |TAMS 0x000000008df00000, 0x000000008df00000| Untracked 
| 224|0x000000008e000000, 0x000000008e000000, 0x000000008e100000|  0%| F|  |TAMS 0x000000008e000000, 0x000000008e000000| Untracked 
| 225|0x000000008e100000, 0x000000008e100000, 0x000000008e200000|  0%| F|  |TAMS 0x000000008e100000, 0x000000008e100000| Untracked 
| 226|0x000000008e200000, 0x000000008e200000, 0x000000008e300000|  0%| F|  |TAMS 0x000000008e200000, 0x000000008e200000| Untracked 
| 227|0x000000008e300000, 0x000000008e300000, 0x000000008e400000|  0%| F|  |TAMS 0x000000008e300000, 0x000000008e300000| Untracked 
| 228|0x000000008e400000, 0x000000008e400000, 0x000000008e500000|  0%| F|  |TAMS 0x000000008e400000, 0x000000008e400000| Untracked 
| 229|0x000000008e500000, 0x000000008e600000, 0x000000008e600000|100%| E|  |TAMS 0x000000008e500000, 0x000000008e500000| Complete 
| 230|0x000000008e600000, 0x000000008e700000, 0x000000008e700000|100%| E|CS|TAMS 0x000000008e600000, 0x000000008e600000| Complete 
| 231|0x000000008e700000, 0x000000008e800000, 0x000000008e800000|100%| E|CS|TAMS 0x000000008e700000, 0x000000008e700000| Complete 
| 232|0x000000008e800000, 0x000000008e900000, 0x000000008e900000|100%| E|CS|TAMS 0x000000008e800000, 0x000000008e800000| Complete 
| 233|0x000000008e900000, 0x000000008ea00000, 0x000000008ea00000|100%| E|CS|TAMS 0x000000008e900000, 0x000000008e900000| Complete 
| 234|0x000000008ea00000, 0x000000008eb00000, 0x000000008eb00000|100%| E|CS|TAMS 0x000000008ea00000, 0x000000008ea00000| Complete 
| 235|0x000000008eb00000, 0x000000008ec00000, 0x000000008ec00000|100%| E|CS|TAMS 0x000000008eb00000, 0x000000008eb00000| Complete 
| 236|0x000000008ec00000, 0x000000008ed00000, 0x000000008ed00000|100%| E|CS|TAMS 0x000000008ec00000, 0x000000008ec00000| Complete 
| 237|0x000000008ed00000, 0x000000008ee00000, 0x000000008ee00000|100%| E|CS|TAMS 0x000000008ed00000, 0x000000008ed00000| Complete 
| 238|0x000000008ee00000, 0x000000008ef00000, 0x000000008ef00000|100%| E|CS|TAMS 0x000000008ee00000, 0x000000008ee00000| Complete 
| 239|0x000000008ef00000, 0x000000008f000000, 0x000000008f000000|100%| E|CS|TAMS 0x000000008ef00000, 0x000000008ef00000| Complete 
| 240|0x000000008f000000, 0x000000008f100000, 0x000000008f100000|100%| E|CS|TAMS 0x000000008f000000, 0x000000008f000000| Complete 
| 241|0x000000008f100000, 0x000000008f200000, 0x000000008f200000|100%| E|CS|TAMS 0x000000008f100000, 0x000000008f100000| Complete 
| 242|0x000000008f200000, 0x000000008f300000, 0x000000008f300000|100%| E|CS|TAMS 0x000000008f200000, 0x000000008f200000| Complete 
| 243|0x000000008f300000, 0x000000008f400000, 0x000000008f400000|100%| E|CS|TAMS 0x000000008f300000, 0x000000008f300000| Complete 
| 244|0x000000008f400000, 0x000000008f500000, 0x000000008f500000|100%| E|CS|TAMS 0x000000008f400000, 0x000000008f400000| Complete 
| 245|0x000000008f500000, 0x000000008f600000, 0x000000008f600000|100%| E|CS|TAMS 0x000000008f500000, 0x000000008f500000| Complete 
| 246|0x000000008f600000, 0x000000008f700000, 0x000000008f700000|100%| E|CS|TAMS 0x000000008f600000, 0x000000008f600000| Complete 
| 247|0x000000008f700000, 0x000000008f800000, 0x000000008f800000|100%| E|CS|TAMS 0x000000008f700000, 0x000000008f700000| Complete 
| 248|0x000000008f800000, 0x000000008f900000, 0x000000008f900000|100%| E|CS|TAMS 0x000000008f800000, 0x000000008f800000| Complete 
| 249|0x000000008f900000, 0x000000008fa00000, 0x000000008fa00000|100%| E|CS|TAMS 0x000000008f900000, 0x000000008f900000| Complete 
| 250|0x000000008fa00000, 0x000000008fb00000, 0x000000008fb00000|100%| E|CS|TAMS 0x000000008fa00000, 0x000000008fa00000| Complete 
| 251|0x000000008fb00000, 0x000000008fc00000, 0x000000008fc00000|100%| E|CS|TAMS 0x000000008fb00000, 0x000000008fb00000| Complete 
| 252|0x000000008fc00000, 0x000000008fd00000, 0x000000008fd00000|100%| E|CS|TAMS 0x000000008fc00000, 0x000000008fc00000| Complete 
| 253|0x000000008fd00000, 0x000000008fe00000, 0x000000008fe00000|100%| E|CS|TAMS 0x000000008fd00000, 0x000000008fd00000| Complete 
| 254|0x000000008fe00000, 0x000000008ff00000, 0x000000008ff00000|100%| E|CS|TAMS 0x000000008fe00000, 0x000000008fe00000| Complete 
| 255|0x000000008ff00000, 0x0000000090000000, 0x0000000090000000|100%| E|CS|TAMS 0x000000008ff00000, 0x000000008ff00000| Complete 
| 256|0x0000000090000000, 0x0000000090100000, 0x0000000090100000|100%| E|CS|TAMS 0x0000000090000000, 0x0000000090000000| Complete 
| 257|0x0000000090100000, 0x0000000090200000, 0x0000000090200000|100%| E|CS|TAMS 0x0000000090100000, 0x0000000090100000| Complete 
| 258|0x0000000090200000, 0x0000000090300000, 0x0000000090300000|100%| E|CS|TAMS 0x0000000090200000, 0x0000000090200000| Complete 
| 259|0x0000000090300000, 0x0000000090400000, 0x0000000090400000|100%| E|CS|TAMS 0x0000000090300000, 0x0000000090300000| Complete 
| 260|0x0000000090400000, 0x0000000090500000, 0x0000000090500000|100%| E|CS|TAMS 0x0000000090400000, 0x0000000090400000| Complete 
| 261|0x0000000090500000, 0x0000000090600000, 0x0000000090600000|100%| E|CS|TAMS 0x0000000090500000, 0x0000000090500000| Complete 
| 262|0x0000000090600000, 0x0000000090700000, 0x0000000090700000|100%| E|CS|TAMS 0x0000000090600000, 0x0000000090600000| Complete 
| 263|0x0000000090700000, 0x0000000090800000, 0x0000000090800000|100%| E|CS|TAMS 0x0000000090700000, 0x0000000090700000| Complete 
| 264|0x0000000090800000, 0x0000000090900000, 0x0000000090900000|100%| E|CS|TAMS 0x0000000090800000, 0x0000000090800000| Complete 
| 265|0x0000000090900000, 0x0000000090a00000, 0x0000000090a00000|100%| E|CS|TAMS 0x0000000090900000, 0x0000000090900000| Complete 
| 266|0x0000000090a00000, 0x0000000090b00000, 0x0000000090b00000|100%| E|CS|TAMS 0x0000000090a00000, 0x0000000090a00000| Complete 
| 267|0x0000000090b00000, 0x0000000090c00000, 0x0000000090c00000|100%| E|CS|TAMS 0x0000000090b00000, 0x0000000090b00000| Complete 
| 268|0x0000000090c00000, 0x0000000090d00000, 0x0000000090d00000|100%| E|CS|TAMS 0x0000000090c00000, 0x0000000090c00000| Complete 
| 269|0x0000000090d00000, 0x0000000090e00000, 0x0000000090e00000|100%| E|CS|TAMS 0x0000000090d00000, 0x0000000090d00000| Complete 
| 270|0x0000000090e00000, 0x0000000090f00000, 0x0000000090f00000|100%| E|CS|TAMS 0x0000000090e00000, 0x0000000090e00000| Complete 
| 271|0x0000000090f00000, 0x0000000091000000, 0x0000000091000000|100%| E|CS|TAMS 0x0000000090f00000, 0x0000000090f00000| Complete 
| 272|0x0000000091000000, 0x0000000091100000, 0x0000000091100000|100%| E|CS|TAMS 0x0000000091000000, 0x0000000091000000| Complete 
| 273|0x0000000091100000, 0x0000000091200000, 0x0000000091200000|100%| E|CS|TAMS 0x0000000091100000, 0x0000000091100000| Complete 
| 274|0x0000000091200000, 0x0000000091300000, 0x0000000091300000|100%| E|CS|TAMS 0x0000000091200000, 0x0000000091200000| Complete 
| 275|0x0000000091300000, 0x0000000091400000, 0x0000000091400000|100%| E|CS|TAMS 0x0000000091300000, 0x0000000091300000| Complete 
| 276|0x0000000091400000, 0x0000000091500000, 0x0000000091500000|100%| E|CS|TAMS 0x0000000091400000, 0x0000000091400000| Complete 
| 277|0x0000000091500000, 0x0000000091600000, 0x0000000091600000|100%| E|CS|TAMS 0x0000000091500000, 0x0000000091500000| Complete 
| 278|0x0000000091600000, 0x0000000091700000, 0x0000000091700000|100%| E|CS|TAMS 0x0000000091600000, 0x0000000091600000| Complete 
| 279|0x0000000091700000, 0x0000000091800000, 0x0000000091800000|100%| E|CS|TAMS 0x0000000091700000, 0x0000000091700000| Complete 
| 280|0x0000000091800000, 0x0000000091900000, 0x0000000091900000|100%| E|CS|TAMS 0x0000000091800000, 0x0000000091800000| Complete 
| 281|0x0000000091900000, 0x0000000091a00000, 0x0000000091a00000|100%| E|CS|TAMS 0x0000000091900000, 0x0000000091900000| Complete 
| 282|0x0000000091a00000, 0x0000000091b00000, 0x0000000091b00000|100%| E|CS|TAMS 0x0000000091a00000, 0x0000000091a00000| Complete 
| 283|0x0000000091b00000, 0x0000000091c00000, 0x0000000091c00000|100%| E|CS|TAMS 0x0000000091b00000, 0x0000000091b00000| Complete 
| 284|0x0000000091c00000, 0x0000000091d00000, 0x0000000091d00000|100%| E|CS|TAMS 0x0000000091c00000, 0x0000000091c00000| Complete 
| 285|0x0000000091d00000, 0x0000000091e00000, 0x0000000091e00000|100%| E|CS|TAMS 0x0000000091d00000, 0x0000000091d00000| Complete 
| 286|0x0000000091e00000, 0x0000000091f00000, 0x0000000091f00000|100%| E|CS|TAMS 0x0000000091e00000, 0x0000000091e00000| Complete 
| 287|0x0000000091f00000, 0x0000000092000000, 0x0000000092000000|100%| E|CS|TAMS 0x0000000091f00000, 0x0000000091f00000| Complete 
| 288|0x0000000092000000, 0x0000000092100000, 0x0000000092100000|100%| E|CS|TAMS 0x0000000092000000, 0x0000000092000000| Complete 
| 289|0x0000000092100000, 0x0000000092200000, 0x0000000092200000|100%| E|CS|TAMS 0x0000000092100000, 0x0000000092100000| Complete 
| 290|0x0000000092200000, 0x0000000092300000, 0x0000000092300000|100%| E|CS|TAMS 0x0000000092200000, 0x0000000092200000| Complete 
| 291|0x0000000092300000, 0x0000000092400000, 0x0000000092400000|100%| E|CS|TAMS 0x0000000092300000, 0x0000000092300000| Complete 
| 292|0x0000000092400000, 0x0000000092500000, 0x0000000092500000|100%| E|CS|TAMS 0x0000000092400000, 0x0000000092400000| Complete 
| 293|0x0000000092500000, 0x0000000092600000, 0x0000000092600000|100%| E|CS|TAMS 0x0000000092500000, 0x0000000092500000| Complete 
| 294|0x0000000092600000, 0x0000000092700000, 0x0000000092700000|100%| E|CS|TAMS 0x0000000092600000, 0x0000000092600000| Complete 
| 295|0x0000000092700000, 0x0000000092800000, 0x0000000092800000|100%| E|CS|TAMS 0x0000000092700000, 0x0000000092700000| Complete 

Card table byte_map: [0x0000024b38000000,0x0000024b38400000] _byte_map_base: 0x0000024b37c00000

Marking Bits (Prev, Next): (CMBitMap*) 0x0000024b24bb6c78, (CMBitMap*) 0x0000024b24bb6cb0
 Prev Bits: [0x0000024b38800000, 0x0000024b3a800000)
 Next Bits: [0x0000024b3a800000, 0x0000024b3c800000)

Polling page: 0x0000024b228d0000

Metaspace:

Usage:
  Non-class:     43.93 MB capacity,    43.10 MB ( 98%) used,   716.55 KB (  2%) free+waste,   135.94 KB ( <1%) overhead. 
      Class:      6.77 MB capacity,     6.31 MB ( 93%) used,   407.71 KB (  6%) free+waste,    65.50 KB ( <1%) overhead. 
       Both:     50.70 MB capacity,    49.40 MB ( 97%) used,     1.10 MB (  2%) free+waste,   201.44 KB ( <1%) overhead. 

Virtual space:
  Non-class space:       46.00 MB reserved,      44.08 MB ( 96%) committed 
      Class space:        1.00 GB reserved,       6.88 MB ( <1%) committed 
             Both:        1.04 GB reserved,      50.95 MB (  5%) committed 

Chunk freelists:
   Non-Class:  26.00 KB
       Class:  0 bytes
        Both:  26.00 KB

MaxMetaspaceSize: 17179869184.00 GB
CompressedClassSpaceSize: 1.00 GB
Initial GC threshold: 20.80 MB
Current GC threshold: 58.88 MB
CDS: off

CodeHeap 'non-profiled nmethods': size=120000Kb used=5219Kb max_used=5219Kb free=114780Kb
 bounds [0x0000024b30170000, 0x0000024b30690000, 0x0000024b376a0000]
CodeHeap 'profiled nmethods': size=120000Kb used=13532Kb max_used=13532Kb free=106467Kb
 bounds [0x0000024b28c40000, 0x0000024b29980000, 0x0000024b30170000]
CodeHeap 'non-nmethods': size=5760Kb used=2300Kb max_used=2366Kb free=3459Kb
 bounds [0x0000024b286a0000, 0x0000024b28910000, 0x0000024b28c40000]
 total_blobs=6719 nmethods=5914 adapters=717
 compilation: enabled
              stopped_count=0, restarted_count=0
 full_count=0

Compilation events (20 events):
Event: 12.246 Thread 0x0000024b3fd62800 nmethod 5934 0x0000024b29958390 code [0x0000024b299585a0, 0x0000024b29958be8]
Event: 12.246 Thread 0x0000024b3fd62800 5935       3       groovyjarjarantlr4.v4.runtime.dfa.DFAState::getLexerActionExecutor (17 bytes)
Event: 12.246 Thread 0x0000024b3fd62800 nmethod 5935 0x0000024b29958e90 code [0x0000024b29959040, 0x0000024b299591b8]
Event: 12.246 Thread 0x0000024b3fd62800 5937 %     3       groovyjarjarantlr4.v4.runtime.atn.ParserATNSimulator::closure @ 298 (784 bytes)
Event: 12.249 Thread 0x0000024b3fd62800 nmethod 5937% 0x0000024b29959290 code [0x0000024b29959860, 0x0000024b2995dc78]
Event: 12.249 Thread 0x0000024b3fd62800 5936       3       groovyjarjarantlr4.v4.runtime.atn.LexerATNSimulator::accept (42 bytes)
Event: 12.250 Thread 0x0000024b3fd62800 nmethod 5936 0x0000024b2995ee10 code [0x0000024b2995efe0, 0x0000024b2995f298]
Event: 12.250 Thread 0x0000024b3fd62800 5938       3       groovyjarjarantlr4.v4.runtime.atn.ParserATNSimulator::closure (784 bytes)
Event: 12.253 Thread 0x0000024b3fd62800 nmethod 5938 0x0000024b2995f410 code [0x0000024b2995f9e0, 0x0000024b299639f8]
Event: 12.254 Thread 0x0000024b3fd62800 5941       3       groovyjarjarantlr4.v4.runtime.atn.SemanticContext::and (54 bytes)
Event: 12.255 Thread 0x0000024b3fd62800 nmethod 5941 0x0000024b29964b10 code [0x0000024b29964ce0, 0x0000024b29964fe8]
Event: 12.261 Thread 0x0000024b49376800 nmethod 5902 0x0000024b30687610 code [0x0000024b30687820, 0x0000024b306884c8]
Event: 12.261 Thread 0x0000024b49376800 5942       4       groovyjarjarantlr4.v4.runtime.atn.ParserATNSimulator::closure (784 bytes)
Event: 12.262 Thread 0x0000024b3fd62800 5943       3       groovyjarjarantlr4.v4.runtime.atn.ParserATNSimulator::execATN (730 bytes)
Event: 12.266 Thread 0x0000024b3fd62800 nmethod 5943 0x0000024b29965110 code [0x0000024b29965640, 0x0000024b29968e38]
Event: 12.266 Thread 0x0000024b3fd62800 5944       3       java.util.concurrent.atomic.AtomicIntegerArray::<init> (12 bytes)
Event: 12.266 Thread 0x0000024b3fd62800 nmethod 5944 0x0000024b2996a190 code [0x0000024b2996a340, 0x0000024b2996a598]
Event: 12.270 Thread 0x0000024b3fd62800 5946       3       groovyjarjarantlr4.v4.runtime.CommonTokenFactory::create (18 bytes)
Event: 12.270 Thread 0x0000024b3fd62800 nmethod 5946 0x0000024b2996a690 code [0x0000024b2996a840, 0x0000024b2996a9a8]
Event: 12.270 Thread 0x0000024b3fd62800 5947       3       groovyjarjarantlr4.v4.runtime.CommonTokenFactory::create (85 bytes)

GC Heap History (20 events):
Event: 9.215 GC heap before
{Heap before GC invocations=15 (full 0):
 garbage-first heap   total 251904K, used 208771K [0x0000000080000000, 0x0000000100000000)
  region size 1024K, 139 young (142336K), 13 survivors (13312K)
 Metaspace       used 50111K, capacity 51341K, committed 51536K, reserved 1093632K
  class space    used 6408K, capacity 6873K, committed 6912K, reserved 1048576K
}
Event: 9.222 GC heap after
{Heap after GC invocations=16 (full 0):
 garbage-first heap   total 251904K, used 81238K [0x0000000080000000, 0x0000000100000000)
  region size 1024K, 6 young (6144K), 6 survivors (6144K)
 Metaspace       used 50111K, capacity 51341K, committed 51536K, reserved 1093632K
  class space    used 6408K, capacity 6873K, committed 6912K, reserved 1048576K
}
Event: 9.360 GC heap before
{Heap before GC invocations=16 (full 0):
 garbage-first heap   total 251904K, used 211286K [0x0000000080000000, 0x0000000100000000)
  region size 1024K, 133 young (136192K), 6 survivors (6144K)
 Metaspace       used 50111K, capacity 51341K, committed 51536K, reserved 1093632K
  class space    used 6408K, capacity 6873K, committed 6912K, reserved 1048576K
}
Event: 9.364 GC heap after
{Heap after GC invocations=17 (full 0):
 garbage-first heap   total 251904K, used 81595K [0x0000000080000000, 0x0000000100000000)
  region size 1024K, 6 young (6144K), 6 survivors (6144K)
 Metaspace       used 50111K, capacity 51341K, committed 51536K, reserved 1093632K
  class space    used 6408K, capacity 6873K, committed 6912K, reserved 1048576K
}
Event: 9.512 GC heap before
{Heap before GC invocations=17 (full 0):
 garbage-first heap   total 251904K, used 214715K [0x0000000080000000, 0x0000000100000000)
  region size 1024K, 134 young (137216K), 6 survivors (6144K)
 Metaspace       used 50125K, capacity 51341K, committed 51536K, reserved 1093632K
  class space    used 6408K, capacity 6873K, committed 6912K, reserved 1048576K
}
Event: 9.515 GC heap after
{Heap after GC invocations=18 (full 0):
 garbage-first heap   total 251904K, used 78443K [0x0000000080000000, 0x0000000100000000)
  region size 1024K, 5 young (5120K), 5 survivors (5120K)
 Metaspace       used 50125K, capacity 51341K, committed 51536K, reserved 1093632K
  class space    used 6408K, capacity 6873K, committed 6912K, reserved 1048576K
}
Event: 9.802 GC heap before
{Heap before GC invocations=18 (full 0):
 garbage-first heap   total 251904K, used 213611K [0x0000000080000000, 0x0000000100000000)
  region size 1024K, 137 young (140288K), 5 survivors (5120K)
 Metaspace       used 50125K, capacity 51341K, committed 51536K, reserved 1093632K
  class space    used 6408K, capacity 6873K, committed 6912K, reserved 1048576K
}
Event: 9.806 GC heap after
{Heap after GC invocations=19 (full 0):
 garbage-first heap   total 251904K, used 79622K [0x0000000080000000, 0x0000000100000000)
  region size 1024K, 6 young (6144K), 6 survivors (6144K)
 Metaspace       used 50125K, capacity 51341K, committed 51536K, reserved 1093632K
  class space    used 6408K, capacity 6873K, committed 6912K, reserved 1048576K
}
Event: 10.073 GC heap before
{Heap before GC invocations=19 (full 0):
 garbage-first heap   total 251904K, used 214790K [0x0000000080000000, 0x0000000100000000)
  region size 1024K, 138 young (141312K), 6 survivors (6144K)
 Metaspace       used 50125K, capacity 51341K, committed 51536K, reserved 1093632K
  class space    used 6408K, capacity 6873K, committed 6912K, reserved 1048576K
}
Event: 10.076 GC heap after
{Heap after GC invocations=20 (full 0):
 garbage-first heap   total 251904K, used 80273K [0x0000000080000000, 0x0000000100000000)
  region size 1024K, 7 young (7168K), 7 survivors (7168K)
 Metaspace       used 50125K, capacity 51341K, committed 51536K, reserved 1093632K
  class space    used 6408K, capacity 6873K, committed 6912K, reserved 1048576K
}
Event: 10.342 GC heap before
{Heap before GC invocations=20 (full 0):
 garbage-first heap   total 251904K, used 215441K [0x0000000080000000, 0x0000000100000000)
  region size 1024K, 139 young (142336K), 7 survivors (7168K)
 Metaspace       used 50128K, capacity 51341K, committed 51536K, reserved 1093632K
  class space    used 6408K, capacity 6873K, committed 6912K, reserved 1048576K
}
Event: 10.347 GC heap after
{Heap after GC invocations=21 (full 0):
 garbage-first heap   total 251904K, used 81477K [0x0000000080000000, 0x0000000100000000)
  region size 1024K, 8 young (8192K), 8 survivors (8192K)
 Metaspace       used 50128K, capacity 51341K, committed 51536K, reserved 1093632K
  class space    used 6408K, capacity 6873K, committed 6912K, reserved 1048576K
}
Event: 11.159 GC heap before
{Heap before GC invocations=21 (full 0):
 garbage-first heap   total 251904K, used 220741K [0x0000000080000000, 0x0000000100000000)
  region size 1024K, 140 young (143360K), 8 survivors (8192K)
 Metaspace       used 50239K, capacity 51590K, committed 51920K, reserved 1093632K
  class space    used 6423K, capacity 6913K, committed 7040K, reserved 1048576K
}
Event: 11.163 GC heap after
{Heap after GC invocations=22 (full 0):
 garbage-first heap   total 303104K, used 78335K [0x0000000080000000, 0x0000000100000000)
  region size 1024K, 5 young (5120K), 5 survivors (5120K)
 Metaspace       used 50239K, capacity 51590K, committed 51920K, reserved 1093632K
  class space    used 6423K, capacity 6913K, committed 7040K, reserved 1048576K
}
Event: 11.428 GC heap before
{Heap before GC invocations=22 (full 0):
 garbage-first heap   total 303104K, used 248319K [0x0000000080000000, 0x0000000100000000)
  region size 1024K, 171 young (175104K), 5 survivors (5120K)
 Metaspace       used 50303K, capacity 51611K, committed 51920K, reserved 1093632K
  class space    used 6436K, capacity 6920K, committed 7040K, reserved 1048576K
}
Event: 11.432 GC heap after
{Heap after GC invocations=23 (full 0):
 garbage-first heap   total 303104K, used 80801K [0x0000000080000000, 0x0000000100000000)
  region size 1024K, 7 young (7168K), 7 survivors (7168K)
 Metaspace       used 50303K, capacity 51611K, committed 51920K, reserved 1093632K
  class space    used 6436K, capacity 6920K, committed 7040K, reserved 1048576K
}
Event: 11.729 GC heap before
{Heap before GC invocations=23 (full 0):
 garbage-first heap   total 303104K, used 254881K [0x0000000080000000, 0x0000000100000000)
  region size 1024K, 177 young (181248K), 7 survivors (7168K)
 Metaspace       used 50303K, capacity 51611K, committed 51920K, reserved 1093632K
  class space    used 6436K, capacity 6920K, committed 7040K, reserved 1048576K
}
Event: 11.733 GC heap after
{Heap after GC invocations=24 (full 0):
 garbage-first heap   total 303104K, used 83700K [0x0000000080000000, 0x0000000100000000)
  region size 1024K, 10 young (10240K), 10 survivors (10240K)
 Metaspace       used 50303K, capacity 51611K, committed 51920K, reserved 1093632K
  class space    used 6436K, capacity 6920K, committed 7040K, reserved 1048576K
}
Event: 12.036 GC heap before
{Heap before GC invocations=24 (full 0):
 garbage-first heap   total 303104K, used 256756K [0x0000000080000000, 0x0000000100000000)
  region size 1024K, 177 young (181248K), 10 survivors (10240K)
 Metaspace       used 50352K, capacity 51675K, committed 51920K, reserved 1093632K
  class space    used 6439K, capacity 6920K, committed 7040K, reserved 1048576K
}
Event: 12.040 GC heap after
{Heap after GC invocations=25 (full 0):
 garbage-first heap   total 303104K, used 75903K [0x0000000080000000, 0x0000000100000000)
  region size 1024K, 5 young (5120K), 5 survivors (5120K)
 Metaspace       used 50352K, capacity 51675K, committed 51920K, reserved 1093632K
  class space    used 6439K, capacity 6920K, committed 7040K, reserved 1048576K
}

Deoptimization events (20 events):
Event: 12.227 Thread 0x0000024b4141f000 Uncommon trap: trap_request=0xffffff4d fr.pc=0x0000024b303f67ec relative=0x000000000000038c
Event: 12.227 Thread 0x0000024b4141f000 Uncommon trap: reason=unstable_if action=reinterpret pc=0x0000024b303f67ec method=java.util.HashMap$TreeNode.find(ILjava/lang/Object;Ljava/lang/Class;)Ljava/util/HashMap$TreeNode; @ 39 c2
Event: 12.227 Thread 0x0000024b4141f000 DEOPT PACKING pc=0x0000024b303f67ec sp=0x0000009ef6bf79c0
Event: 12.227 Thread 0x0000024b4141f000 DEOPT UNPACKING pc=0x0000024b286ea1af sp=0x0000009ef6bf7940 mode 2
Event: 12.231 Thread 0x0000024b4141f000 DEOPT PACKING pc=0x0000024b2936d05b sp=0x0000009ef6bf75e0
Event: 12.231 Thread 0x0000024b4141f000 DEOPT UNPACKING pc=0x0000024b286ea95e sp=0x0000009ef6bf6a80 mode 0
Event: 12.233 Thread 0x0000024b4141f000 DEOPT PACKING pc=0x0000024b2936d05b sp=0x0000009ef6bf6fe0
Event: 12.233 Thread 0x0000024b4141f000 DEOPT UNPACKING pc=0x0000024b286ea95e sp=0x0000009ef6bf6480 mode 0
Event: 12.246 Thread 0x0000024b4141f000 Uncommon trap: trap_request=0xffffff4d fr.pc=0x0000024b303f40c8 relative=0x0000000000001368
Event: 12.246 Thread 0x0000024b4141f000 Uncommon trap: reason=unstable_if action=reinterpret pc=0x0000024b303f40c8 method=groovyjarjarantlr4.v4.runtime.atn.ParserATNSimulator.closure(Lgroovyjarjarantlr4/v4/runtime/atn/ATNConfig;Lgroovyjarjarantlr4/v4/runtime/atn/ATNConfigSet;Lgroovyjarjarantlr4
Event: 12.246 Thread 0x0000024b4141f000 DEOPT PACKING pc=0x0000024b303f40c8 sp=0x0000009ef6bf75f0
Event: 12.246 Thread 0x0000024b4141f000 DEOPT UNPACKING pc=0x0000024b286ea1af sp=0x0000009ef6bf7578 mode 2
Event: 12.251 Thread 0x0000024b4141f000 Uncommon trap: trap_request=0xffffffde fr.pc=0x0000024b30373238 relative=0x0000000000002558
Event: 12.251 Thread 0x0000024b4141f000 Uncommon trap: reason=class_check action=maybe_recompile pc=0x0000024b30373238 method=groovyjarjarantlr4.v4.runtime.atn.PredictionContextCache$PredictionContextAndInt.equals(Ljava/lang/Object;)Z @ 58 c2
Event: 12.251 Thread 0x0000024b4141f000 DEOPT PACKING pc=0x0000024b30373238 sp=0x0000009ef6bf7780
Event: 12.251 Thread 0x0000024b4141f000 DEOPT UNPACKING pc=0x0000024b286ea1af sp=0x0000009ef6bf7558 mode 2
Event: 12.251 Thread 0x0000024b4141f000 Uncommon trap: trap_request=0xffffffde fr.pc=0x0000024b30373238 relative=0x0000000000002558
Event: 12.251 Thread 0x0000024b4141f000 Uncommon trap: reason=class_check action=maybe_recompile pc=0x0000024b30373238 method=groovyjarjarantlr4.v4.runtime.atn.PredictionContextCache$PredictionContextAndInt.equals(Ljava/lang/Object;)Z @ 58 c2
Event: 12.251 Thread 0x0000024b4141f000 DEOPT PACKING pc=0x0000024b30373238 sp=0x0000009ef6bf7780
Event: 12.251 Thread 0x0000024b4141f000 DEOPT UNPACKING pc=0x0000024b286ea1af sp=0x0000009ef6bf7558 mode 2

Classes redefined (0 events):
No events

Internal exceptions (20 events):
Event: 7.618 Thread 0x0000024b4141f000 Exception <a 'java/lang/ClassNotFoundException'{0x000000008f38f1f8}: org/gradle/api/internal/initialization/DefaultScriptHandlerCustomizer> (0x000000008f38f1f8) thrown at [src/hotspot/share/classfile/systemDictionary.cpp, line 230]
Event: 7.688 Thread 0x0000024b4141f000 Implicit null exception at 0x0000024b3039146c to 0x0000024b30391514
Event: 7.692 Thread 0x0000024b4141f000 Exception <a 'java/lang/ClassNotFoundException'{0x000000008e999128}: org/gradle/api/internal/artifacts/dsl/dependencies/DefaultDependencyHandler_DecoratedBeanInfo> (0x000000008e999128) thrown at [src/hotspot/share/classfile/systemDictionary.cpp, line 230]
Event: 7.693 Thread 0x0000024b4141f000 Exception <a 'java/lang/ClassNotFoundException'{0x000000008e9df8a0}: org/gradle/api/internal/artifacts/dsl/dependencies/DefaultDependencyHandlerBeanInfo> (0x000000008e9df8a0) thrown at [src/hotspot/share/classfile/systemDictionary.cpp, line 230]
Event: 7.693 Thread 0x0000024b4141f000 Exception <a 'java/lang/ClassNotFoundException'{0x000000008e826130}: org/gradle/api/internal/artifacts/dsl/dependencies/DefaultDependencyHandlerCustomizer> (0x000000008e826130) thrown at [src/hotspot/share/classfile/systemDictionary.cpp, line 230]
Event: 7.695 Thread 0x0000024b4141f000 Exception <a 'java/lang/ClassNotFoundException'{0x000000008e897940}: org/gradle/api/internal/artifacts/dsl/dependencies/DefaultDependencyHandler_DecoratedCustomizer> (0x000000008e897940) thrown at [src/hotspot/share/classfile/systemDictionary.cpp, line 230]
Event: 7.769 Thread 0x0000024b4141f000 Exception <a 'java/lang/IncompatibleClassChangeError'{0x000000008db184a0}: Found class java.lang.Object, but interface was expected> (0x000000008db184a0) thrown at [src/hotspot/share/interpreter/linkResolver.cpp, line 839]
Event: 7.833 Thread 0x0000024b4141f000 Exception <a 'java/lang/NoSuchMethodError'{0x000000008d19e1a8}: 'int java.lang.invoke.DirectMethodHandle$Holder.invokeStaticInit(java.lang.Object)'> (0x000000008d19e1a8) thrown at [src/hotspot/share/interpreter/linkResolver.cpp, line 773]
Event: 7.858 Thread 0x0000024b40401000 Exception <a 'sun/nio/fs/WindowsException'{0x000000008cbd7408}> (0x000000008cbd7408) thrown at [src/hotspot/share/prims/jni.cpp, line 617]
Event: 7.869 Thread 0x0000024b403ff800 Exception <a 'sun/nio/fs/WindowsException'{0x000000008c2cbe18}> (0x000000008c2cbe18) thrown at [src/hotspot/share/prims/jni.cpp, line 617]
Event: 9.460 Thread 0x0000024b40401000 Implicit null exception at 0x0000024b3043945f to 0x0000024b304398e0
Event: 9.483 Thread 0x0000024b40401000 Exception <a 'sun/nio/fs/WindowsException'{0x00000000885c30f8}> (0x00000000885c30f8) thrown at [src/hotspot/share/prims/jni.cpp, line 617]
Event: 9.484 Thread 0x0000024b40401000 Exception <a 'sun/nio/fs/WindowsException'{0x00000000885c32a0}> (0x00000000885c32a0) thrown at [src/hotspot/share/prims/jni.cpp, line 617]
Event: 10.553 Thread 0x0000024b403ff800 Exception <a 'sun/nio/fs/WindowsException'{0x0000000089bb63b8}> (0x0000000089bb63b8) thrown at [src/hotspot/share/prims/jni.cpp, line 617]
Event: 10.553 Thread 0x0000024b403ff800 Exception <a 'sun/nio/fs/WindowsException'{0x0000000089bb6548}> (0x0000000089bb6548) thrown at [src/hotspot/share/prims/jni.cpp, line 617]
Event: 12.185 Thread 0x0000024b403fc000 Exception <a 'sun/nio/fs/WindowsException'{0x000000008fbd18d0}> (0x000000008fbd18d0) thrown at [src/hotspot/share/prims/jni.cpp, line 617]
Event: 12.190 Thread 0x0000024b403fc000 Exception <a 'sun/nio/fs/WindowsException'{0x000000008fa00b28}> (0x000000008fa00b28) thrown at [src/hotspot/share/prims/jni.cpp, line 617]
Event: 12.190 Thread 0x0000024b403fc000 Exception <a 'sun/nio/fs/WindowsException'{0x000000008fa00cb0}> (0x000000008fa00cb0) thrown at [src/hotspot/share/prims/jni.cpp, line 617]
Event: 12.206 Thread 0x0000024b4141f000 Exception <a 'java/lang/ClassNotFoundException'{0x000000008fabef58}: sync_studio_tooling4_ank4hc040j1cx079a5khrclroBeanInfo> (0x000000008fabef58) thrown at [src/hotspot/share/classfile/systemDictionary.cpp, line 230]
Event: 12.206 Thread 0x0000024b4141f000 Exception <a 'java/lang/ClassNotFoundException'{0x000000008facc2a8}: sync_studio_tooling4_ank4hc040j1cx079a5khrclroCustomizer> (0x000000008facc2a8) thrown at [src/hotspot/share/classfile/systemDictionary.cpp, line 230]

Events (20 events):
Event: 12.189 Executing VM operation: RevokeBias done
Event: 12.205 loading class groovy/runtime/metaclass/sync_studio_tooling4_ank4hc040j1cx079a5khrclroMetaClass
Event: 12.205 loading class groovy/runtime/metaclass/sync_studio_tooling4_ank4hc040j1cx079a5khrclroMetaClass done
Event: 12.206 loading class sync_studio_tooling4_ank4hc040j1cx079a5khrclroBeanInfo
Event: 12.206 loading class sync_studio_tooling4_ank4hc040j1cx079a5khrclroBeanInfo done
Event: 12.206 loading class sync_studio_tooling4_ank4hc040j1cx079a5khrclroBeanInfo
Event: 12.206 loading class sync_studio_tooling4_ank4hc040j1cx079a5khrclroBeanInfo done
Event: 12.206 loading class sync_studio_tooling4_ank4hc040j1cx079a5khrclroCustomizer
Event: 12.206 loading class sync_studio_tooling4_ank4hc040j1cx079a5khrclroCustomizer done
Event: 12.206 loading class sync_studio_tooling4_ank4hc040j1cx079a5khrclroCustomizer
Event: 12.206 loading class sync_studio_tooling4_ank4hc040j1cx079a5khrclroCustomizer done
Event: 12.207 loading class groovy/runtime/metaclass/sync_studio_tooling4_ank4hc040j1cx079a5khrclro$_run_closure1MetaClass
Event: 12.207 loading class groovy/runtime/metaclass/sync_studio_tooling4_ank4hc040j1cx079a5khrclro$_run_closure1MetaClass done
Event: 12.208 loading class org/gradle/invocation/DefaultGradle$2
Event: 12.208 loading class org/gradle/invocation/DefaultGradle$2 done
Event: 12.208 loading class org/gradle/configuration/internal/DefaultUserCodeApplicationContext$CurrentApplication$1
Event: 12.208 loading class org/gradle/configuration/internal/DefaultUserCodeApplicationContext$CurrentApplication$1 done
Event: 12.209 loading class org/gradle/configuration/internal/DefaultListenerBuildOperationDecorator$BuildOperationEmittingAction
Event: 12.209 loading class org/gradle/configuration/internal/DefaultListenerBuildOperationDecorator$BuildOperationEmittingAction done
Event: 12.221 Thread 0x0000024b49376800 Thread added: 0x0000024b49376800


Dynamic libraries:
0x00007ff6c8660000 - 0x00007ff6c866a000 	D:\androidstudio\jbr\bin\java.exe
0x00007fff41040000 - 0x00007fff41249000 	C:\Windows\SYSTEM32\ntdll.dll
0x00007fff3f600000 - 0x00007fff3f6be000 	C:\Windows\System32\KERNEL32.DLL
0x00007fff3e8b0000 - 0x00007fff3ec2b000 	C:\Windows\System32\KERNELBASE.dll
0x00007fff3ec30000 - 0x00007fff3ed41000 	C:\Windows\System32\ucrtbase.dll
0x00007fff2a130000 - 0x00007fff2a14b000 	D:\androidstudio\jbr\bin\VCRUNTIME140.dll
0x00007fff2a530000 - 0x00007fff2a547000 	D:\androidstudio\jbr\bin\jli.dll
0x00007fff3eec0000 - 0x00007fff3f06d000 	C:\Windows\System32\USER32.dll
0x00007fff3e760000 - 0x00007fff3e786000 	C:\Windows\System32\win32u.dll
0x00007fff36cf0000 - 0x00007fff36f95000 	C:\Windows\WinSxS\amd64_microsoft.windows.common-controls_6595b64144ccf1df_6.0.22000.120_none_9d947278b86cc467\COMCTL32.dll
0x00007fff3f6e0000 - 0x00007fff3f709000 	C:\Windows\System32\GDI32.dll
0x00007fff3f0e0000 - 0x00007fff3f183000 	C:\Windows\System32\msvcrt.dll
0x00007fff3e790000 - 0x00007fff3e8a8000 	C:\Windows\System32\gdi32full.dll
0x00007fff3e510000 - 0x00007fff3e5ad000 	C:\Windows\System32\msvcp_win.dll
0x00007fff40b50000 - 0x00007fff40b82000 	C:\Windows\System32\IMM32.DLL
0x00007fff2a000000 - 0x00007fff2a00c000 	D:\androidstudio\jbr\bin\vcruntime140_1.dll
0x00007ffef16c0000 - 0x00007ffef174d000 	D:\androidstudio\jbr\bin\msvcp140.dll
0x00007ffee9f80000 - 0x00007ffeeab3c000 	D:\androidstudio\jbr\bin\server\jvm.dll
0x00007fff40070000 - 0x00007fff4011e000 	C:\Windows\System32\ADVAPI32.dll
0x00007fff3f270000 - 0x00007fff3f30e000 	C:\Windows\System32\sechost.dll
0x00007fff40a00000 - 0x00007fff40b20000 	C:\Windows\System32\RPCRT4.dll
0x00007fff40b20000 - 0x00007fff40b28000 	C:\Windows\System32\PSAPI.DLL
0x00007ffed1e90000 - 0x00007ffed1e99000 	C:\Windows\SYSTEM32\WSOCK32.dll
0x00007fff3bdf0000 - 0x00007fff3be23000 	C:\Windows\SYSTEM32\WINMM.dll
0x00007fff3f530000 - 0x00007fff3f59f000 	C:\Windows\System32\WS2_32.dll
0x00007fff353a0000 - 0x00007fff353aa000 	C:\Windows\SYSTEM32\VERSION.dll
0x00007fff3d600000 - 0x00007fff3d618000 	C:\Windows\SYSTEM32\kernel.appcore.dll
0x00007fff346c0000 - 0x00007fff346d0000 	D:\androidstudio\jbr\bin\verify.dll
0x00007fff3b830000 - 0x00007fff3ba51000 	C:\Windows\SYSTEM32\DBGHELP.DLL
0x00007fff364c0000 - 0x00007fff364f1000 	C:\Windows\SYSTEM32\dbgcore.DLL
0x00007fff3e5b0000 - 0x00007fff3e62f000 	C:\Windows\System32\bcryptPrimitives.dll
0x00007fff2b050000 - 0x00007fff2b078000 	D:\androidstudio\jbr\bin\java.dll
0x00007fff345a0000 - 0x00007fff345aa000 	D:\androidstudio\jbr\bin\jimage.dll
0x00007fff2cc90000 - 0x00007fff2cca8000 	D:\androidstudio\jbr\bin\zip.dll
0x00007fff3f8b0000 - 0x00007fff40067000 	C:\Windows\System32\SHELL32.dll
0x00007fff3c600000 - 0x00007fff3ce65000 	C:\Windows\SYSTEM32\windows.storage.dll
0x00007fff40210000 - 0x00007fff40588000 	C:\Windows\System32\combase.dll
0x00007fff3c490000 - 0x00007fff3c5f6000 	C:\Windows\SYSTEM32\wintypes.dll
0x00007fff3f710000 - 0x00007fff3f7fa000 	C:\Windows\System32\SHCORE.dll
0x00007fff3f070000 - 0x00007fff3f0cd000 	C:\Windows\System32\shlwapi.dll
0x00007fff3e440000 - 0x00007fff3e461000 	C:\Windows\SYSTEM32\profapi.dll
0x00007fff2b030000 - 0x00007fff2b049000 	D:\androidstudio\jbr\bin\net.dll
0x00007fff393f0000 - 0x00007fff39504000 	C:\Windows\SYSTEM32\WINHTTP.dll
0x00007fff3daa0000 - 0x00007fff3db07000 	C:\Windows\system32\mswsock.dll
0x00007fff2aa30000 - 0x00007fff2aa43000 	D:\androidstudio\jbr\bin\nio.dll
0x00007fff217d0000 - 0x00007fff217f7000 	C:\Users\Borja Chacon\.gradle\native\e1d6ef7f7dcc3fd88c89a11ec53ec762bb8ba0a96d01ffa2cd45eb1d1d8dd5c5\windows-amd64\native-platform.dll
0x00007ffeee860000 - 0x00007ffeee9a4000 	C:\Users\Borja Chacon\.gradle\native\0d407fdbe67a94daf76414ababcb853783967236a71b16ec16e742cd7a986fd3\windows-amd64\native-platform-file-events.dll
0x00007fff2ea90000 - 0x00007fff2ea9a000 	D:\androidstudio\jbr\bin\management.dll
0x00007fff2ea40000 - 0x00007fff2ea4b000 	D:\androidstudio\jbr\bin\management_ext.dll
0x00007fff3dce0000 - 0x00007fff3dcf8000 	C:\Windows\SYSTEM32\CRYPTSP.dll
0x00007fff3d560000 - 0x00007fff3d595000 	C:\Windows\system32\rsaenh.dll
0x00007fff3db90000 - 0x00007fff3dbb9000 	C:\Windows\SYSTEM32\USERENV.dll
0x00007fff3de70000 - 0x00007fff3de97000 	C:\Windows\SYSTEM32\bcrypt.dll
0x00007fff3dd00000 - 0x00007fff3dd0c000 	C:\Windows\SYSTEM32\CRYPTBASE.dll
0x00007fff3d0c0000 - 0x00007fff3d0ed000 	C:\Windows\SYSTEM32\IPHLPAPI.DLL
0x00007fff3f890000 - 0x00007fff3f899000 	C:\Windows\System32\NSI.dll
0x00007fff39300000 - 0x00007fff39319000 	C:\Windows\SYSTEM32\dhcpcsvc6.DLL
0x00007fff39610000 - 0x00007fff3962e000 	C:\Windows\SYSTEM32\dhcpcsvc.DLL
0x00007fff3d0f0000 - 0x00007fff3d1d8000 	C:\Windows\SYSTEM32\DNSAPI.dll

dbghelp: loaded successfully - version: 4.0.5 - missing functions: none
symbol engine: initialized successfully - sym options: 0x614 - pdb path: .;D:\androidstudio\jbr\bin;C:\Windows\SYSTEM32;C:\Windows\WinSxS\amd64_microsoft.windows.common-controls_6595b64144ccf1df_6.0.22000.120_none_9d947278b86cc467;D:\androidstudio\jbr\bin\server;C:\Users\Borja Chacon\.gradle\native\e1d6ef7f7dcc3fd88c89a11ec53ec762bb8ba0a96d01ffa2cd45eb1d1d8dd5c5\windows-amd64;C:\Users\Borja Chacon\.gradle\native\0d407fdbe67a94daf76414ababcb853783967236a71b16ec16e742cd7a986fd3\windows-amd64

VM Arguments:
jvm_args: --add-opens=java.base/java.util=ALL-UNNAMED --add-opens=java.base/java.lang=ALL-UNNAMED --add-opens=java.base/java.lang.invoke=ALL-UNNAMED --add-opens=java.base/java.util=ALL-UNNAMED --add-opens=java.prefs/java.util.prefs=ALL-UNNAMED --add-opens=java.prefs/java.util.prefs=ALL-UNNAMED --add-opens=java.base/java.nio.charset=ALL-UNNAMED --add-opens=java.base/java.net=ALL-UNNAMED --add-opens=java.base/java.util.concurrent.atomic=ALL-UNNAMED -Xmx2048m -Dfile.encoding=UTF-8 -Duser.country=ES -Duser.language=es -Duser.variant 
java_command: org.gradle.launcher.daemon.bootstrap.GradleDaemon 7.5
java_class_path (initial): C:\Users\Borja Chacon\.gradle\wrapper\dists\gradle-7.5-bin\f1w0cc9nuo0eivz97x2xlu9sv\gradle-7.5\lib\gradle-launcher-7.5.jar
Launcher Type: SUN_STANDARD

[Global flags]
     intx CICompilerCount                          = 4                                         {product} {ergonomic}
     uint ConcGCThreads                            = 3                                         {product} {ergonomic}
     uint G1ConcRefinementThreads                  = 10                                        {product} {ergonomic}
   size_t G1HeapRegionSize                         = 1048576                                   {product} {ergonomic}
    uintx GCDrainStackTargetSize                   = 64                                        {product} {ergonomic}
   size_t InitialHeapSize                          = 257949696                                 {product} {ergonomic}
   size_t MarkStackSize                            = 4194304                                   {product} {ergonomic}
   size_t MaxHeapSize                              = 2147483648                                {product} {command line}
   size_t MaxNewSize                               = 1287651328                                {product} {ergonomic}
   size_t MinHeapDeltaBytes                        = 1048576                                   {product} {ergonomic}
    uintx NonNMethodCodeHeapSize                   = 5836300                                {pd product} {ergonomic}
    uintx NonProfiledCodeHeapSize                  = 122910970                              {pd product} {ergonomic}
    uintx ProfiledCodeHeapSize                     = 122910970                              {pd product} {ergonomic}
    uintx ReservedCodeCacheSize                    = 251658240                              {pd product} {ergonomic}
     bool SegmentedCodeCache                       = true                                      {product} {ergonomic}
     bool UseCompressedClassPointers               = true                                 {lp64_product} {ergonomic}
     bool UseCompressedOops                        = true                                 {lp64_product} {ergonomic}
     bool UseG1GC                                  = true                                      {product} {ergonomic}
     bool UseLargePagesIndividualAllocation        = false                                  {pd product} {ergonomic}

Logging:
Log output configuration:
 #0: stdout all=warning uptime,level,tags
 #1: stderr all=off uptime,level,tags

Environment Variables:
PATH=C:\Program Files\Common Files\Oracle\Java\javapath;C:\Windows\System32\HWAudioDriverLibs;C:\Windows\system32;C:\Windows;C:\Windows\System32\Wbem;C:\Windows\System32\WindowsPowerShell\v1.0\;C:\Windows\System32\OpenSSH\;C:\Users\Administrator\AppData\Local\Microsoft\WindowsApps;C:\Program Files\Git\cmd;C:\Program Files\dotnet\;C:\Users\Borja Chacon\AppData\Local\Microsoft\WindowsApps;D:\PyCharm Community Edition 2022.2.3\bin;D:\IntelliJ IDEA Community Edition 2022.2.3\bin;C:\Users\Borja Chacon\.dotnet\tools;C:\Users\Borja Chacon\AppData\Local\JetBrains\Toolbox\scripts;C:\Users\Borja Chacon\.dotnet\tools
USERNAME=Borja Chacon
OS=Windows_NT
PROCESSOR_IDENTIFIER=AMD64 Family 25 Model 80 Stepping 0, AuthenticAMD



---------------  S Y S T E M  ---------------

OS: Windows 11 , 64 bit Build 22000 (10.0.22000.1335)
OS uptime: 7 days 0:01 hours

CPU:total 12 (initial active 12) (12 cores per cpu, 2 threads per core) family 25 model 80 stepping 0 microcode 0x0, cmov, cx8, fxsr, mmx, sse, sse2, sse3, ssse3, sse4.1, sse4.2, popcnt, avx, avx2, aes, clmul, erms, mmxext, 3dnowpref, lzcnt, sse4a, ht, tsc, tscinvbit, tscinv, bmi1, bmi2, adx, sha, fma

Memory: 4k page, system-wide physical 15724M (1876M free)
TotalPageFile size 31084M (AvailPageFile size 5M)
current process WorkingSet (physical memory assigned to process): 477M, peak: 477M
current process commit charge ("private bytes"): 536M, peak: 536M

vm_info: OpenJDK 64-Bit Server VM (11.0.15+0-b2043.56-9505619) for windows-amd64 JRE (11.0.15+0-b2043.56-9505619), built on Jan 19 2023 02:48:00 by "builduser" with unknown MS VC++:1929

END.
