#
# There is insufficient memory for the Java Runtime Environment to continue.
# Native memory allocation (mmap) failed to map 52428800 bytes for Failed to commit area from 0x000000008f600000 to 0x0000000092800000 of length 52428800.
# Possible reasons:
#   The system is out of physical RAM or swap space
#   The process is running with CompressedOops enabled, and the Java Heap may be blocking the growth of the native heap
# Possible solutions:
#   Reduce memory load on the system
#   Increase physical memory or swap space
#   Check if swap backing store is full
#   Decrease Java heap size (-Xmx/-Xms)
#   Decrease number of Java threads
#   Decrease Java thread stack sizes (-Xss)
#   Set larger code cache with -XX:ReservedCodeCacheSize=
#   JVM is running with Unscaled Compressed Oops mode in which the Java heap is
#     placed in the first 4GB address space. The Java Heap base address is the
#     maximum limit for the native heap growth. Please use -XX:HeapBaseMinAddress
#     to set the Java Heap base and to place the Java Heap above 4GB virtual address.
# This output file may be truncated or incomplete.
#
#  Out of Memory Error (src/hotspot/os/windows/os_windows.cpp:3627), pid=6040, tid=3204
#
# JRE version: OpenJDK Runtime Environment (11.0.15) (build 11.0.15+0-b2043.56-9505619)
# Java VM: OpenJDK 64-Bit Server VM (11.0.15+0-b2043.56-9505619, mixed mode, tiered, compressed oops, g1 gc, windows-amd64)
# No core dump will be written. Minidumps are not enabled by default on client versions of Windows
#

---------------  S U M M A R Y ------------

Command Line: --add-opens=java.base/java.util=ALL-UNNAMED --add-opens=java.base/java.lang=ALL-UNNAMED --add-opens=java.base/java.lang.invoke=ALL-UNNAMED --add-opens=java.base/java.util=ALL-UNNAMED --add-opens=java.prefs/java.util.prefs=ALL-UNNAMED --add-opens=java.prefs/java.util.prefs=ALL-UNNAMED --add-opens=java.base/java.nio.charset=ALL-UNNAMED --add-opens=java.base/java.net=ALL-UNNAMED --add-opens=java.base/java.util.concurrent.atomic=ALL-UNNAMED -Xmx2048m -Dfile.encoding=UTF-8 -Duser.country=ES -Duser.language=es -Duser.variant org.gradle.launcher.daemon.bootstrap.GradleDaemon 7.5

Host: AMD Ryzen 5 5600H with Radeon Graphics         , 12 cores, 15G,  Windows 11 , 64 bit Build 22000 (10.0.22000.1335)
Time: Sun Feb 12 20:01:12 2023 Hora estándar romance elapsed time: 7.515398 seconds (0d 0h 0m 7s)

---------------  T H R E A D  ---------------

Current thread (0x0000028d66d1e800):  VMThread "VM Thread" [stack: 0x000000b7de400000,0x000000b7de500000] [id=3204]

Stack: [0x000000b7de400000,0x000000b7de500000]
[error occurred during error reporting (printing stack bounds), id 0xc0000005, EXCEPTION_ACCESS_VIOLATION (0xc0000005) at pc=0x0000028d4f76112d]

Native frames: (J=compiled Java code, j=interpreted, Vv=VM code, C=native code)
V  [jvm.dll+0x64135a]
V  [jvm.dll+0x7d39f9]
V  [jvm.dll+0x7d51b9]
V  [jvm.dll+0x7d5805]
V  [jvm.dll+0x7d57bb]
V  [jvm.dll+0x640655]
V  [jvm.dll+0x640d68]
C  [ntdll.dll+0xa8b1f]
C  [ntdll.dll+0x35b9a]
C  [ntdll.dll+0xa7b2e]
C  0x0000028d4f76112d

VM_Operation (0x000000b7e0ffd230): G1CollectForAllocation, mode: safepoint, requested by thread 0x0000028d6b506800


---------------  P R O C E S S  ---------------

Threads class SMR info:
_java_thread_list=0x0000028d6b0d71b0, length=45, elements={
0x0000028d4a42a800, 0x0000028d67556800, 0x0000028d6755f800, 0x0000028d675b3800,
0x0000028d675b4800, 0x0000028d675b5800, 0x0000028d675b6800, 0x0000028d675bc000,
0x0000028d675c9800, 0x0000028d6772e000, 0x0000028d69dfd800, 0x0000028d68c20800,
0x0000028d67a66800, 0x0000028d680e1000, 0x0000028d69ab2000, 0x0000028d69209000,
0x0000028d68a5a800, 0x0000028d6a5c6000, 0x0000028d68682000, 0x0000028d68bdc000,
0x0000028d69c0f800, 0x0000028d69c0d000, 0x0000028d69c12000, 0x0000028d69c11000,
0x0000028d6903e800, 0x0000028d69c10000, 0x0000028d69c0e800, 0x0000028d69c12800,
0x0000028d69c0d800, 0x0000028d69c13800, 0x0000028d6b504000, 0x0000028d6b506800,
0x0000028d6b505000, 0x0000028d6b507800, 0x0000028d6b50a000, 0x0000028d6b508000,
0x0000028d6b509000, 0x0000028d6b50a800, 0x0000028d6b506000, 0x0000028d6b50b800,
0x0000028d6b50d000, 0x0000028d6b50e000, 0x0000028d6b510800, 0x0000028d6b511000,
0x0000028d6b50c800
}

Java Threads: ( => current thread )
  0x0000028d4a42a800 JavaThread "main" [_thread_blocked, id=16952, stack(0x000000b7dde00000,0x000000b7ddf00000)]
  0x0000028d67556800 JavaThread "Reference Handler" daemon [_thread_blocked, id=8788, stack(0x000000b7de500000,0x000000b7de600000)]
  0x0000028d6755f800 JavaThread "Finalizer" daemon [_thread_blocked, id=30020, stack(0x000000b7de600000,0x000000b7de700000)]
  0x0000028d675b3800 JavaThread "Signal Dispatcher" daemon [_thread_blocked, id=26440, stack(0x000000b7de700000,0x000000b7de800000)]
  0x0000028d675b4800 JavaThread "Attach Listener" daemon [_thread_blocked, id=9424, stack(0x000000b7de800000,0x000000b7de900000)]
  0x0000028d675b5800 JavaThread "Service Thread" daemon [_thread_blocked, id=28456, stack(0x000000b7de900000,0x000000b7dea00000)]
  0x0000028d675b6800 JavaThread "C2 CompilerThread0" daemon [_thread_blocked, id=28500, stack(0x000000b7dea00000,0x000000b7deb00000)]
  0x0000028d675bc000 JavaThread "C1 CompilerThread0" daemon [_thread_blocked, id=13516, stack(0x000000b7deb00000,0x000000b7dec00000)]
  0x0000028d675c9800 JavaThread "Sweeper thread" daemon [_thread_blocked, id=20760, stack(0x000000b7dec00000,0x000000b7ded00000)]
  0x0000028d6772e000 JavaThread "Common-Cleaner" daemon [_thread_blocked, id=7968, stack(0x000000b7ded00000,0x000000b7dee00000)]
  0x0000028d69dfd800 JavaThread "Daemon health stats" [_thread_blocked, id=26800, stack(0x000000b7df500000,0x000000b7df600000)]
  0x0000028d68c20800 JavaThread "Incoming local TCP Connector on port 64364" [_thread_in_native, id=16256, stack(0x000000b7def00000,0x000000b7df000000)]
  0x0000028d67a66800 JavaThread "Daemon periodic checks" [_thread_blocked, id=27892, stack(0x000000b7df000000,0x000000b7df100000)]
  0x0000028d680e1000 JavaThread "Daemon" [_thread_blocked, id=1860, stack(0x000000b7df600000,0x000000b7df700000)]
  0x0000028d69ab2000 JavaThread "Handler for socket connection from /127.0.0.1:64364 to /127.0.0.1:64365" [_thread_in_native, id=30632, stack(0x000000b7df700000,0x000000b7df800000)]
  0x0000028d69209000 JavaThread "Cancel handler" [_thread_blocked, id=25332, stack(0x000000b7df800000,0x000000b7df900000)]
  0x0000028d68a5a800 JavaThread "Daemon worker" [_thread_blocked, id=14296, stack(0x000000b7df900000,0x000000b7dfa00000)]
  0x0000028d6a5c6000 JavaThread "C2 CompilerThread1" daemon [_thread_blocked, id=29268, stack(0x000000b7dfa00000,0x000000b7dfb00000)]
  0x0000028d68682000 JavaThread "Asynchronous log dispatcher for DefaultDaemonConnection: socket connection from /127.0.0.1:64364 to /127.0.0.1:64365" [_thread_blocked, id=24584, stack(0x000000b7dfb00000,0x000000b7dfc00000)]
  0x0000028d68bdc000 JavaThread "Stdin handler" [_thread_blocked, id=11492, stack(0x000000b7dfc00000,0x000000b7dfd00000)]
  0x0000028d69c0f800 JavaThread "Daemon client event forwarder" [_thread_blocked, id=30164, stack(0x000000b7dfd00000,0x000000b7dfe00000)]
  0x0000028d69c0d000 JavaThread "Cache worker for journal cache (C:\Users\Borja Chacon\.gradle\caches\journal-1)" [_thread_blocked, id=2984, stack(0x000000b7dfe00000,0x000000b7dff00000)]
  0x0000028d69c12000 JavaThread "File lock request listener" [_thread_in_native, id=1756, stack(0x000000b7dff00000,0x000000b7e0000000)]
  0x0000028d69c11000 JavaThread "Cache worker for file hash cache (C:\Users\Borja Chacon\.gradle\caches\7.5\fileHashes)" [_thread_blocked, id=30596, stack(0x000000b7e0700000,0x000000b7e0800000)]
  0x0000028d6903e800 JavaThread "C2 CompilerThread2" daemon [_thread_blocked, id=26772, stack(0x000000b7e0800000,0x000000b7e0900000)]
  0x0000028d69c10000 JavaThread "File watcher server" daemon [_thread_in_native, id=19448, stack(0x000000b7e0900000,0x000000b7e0a00000)]
  0x0000028d69c0e800 JavaThread "File watcher consumer" daemon [_thread_blocked, id=24672, stack(0x000000b7e0a00000,0x000000b7e0b00000)]
  0x0000028d69c12800 JavaThread "jar transforms" [_thread_blocked, id=23124, stack(0x000000b7e0b00000,0x000000b7e0c00000)]
  0x0000028d69c0d800 JavaThread "jar transforms Thread 2" [_thread_blocked, id=19476, stack(0x000000b7e0c00000,0x000000b7e0d00000)]
  0x0000028d69c13800 JavaThread "jar transforms Thread 3" [_thread_blocked, id=3588, stack(0x000000b7e0d00000,0x000000b7e0e00000)]
  0x0000028d6b504000 JavaThread "jar transforms Thread 4" [_thread_blocked, id=12484, stack(0x000000b7e0e00000,0x000000b7e0f00000)]
  0x0000028d6b506800 JavaThread "jar transforms Thread 5" [_thread_blocked, id=27844, stack(0x000000b7e0f00000,0x000000b7e1000000)]
  0x0000028d6b505000 JavaThread "jar transforms Thread 6" [_thread_blocked, id=28572, stack(0x000000b7e1000000,0x000000b7e1100000)]
  0x0000028d6b507800 JavaThread "jar transforms Thread 7" [_thread_blocked, id=15312, stack(0x000000b7e1100000,0x000000b7e1200000)]
  0x0000028d6b50a000 JavaThread "jar transforms Thread 8" [_thread_blocked, id=10768, stack(0x000000b7e1200000,0x000000b7e1300000)]
  0x0000028d6b508000 JavaThread "jar transforms Thread 9" [_thread_blocked, id=28916, stack(0x000000b7e1300000,0x000000b7e1400000)]
  0x0000028d6b509000 JavaThread "jar transforms Thread 10" [_thread_blocked, id=8628, stack(0x000000b7e1400000,0x000000b7e1500000)]
  0x0000028d6b50a800 JavaThread "jar transforms Thread 11" [_thread_blocked, id=11524, stack(0x000000b7e1500000,0x000000b7e1600000)]
  0x0000028d6b506000 JavaThread "jar transforms Thread 12" [_thread_blocked, id=29436, stack(0x000000b7e1600000,0x000000b7e1700000)]
  0x0000028d6b50b800 JavaThread "Cache worker for checksums cache (D:\AndroidStudioProjects\ChaconAlvarezBorja2Eca\.gradle\7.5\checksums)" [_thread_blocked, id=9148, stack(0x000000b7e1700000,0x000000b7e1800000)]
  0x0000028d6b50d000 JavaThread "Cache worker for cache directory md-rule (C:\Users\Borja Chacon\.gradle\caches\7.5\md-rule)" [_thread_blocked, id=30484, stack(0x000000b7e1800000,0x000000b7e1900000)]
  0x0000028d6b50e000 JavaThread "Cache worker for file content cache (C:\Users\Borja Chacon\.gradle\caches\7.5\fileContent)" [_thread_blocked, id=25476, stack(0x000000b7e1900000,0x000000b7e1a00000)]
  0x0000028d6b510800 JavaThread "Cache worker for file hash cache (D:\AndroidStudioProjects\ChaconAlvarezBorja2Eca\.gradle\7.5\fileHashes)" [_thread_blocked, id=12944, stack(0x000000b7e1a00000,0x000000b7e1b00000)]
  0x0000028d6b511000 JavaThread "Cache worker for cache directory md-supplier (C:\Users\Borja Chacon\.gradle\caches\7.5\md-supplier)" [_thread_blocked, id=30208, stack(0x000000b7e1b00000,0x000000b7e1c00000)]
  0x0000028d6b50c800 JavaThread "Cache worker for execution history cache (C:\Users\Borja Chacon\.gradle\caches\7.5\executionHistory)" [_thread_blocked, id=7340, stack(0x000000b7e1c00000,0x000000b7e1d00000)]

Other Threads:
=>0x0000028d66d1e800 VMThread "VM Thread" [stack: 0x000000b7de400000,0x000000b7de500000] [id=3204]
  0x0000028d67733800 WatcherThread [stack: 0x000000b7dee00000,0x000000b7def00000] [id=5620]
  0x0000028d4a440000 GCTaskThread "GC Thread#0" [stack: 0x000000b7ddf00000,0x000000b7de000000] [id=11768]
  0x0000028d68673000 GCTaskThread "GC Thread#1" [stack: 0x000000b7df100000,0x000000b7df200000] [id=7640]
  0x0000028d68673800 GCTaskThread "GC Thread#2" [stack: 0x000000b7df200000,0x000000b7df300000] [id=26024]
  0x0000028d6866f800 GCTaskThread "GC Thread#3" [stack: 0x000000b7df300000,0x000000b7df400000] [id=13964]
  0x0000028d68670000 GCTaskThread "GC Thread#4" [stack: 0x000000b7df400000,0x000000b7df500000] [id=25516]
  0x0000028d68671800 GCTaskThread "GC Thread#5" [stack: 0x000000b7e0000000,0x000000b7e0100000] [id=21384]
  0x0000028d68671000 GCTaskThread "GC Thread#6" [stack: 0x000000b7e0100000,0x000000b7e0200000] [id=3452]
  0x0000028d68672800 GCTaskThread "GC Thread#7" [stack: 0x000000b7e0200000,0x000000b7e0300000] [id=5932]
  0x0000028d68674800 GCTaskThread "GC Thread#8" [stack: 0x000000b7e0300000,0x000000b7e0400000] [id=24148]
  0x0000028d6866e000 GCTaskThread "GC Thread#9" [stack: 0x000000b7e0400000,0x000000b7e0500000] [id=28260]
  0x0000028d4a471000 ConcurrentGCThread "G1 Main Marker" [stack: 0x000000b7de000000,0x000000b7de100000] [id=27672]
  0x0000028d4a474800 ConcurrentGCThread "G1 Conc#0" [stack: 0x000000b7de100000,0x000000b7de200000] [id=18156]
  0x0000028d68675000 ConcurrentGCThread "G1 Conc#1" [stack: 0x000000b7e0500000,0x000000b7e0600000] [id=8832]
  0x0000028d6866e800 ConcurrentGCThread "G1 Conc#2" [stack: 0x000000b7e0600000,0x000000b7e0700000] [id=10408]
  0x0000028d66b9f000 ConcurrentGCThread "G1 Refine#0" [stack: 0x000000b7de200000,0x000000b7de300000] [id=3052]
  0x0000028d66ba2000 ConcurrentGCThread "G1 Young RemSet Sampling" [stack: 0x000000b7de300000,0x000000b7de400000] [id=13644]

Threads with active compile tasks:
C2 CompilerThread0     7526 4615       4       org.objectweb.asm.ClassReader::readCode (5109 bytes)
C2 CompilerThread1     7526 4621       4       org.objectweb.asm.ClassReader::readField (671 bytes)
C2 CompilerThread2     7526 4622       4       org.objectweb.asm.Type::getDescriptor (93 bytes)

VM state:at safepoint (normal execution)

VM Mutex/Monitor currently owned by a thread:  ([mutex/lock_event])
[0x0000028d4a427ac0] Threads_lock - owner thread: 0x0000028d66d1e800
[0x0000028d4a426d40] Heap_lock - owner thread: 0x0000028d6b506800

Heap address: 0x0000000080000000, size: 2048 MB, Compressed Oops mode: 32-bit
Narrow klass base: 0x0000000000000000, Narrow klass shift: 3
Compressed class space size: 1073741824 Address: 0x0000000100000000

Heap:
 garbage-first heap   total 303104K, used 87110K [0x0000000080000000, 0x0000000100000000)
  region size 1024K, 12 young (12288K), 12 survivors (12288K)
 Metaspace       used 44951K, capacity 46212K, committed 46288K, reserved 1089536K
  class space    used 5717K, capacity 6160K, committed 6220K, reserved 1048576K
Heap Regions: E=young(eden), S=young(survivor), O=old, HS=humongous(starts), HC=humongous(continues), CS=collection set, F=free, A=archive, TAMS=top-at-mark-start (previous, next)
|   0|0x0000000080000000, 0x0000000080100000, 0x0000000080100000|100%| O|  |TAMS 0x0000000080100000, 0x0000000080000000| Untracked 
|   1|0x0000000080100000, 0x0000000080200000, 0x0000000080200000|100%| O|  |TAMS 0x0000000080200000, 0x0000000080100000| Untracked 
|   2|0x0000000080200000, 0x0000000080300000, 0x0000000080300000|100%| O|  |TAMS 0x0000000080300000, 0x0000000080200000| Untracked 
|   3|0x0000000080300000, 0x0000000080400000, 0x0000000080400000|100%|HS|  |TAMS 0x0000000080400000, 0x0000000080300000| Complete 
|   4|0x0000000080400000, 0x0000000080500000, 0x0000000080500000|100%|HC|  |TAMS 0x0000000080500000, 0x0000000080400000| Complete 
|   5|0x0000000080500000, 0x0000000080600000, 0x0000000080600000|100%|HC|  |TAMS 0x0000000080600000, 0x0000000080500000| Complete 
|   6|0x0000000080600000, 0x0000000080700000, 0x0000000080700000|100%| O|  |TAMS 0x0000000080700000, 0x0000000080600000| Untracked 
|   7|0x0000000080700000, 0x0000000080800000, 0x0000000080800000|100%| O|  |TAMS 0x0000000080800000, 0x0000000080700000| Untracked 
|   8|0x0000000080800000, 0x0000000080900000, 0x0000000080900000|100%| O|  |TAMS 0x0000000080900000, 0x0000000080800000| Untracked 
|   9|0x0000000080900000, 0x0000000080a00000, 0x0000000080a00000|100%| O|  |TAMS 0x0000000080a00000, 0x0000000080900000| Untracked 
|  10|0x0000000080a00000, 0x0000000080b00000, 0x0000000080b00000|100%| O|  |TAMS 0x0000000080b00000, 0x0000000080a00000| Untracked 
|  11|0x0000000080b00000, 0x0000000080c00000, 0x0000000080c00000|100%| O|  |TAMS 0x0000000080c00000, 0x0000000080b00000| Untracked 
|  12|0x0000000080c00000, 0x0000000080d00000, 0x0000000080d00000|100%| O|  |TAMS 0x0000000080d00000, 0x0000000080c00000| Untracked 
|  13|0x0000000080d00000, 0x0000000080e00000, 0x0000000080e00000|100%| O|  |TAMS 0x0000000080e00000, 0x0000000080d00000| Untracked 
|  14|0x0000000080e00000, 0x0000000080f00000, 0x0000000080f00000|100%| O|  |TAMS 0x0000000080f00000, 0x0000000080e00000| Untracked 
|  15|0x0000000080f00000, 0x0000000081000000, 0x0000000081000000|100%| O|  |TAMS 0x0000000081000000, 0x0000000080f00000| Untracked 
|  16|0x0000000081000000, 0x0000000081100000, 0x0000000081100000|100%| O|  |TAMS 0x0000000081100000, 0x0000000081000000| Untracked 
|  17|0x0000000081100000, 0x0000000081200000, 0x0000000081200000|100%|HS|  |TAMS 0x0000000081200000, 0x0000000081100000| Complete 
|  18|0x0000000081200000, 0x0000000081300000, 0x0000000081300000|100%|HC|  |TAMS 0x0000000081300000, 0x0000000081200000| Complete 
|  19|0x0000000081300000, 0x0000000081400000, 0x0000000081400000|100%|HS|  |TAMS 0x0000000081400000, 0x0000000081300000| Complete 
|  20|0x0000000081400000, 0x0000000081500000, 0x0000000081500000|100%|HC|  |TAMS 0x0000000081500000, 0x0000000081400000| Complete 
|  21|0x0000000081500000, 0x0000000081600000, 0x0000000081600000|100%|HC|  |TAMS 0x0000000081600000, 0x0000000081500000| Complete 
|  22|0x0000000081600000, 0x0000000081700000, 0x0000000081700000|100%|HS|  |TAMS 0x0000000081700000, 0x0000000081600000| Complete 
|  23|0x0000000081700000, 0x0000000081800000, 0x0000000081800000|100%|HC|  |TAMS 0x0000000081800000, 0x0000000081700000| Complete 
|  24|0x0000000081800000, 0x0000000081900000, 0x0000000081900000|100%|HC|  |TAMS 0x0000000081900000, 0x0000000081800000| Complete 
|  25|0x0000000081900000, 0x0000000081a00000, 0x0000000081a00000|100%|HC|  |TAMS 0x0000000081a00000, 0x0000000081900000| Complete 
|  26|0x0000000081a00000, 0x0000000081b00000, 0x0000000081b00000|100%|HC|  |TAMS 0x0000000081b00000, 0x0000000081a00000| Complete 
|  27|0x0000000081b00000, 0x0000000081c00000, 0x0000000081c00000|100%|HS|  |TAMS 0x0000000081c00000, 0x0000000081b00000| Complete 
|  28|0x0000000081c00000, 0x0000000081d00000, 0x0000000081d00000|100%|HC|  |TAMS 0x0000000081d00000, 0x0000000081c00000| Complete 
|  29|0x0000000081d00000, 0x0000000081e00000, 0x0000000081e00000|100%|HS|  |TAMS 0x0000000081e00000, 0x0000000081d00000| Complete 
|  30|0x0000000081e00000, 0x0000000081f00000, 0x0000000081f00000|100%|HC|  |TAMS 0x0000000081f00000, 0x0000000081e00000| Complete 
|  31|0x0000000081f00000, 0x0000000082000000, 0x0000000082000000|100%|HS|  |TAMS 0x0000000082000000, 0x0000000081f00000| Complete 
|  32|0x0000000082000000, 0x0000000082100000, 0x0000000082100000|100%|HC|  |TAMS 0x0000000082100000, 0x0000000082000000| Complete 
|  33|0x0000000082100000, 0x0000000082200000, 0x0000000082200000|100%|HC|  |TAMS 0x0000000082200000, 0x0000000082100000| Complete 
|  34|0x0000000082200000, 0x0000000082300000, 0x0000000082300000|100%|HS|  |TAMS 0x0000000082300000, 0x0000000082200000| Complete 
|  35|0x0000000082300000, 0x0000000082400000, 0x0000000082400000|100%|HC|  |TAMS 0x0000000082400000, 0x0000000082300000| Complete 
|  36|0x0000000082400000, 0x0000000082500000, 0x0000000082500000|100%|HC|  |TAMS 0x0000000082500000, 0x0000000082400000| Complete 
|  37|0x0000000082500000, 0x0000000082600000, 0x0000000082600000|100%|HC|  |TAMS 0x0000000082600000, 0x0000000082500000| Complete 
|  38|0x0000000082600000, 0x0000000082700000, 0x0000000082700000|100%|HC|  |TAMS 0x0000000082700000, 0x0000000082600000| Complete 
|  39|0x0000000082700000, 0x0000000082800000, 0x0000000082800000|100%|HS|  |TAMS 0x0000000082800000, 0x0000000082700000| Complete 
|  40|0x0000000082800000, 0x0000000082900000, 0x0000000082900000|100%|HC|  |TAMS 0x0000000082900000, 0x0000000082800000| Complete 
|  41|0x0000000082900000, 0x0000000082a00000, 0x0000000082a00000|100%|HS|  |TAMS 0x0000000082a00000, 0x0000000082900000| Complete 
|  42|0x0000000082a00000, 0x0000000082b00000, 0x0000000082b00000|100%|HC|  |TAMS 0x0000000082b00000, 0x0000000082a00000| Complete 
|  43|0x0000000082b00000, 0x0000000082c00000, 0x0000000082c00000|100%|HC|  |TAMS 0x0000000082c00000, 0x0000000082b00000| Complete 
|  44|0x0000000082c00000, 0x0000000082d00000, 0x0000000082d00000|100%| O|  |TAMS 0x0000000082d00000, 0x0000000082c00000| Untracked 
|  45|0x0000000082d00000, 0x0000000082e00000, 0x0000000082e00000|100%| O|  |TAMS 0x0000000082e00000, 0x0000000082d00000| Untracked 
|  46|0x0000000082e00000, 0x0000000082f00000, 0x0000000082f00000|100%| O|  |TAMS 0x0000000082f00000, 0x0000000082e00000| Untracked 
|  47|0x0000000082f00000, 0x0000000083000000, 0x0000000083000000|100%| O|  |TAMS 0x0000000083000000, 0x0000000082f00000| Untracked 
|  48|0x0000000083000000, 0x0000000083100000, 0x0000000083100000|100%| O|  |TAMS 0x0000000083100000, 0x0000000083000000| Untracked 
|  49|0x0000000083100000, 0x0000000083200000, 0x0000000083200000|100%| O|  |TAMS 0x0000000083200000, 0x0000000083100000| Untracked 
|  50|0x0000000083200000, 0x0000000083300000, 0x0000000083300000|100%| O|  |TAMS 0x0000000083300000, 0x0000000083200000| Untracked 
|  51|0x0000000083300000, 0x0000000083400000, 0x0000000083400000|100%| O|  |TAMS 0x0000000083400000, 0x0000000083300000| Untracked 
|  52|0x0000000083400000, 0x0000000083500000, 0x0000000083500000|100%| O|  |TAMS 0x0000000083500000, 0x0000000083400000| Untracked 
|  53|0x0000000083500000, 0x0000000083600000, 0x0000000083600000|100%| O|  |TAMS 0x0000000083600000, 0x0000000083500000| Untracked 
|  54|0x0000000083600000, 0x0000000083700000, 0x0000000083700000|100%| O|  |TAMS 0x0000000083611800, 0x0000000083600000| Untracked 
|  55|0x0000000083700000, 0x0000000083800000, 0x0000000083800000|100%| O|  |TAMS 0x0000000083700000, 0x0000000083700000| Untracked 
|  56|0x0000000083800000, 0x0000000083900000, 0x0000000083900000|100%| O|  |TAMS 0x0000000083800000, 0x0000000083800000| Untracked 
|  57|0x0000000083900000, 0x0000000083a00000, 0x0000000083a00000|100%| O|  |TAMS 0x0000000083900000, 0x0000000083900000| Untracked 
|  58|0x0000000083a00000, 0x0000000083b00000, 0x0000000083b00000|100%| O|  |TAMS 0x0000000083a00000, 0x0000000083a00000| Untracked 
|  59|0x0000000083b00000, 0x0000000083c00000, 0x0000000083c00000|100%| O|  |TAMS 0x0000000083b00000, 0x0000000083b00000| Untracked 
|  60|0x0000000083c00000, 0x0000000083ce4a00, 0x0000000083d00000| 89%| O|  |TAMS 0x0000000083c00000, 0x0000000083c00000| Untracked 
|  61|0x0000000083d00000, 0x0000000083d00000, 0x0000000083e00000|  0%| F|  |TAMS 0x0000000083d00000, 0x0000000083d00000| Untracked 
|  62|0x0000000083e00000, 0x0000000083e00000, 0x0000000083f00000|  0%| F|  |TAMS 0x0000000083e00000, 0x0000000083e00000| Untracked 
|  63|0x0000000083f00000, 0x0000000083f00000, 0x0000000084000000|  0%| F|  |TAMS 0x0000000083f00000, 0x0000000083f00000| Untracked 
|  64|0x0000000084000000, 0x0000000084000000, 0x0000000084100000|  0%| F|  |TAMS 0x0000000084000000, 0x0000000084000000| Untracked 
|  65|0x0000000084100000, 0x0000000084100000, 0x0000000084200000|  0%| F|  |TAMS 0x0000000084100000, 0x0000000084100000| Untracked 
|  66|0x0000000084200000, 0x0000000084200000, 0x0000000084300000|  0%| F|  |TAMS 0x0000000084200000, 0x0000000084200000| Untracked 
|  67|0x0000000084300000, 0x0000000084400000, 0x0000000084400000|100%|HS|  |TAMS 0x0000000084300000, 0x0000000084300000| Complete 
|  68|0x0000000084400000, 0x0000000084500000, 0x0000000084500000|100%|HC|  |TAMS 0x0000000084400000, 0x0000000084400000| Complete 
|  69|0x0000000084500000, 0x0000000084600000, 0x0000000084600000|100%|HC|  |TAMS 0x0000000084500000, 0x0000000084500000| Complete 
|  70|0x0000000084600000, 0x0000000084700000, 0x0000000084700000|100%|HC|  |TAMS 0x0000000084600000, 0x0000000084600000| Complete 
|  71|0x0000000084700000, 0x0000000084800000, 0x0000000084800000|100%|HC|  |TAMS 0x0000000084700000, 0x0000000084700000| Complete 
|  72|0x0000000084800000, 0x0000000084900000, 0x0000000084900000|100%|HC|  |TAMS 0x0000000084800000, 0x0000000084800000| Complete 
|  73|0x0000000084900000, 0x0000000084a00000, 0x0000000084a00000|100%|HC|  |TAMS 0x0000000084900000, 0x0000000084900000| Complete 
|  74|0x0000000084a00000, 0x0000000084b00000, 0x0000000084b00000|100%|HC|  |TAMS 0x0000000084a00000, 0x0000000084a00000| Complete 
|  75|0x0000000084b00000, 0x0000000084c00000, 0x0000000084c00000|100%|HC|  |TAMS 0x0000000084b00000, 0x0000000084b00000| Complete 
|  76|0x0000000084c00000, 0x0000000084d00000, 0x0000000084d00000|100%|HC|  |TAMS 0x0000000084c00000, 0x0000000084c00000| Complete 
|  77|0x0000000084d00000, 0x0000000084e00000, 0x0000000084e00000|100%|HS|  |TAMS 0x0000000084d00000, 0x0000000084d00000| Complete 
|  78|0x0000000084e00000, 0x0000000084f00000, 0x0000000084f00000|100%|HC|  |TAMS 0x0000000084e00000, 0x0000000084e00000| Complete 
|  79|0x0000000084f00000, 0x0000000085000000, 0x0000000085000000|100%| O|  |TAMS 0x0000000084f00000, 0x0000000084f00000| Untracked 
|  80|0x0000000085000000, 0x0000000085000000, 0x0000000085100000|  0%| F|  |TAMS 0x0000000085000000, 0x0000000085000000| Untracked 
|  81|0x0000000085100000, 0x0000000085100000, 0x0000000085200000|  0%| F|  |TAMS 0x0000000085100000, 0x0000000085100000| Untracked 
|  82|0x0000000085200000, 0x0000000085200000, 0x0000000085300000|  0%| F|  |TAMS 0x0000000085200000, 0x0000000085200000| Untracked 
|  83|0x0000000085300000, 0x0000000085300000, 0x0000000085400000|  0%| F|  |TAMS 0x0000000085300000, 0x0000000085300000| Untracked 
|  84|0x0000000085400000, 0x0000000085400000, 0x0000000085500000|  0%| F|  |TAMS 0x0000000085400000, 0x0000000085400000| Untracked 
|  85|0x0000000085500000, 0x0000000085500000, 0x0000000085600000|  0%| F|  |TAMS 0x0000000085500000, 0x0000000085500000| Untracked 
|  86|0x0000000085600000, 0x0000000085600000, 0x0000000085700000|  0%| F|  |TAMS 0x0000000085600000, 0x0000000085600000| Untracked 
|  87|0x0000000085700000, 0x0000000085700000, 0x0000000085800000|  0%| F|  |TAMS 0x0000000085700000, 0x0000000085700000| Untracked 
|  88|0x0000000085800000, 0x0000000085800000, 0x0000000085900000|  0%| F|  |TAMS 0x0000000085800000, 0x0000000085800000| Untracked 
|  89|0x0000000085900000, 0x0000000085900000, 0x0000000085a00000|  0%| F|  |TAMS 0x0000000085900000, 0x0000000085900000| Untracked 
|  90|0x0000000085a00000, 0x0000000085a00000, 0x0000000085b00000|  0%| F|  |TAMS 0x0000000085a00000, 0x0000000085a00000| Untracked 
|  91|0x0000000085b00000, 0x0000000085b00000, 0x0000000085c00000|  0%| F|  |TAMS 0x0000000085b00000, 0x0000000085b00000| Untracked 
|  92|0x0000000085c00000, 0x0000000085c00000, 0x0000000085d00000|  0%| F|  |TAMS 0x0000000085c00000, 0x0000000085c00000| Untracked 
|  93|0x0000000085d00000, 0x0000000085d00000, 0x0000000085e00000|  0%| F|  |TAMS 0x0000000085d00000, 0x0000000085d00000| Untracked 
|  94|0x0000000085e00000, 0x0000000085e00000, 0x0000000085f00000|  0%| F|  |TAMS 0x0000000085e00000, 0x0000000085e00000| Untracked 
|  95|0x0000000085f00000, 0x0000000085f00000, 0x0000000086000000|  0%| F|  |TAMS 0x0000000085f00000, 0x0000000085f00000| Untracked 
|  96|0x0000000086000000, 0x0000000086000000, 0x0000000086100000|  0%| F|  |TAMS 0x0000000086000000, 0x0000000086000000| Untracked 
|  97|0x0000000086100000, 0x000000008612cec0, 0x0000000086200000| 17%| S|CS|TAMS 0x0000000086100000, 0x0000000086100000| Complete 
|  98|0x0000000086200000, 0x0000000086300000, 0x0000000086300000|100%| S|CS|TAMS 0x0000000086200000, 0x0000000086200000| Complete 
|  99|0x0000000086300000, 0x0000000086400000, 0x0000000086400000|100%| S|CS|TAMS 0x0000000086300000, 0x0000000086300000| Complete 
| 100|0x0000000086400000, 0x0000000086500000, 0x0000000086500000|100%| S|CS|TAMS 0x0000000086400000, 0x0000000086400000| Complete 
| 101|0x0000000086500000, 0x0000000086600000, 0x0000000086600000|100%| S|CS|TAMS 0x0000000086500000, 0x0000000086500000| Complete 
| 102|0x0000000086600000, 0x0000000086700000, 0x0000000086700000|100%| S|CS|TAMS 0x0000000086600000, 0x0000000086600000| Complete 
| 103|0x0000000086700000, 0x0000000086700000, 0x0000000086800000|  0%| F|  |TAMS 0x0000000086700000, 0x0000000086700000| Untracked 
| 104|0x0000000086800000, 0x0000000086800000, 0x0000000086900000|  0%| F|  |TAMS 0x0000000086800000, 0x0000000086800000| Untracked 
| 105|0x0000000086900000, 0x0000000086900000, 0x0000000086a00000|  0%| F|  |TAMS 0x0000000086900000, 0x0000000086900000| Untracked 
| 106|0x0000000086a00000, 0x0000000086a00000, 0x0000000086b00000|  0%| F|  |TAMS 0x0000000086a00000, 0x0000000086a00000| Untracked 
| 107|0x0000000086b00000, 0x0000000086c00000, 0x0000000086c00000|100%| S|CS|TAMS 0x0000000086b00000, 0x0000000086b00000| Complete 
| 108|0x0000000086c00000, 0x0000000086d00000, 0x0000000086d00000|100%| S|CS|TAMS 0x0000000086c00000, 0x0000000086c00000| Complete 
| 109|0x0000000086d00000, 0x0000000086e00000, 0x0000000086e00000|100%| S|CS|TAMS 0x0000000086d00000, 0x0000000086d00000| Complete 
| 110|0x0000000086e00000, 0x0000000086f00000, 0x0000000086f00000|100%| S|CS|TAMS 0x0000000086e00000, 0x0000000086e00000| Complete 
| 111|0x0000000086f00000, 0x0000000087000000, 0x0000000087000000|100%| S|CS|TAMS 0x0000000086f00000, 0x0000000086f00000| Complete 
| 112|0x0000000087000000, 0x0000000087100000, 0x0000000087100000|100%| S|CS|TAMS 0x0000000087000000, 0x0000000087000000| Complete 
| 113|0x0000000087100000, 0x0000000087100000, 0x0000000087200000|  0%| F|  |TAMS 0x0000000087100000, 0x0000000087100000| Untracked 
| 114|0x0000000087200000, 0x0000000087200000, 0x0000000087300000|  0%| F|  |TAMS 0x0000000087200000, 0x0000000087200000| Untracked 
| 115|0x0000000087300000, 0x0000000087300000, 0x0000000087400000|  0%| F|  |TAMS 0x0000000087300000, 0x0000000087300000| Untracked 
| 116|0x0000000087400000, 0x0000000087400000, 0x0000000087500000|  0%| F|  |TAMS 0x0000000087400000, 0x0000000087400000| Untracked 
| 117|0x0000000087500000, 0x0000000087500000, 0x0000000087600000|  0%| F|  |TAMS 0x0000000087500000, 0x0000000087500000| Untracked 
| 118|0x0000000087600000, 0x0000000087600000, 0x0000000087700000|  0%| F|  |TAMS 0x0000000087600000, 0x0000000087600000| Untracked 
| 119|0x0000000087700000, 0x0000000087700000, 0x0000000087800000|  0%| F|  |TAMS 0x0000000087700000, 0x0000000087700000| Untracked 
| 120|0x0000000087800000, 0x0000000087800000, 0x0000000087900000|  0%| F|  |TAMS 0x0000000087800000, 0x0000000087800000| Untracked 
| 121|0x0000000087900000, 0x0000000087900000, 0x0000000087a00000|  0%| F|  |TAMS 0x0000000087900000, 0x0000000087900000| Untracked 
| 122|0x0000000087a00000, 0x0000000087a00000, 0x0000000087b00000|  0%| F|  |TAMS 0x0000000087a00000, 0x0000000087a00000| Untracked 
| 123|0x0000000087b00000, 0x0000000087b00000, 0x0000000087c00000|  0%| F|  |TAMS 0x0000000087b00000, 0x0000000087b00000| Untracked 
| 124|0x0000000087c00000, 0x0000000087c00000, 0x0000000087d00000|  0%| F|  |TAMS 0x0000000087c00000, 0x0000000087c00000| Untracked 
| 125|0x0000000087d00000, 0x0000000087d00000, 0x0000000087e00000|  0%| F|  |TAMS 0x0000000087d00000, 0x0000000087d00000| Untracked 
| 126|0x0000000087e00000, 0x0000000087e00000, 0x0000000087f00000|  0%| F|  |TAMS 0x0000000087e00000, 0x0000000087e00000| Untracked 
| 127|0x0000000087f00000, 0x0000000087f00000, 0x0000000088000000|  0%| F|  |TAMS 0x0000000087f00000, 0x0000000087f00000| Untracked 
| 128|0x0000000088000000, 0x0000000088000000, 0x0000000088100000|  0%| F|  |TAMS 0x0000000088000000, 0x0000000088000000| Untracked 
| 129|0x0000000088100000, 0x0000000088100000, 0x0000000088200000|  0%| F|  |TAMS 0x0000000088100000, 0x0000000088100000| Untracked 
| 130|0x0000000088200000, 0x0000000088200000, 0x0000000088300000|  0%| F|  |TAMS 0x0000000088200000, 0x0000000088200000| Untracked 
| 131|0x0000000088300000, 0x0000000088300000, 0x0000000088400000|  0%| F|  |TAMS 0x0000000088300000, 0x0000000088300000| Untracked 
| 132|0x0000000088400000, 0x0000000088400000, 0x0000000088500000|  0%| F|  |TAMS 0x0000000088400000, 0x0000000088400000| Untracked 
| 133|0x0000000088500000, 0x0000000088500000, 0x0000000088600000|  0%| F|  |TAMS 0x0000000088500000, 0x0000000088500000| Untracked 
| 134|0x0000000088600000, 0x0000000088600000, 0x0000000088700000|  0%| F|  |TAMS 0x0000000088600000, 0x0000000088600000| Untracked 
| 135|0x0000000088700000, 0x0000000088700000, 0x0000000088800000|  0%| F|  |TAMS 0x0000000088700000, 0x0000000088700000| Untracked 
| 136|0x0000000088800000, 0x0000000088800000, 0x0000000088900000|  0%| F|  |TAMS 0x0000000088800000, 0x0000000088800000| Untracked 
| 137|0x0000000088900000, 0x0000000088900000, 0x0000000088a00000|  0%| F|  |TAMS 0x0000000088900000, 0x0000000088900000| Untracked 
| 138|0x0000000088a00000, 0x0000000088a00000, 0x0000000088b00000|  0%| F|  |TAMS 0x0000000088a00000, 0x0000000088a00000| Untracked 
| 139|0x0000000088b00000, 0x0000000088b00000, 0x0000000088c00000|  0%| F|  |TAMS 0x0000000088b00000, 0x0000000088b00000| Untracked 
| 140|0x0000000088c00000, 0x0000000088c00000, 0x0000000088d00000|  0%| F|  |TAMS 0x0000000088c00000, 0x0000000088c00000| Untracked 
| 141|0x0000000088d00000, 0x0000000088d00000, 0x0000000088e00000|  0%| F|  |TAMS 0x0000000088d00000, 0x0000000088d00000| Untracked 
| 142|0x0000000088e00000, 0x0000000088e00000, 0x0000000088f00000|  0%| F|  |TAMS 0x0000000088e00000, 0x0000000088e00000| Untracked 
| 143|0x0000000088f00000, 0x0000000088f00000, 0x0000000089000000|  0%| F|  |TAMS 0x0000000088f00000, 0x0000000088f00000| Untracked 
| 144|0x0000000089000000, 0x0000000089000000, 0x0000000089100000|  0%| F|  |TAMS 0x0000000089000000, 0x0000000089000000| Untracked 
| 145|0x0000000089100000, 0x0000000089100000, 0x0000000089200000|  0%| F|  |TAMS 0x0000000089100000, 0x0000000089100000| Untracked 
| 146|0x0000000089200000, 0x0000000089200000, 0x0000000089300000|  0%| F|  |TAMS 0x0000000089200000, 0x0000000089200000| Untracked 
| 147|0x0000000089300000, 0x0000000089300000, 0x0000000089400000|  0%| F|  |TAMS 0x0000000089300000, 0x0000000089300000| Untracked 
| 148|0x0000000089400000, 0x0000000089400000, 0x0000000089500000|  0%| F|  |TAMS 0x0000000089400000, 0x0000000089400000| Untracked 
| 149|0x0000000089500000, 0x0000000089500000, 0x0000000089600000|  0%| F|  |TAMS 0x0000000089500000, 0x0000000089500000| Untracked 
| 150|0x0000000089600000, 0x0000000089600000, 0x0000000089700000|  0%| F|  |TAMS 0x0000000089600000, 0x0000000089600000| Untracked 
| 151|0x0000000089700000, 0x0000000089700000, 0x0000000089800000|  0%| F|  |TAMS 0x0000000089700000, 0x0000000089700000| Untracked 
| 152|0x0000000089800000, 0x0000000089800000, 0x0000000089900000|  0%| F|  |TAMS 0x0000000089800000, 0x0000000089800000| Untracked 
| 153|0x0000000089900000, 0x0000000089900000, 0x0000000089a00000|  0%| F|  |TAMS 0x0000000089900000, 0x0000000089900000| Untracked 
| 154|0x0000000089a00000, 0x0000000089a00000, 0x0000000089b00000|  0%| F|  |TAMS 0x0000000089a00000, 0x0000000089a00000| Untracked 
| 155|0x0000000089b00000, 0x0000000089b00000, 0x0000000089c00000|  0%| F|  |TAMS 0x0000000089b00000, 0x0000000089b00000| Untracked 
| 156|0x0000000089c00000, 0x0000000089c00000, 0x0000000089d00000|  0%| F|  |TAMS 0x0000000089c00000, 0x0000000089c00000| Untracked 
| 157|0x0000000089d00000, 0x0000000089d00000, 0x0000000089e00000|  0%| F|  |TAMS 0x0000000089d00000, 0x0000000089d00000| Untracked 
| 158|0x0000000089e00000, 0x0000000089e00000, 0x0000000089f00000|  0%| F|  |TAMS 0x0000000089e00000, 0x0000000089e00000| Untracked 
| 159|0x0000000089f00000, 0x0000000089f00000, 0x000000008a000000|  0%| F|  |TAMS 0x0000000089f00000, 0x0000000089f00000| Untracked 
| 160|0x000000008a000000, 0x000000008a000000, 0x000000008a100000|  0%| F|  |TAMS 0x000000008a000000, 0x000000008a000000| Untracked 
| 161|0x000000008a100000, 0x000000008a100000, 0x000000008a200000|  0%| F|  |TAMS 0x000000008a100000, 0x000000008a100000| Untracked 
| 162|0x000000008a200000, 0x000000008a200000, 0x000000008a300000|  0%| F|  |TAMS 0x000000008a200000, 0x000000008a200000| Untracked 
| 163|0x000000008a300000, 0x000000008a300000, 0x000000008a400000|  0%| F|  |TAMS 0x000000008a300000, 0x000000008a300000| Untracked 
| 164|0x000000008a400000, 0x000000008a400000, 0x000000008a500000|  0%| F|  |TAMS 0x000000008a400000, 0x000000008a400000| Untracked 
| 165|0x000000008a500000, 0x000000008a500000, 0x000000008a600000|  0%| F|  |TAMS 0x000000008a500000, 0x000000008a500000| Untracked 
| 166|0x000000008a600000, 0x000000008a600000, 0x000000008a700000|  0%| F|  |TAMS 0x000000008a600000, 0x000000008a600000| Untracked 
| 167|0x000000008a700000, 0x000000008a700000, 0x000000008a800000|  0%| F|  |TAMS 0x000000008a700000, 0x000000008a700000| Untracked 
| 168|0x000000008a800000, 0x000000008a800000, 0x000000008a900000|  0%| F|  |TAMS 0x000000008a800000, 0x000000008a800000| Untracked 
| 169|0x000000008a900000, 0x000000008a900000, 0x000000008aa00000|  0%| F|  |TAMS 0x000000008a900000, 0x000000008a900000| Untracked 
| 170|0x000000008aa00000, 0x000000008aa00000, 0x000000008ab00000|  0%| F|  |TAMS 0x000000008aa00000, 0x000000008aa00000| Untracked 
| 171|0x000000008ab00000, 0x000000008ab00000, 0x000000008ac00000|  0%| F|  |TAMS 0x000000008ab00000, 0x000000008ab00000| Untracked 
| 172|0x000000008ac00000, 0x000000008ac00000, 0x000000008ad00000|  0%| F|  |TAMS 0x000000008ac00000, 0x000000008ac00000| Untracked 
| 173|0x000000008ad00000, 0x000000008ad00000, 0x000000008ae00000|  0%| F|  |TAMS 0x000000008ad00000, 0x000000008ad00000| Untracked 
| 174|0x000000008ae00000, 0x000000008ae00000, 0x000000008af00000|  0%| F|  |TAMS 0x000000008ae00000, 0x000000008ae00000| Untracked 
| 175|0x000000008af00000, 0x000000008af00000, 0x000000008b000000|  0%| F|  |TAMS 0x000000008af00000, 0x000000008af00000| Untracked 
| 176|0x000000008b000000, 0x000000008b000000, 0x000000008b100000|  0%| F|  |TAMS 0x000000008b000000, 0x000000008b000000| Untracked 
| 177|0x000000008b100000, 0x000000008b100000, 0x000000008b200000|  0%| F|  |TAMS 0x000000008b100000, 0x000000008b100000| Untracked 
| 178|0x000000008b200000, 0x000000008b200000, 0x000000008b300000|  0%| F|  |TAMS 0x000000008b200000, 0x000000008b200000| Untracked 
| 179|0x000000008b300000, 0x000000008b300000, 0x000000008b400000|  0%| F|  |TAMS 0x000000008b300000, 0x000000008b300000| Untracked 
| 180|0x000000008b400000, 0x000000008b400000, 0x000000008b500000|  0%| F|  |TAMS 0x000000008b400000, 0x000000008b400000| Untracked 
| 181|0x000000008b500000, 0x000000008b500000, 0x000000008b600000|  0%| F|  |TAMS 0x000000008b500000, 0x000000008b500000| Untracked 
| 182|0x000000008b600000, 0x000000008b600000, 0x000000008b700000|  0%| F|  |TAMS 0x000000008b600000, 0x000000008b600000| Untracked 
| 183|0x000000008b700000, 0x000000008b700000, 0x000000008b800000|  0%| F|  |TAMS 0x000000008b700000, 0x000000008b700000| Untracked 
| 184|0x000000008b800000, 0x000000008b800000, 0x000000008b900000|  0%| F|  |TAMS 0x000000008b800000, 0x000000008b800000| Untracked 
| 185|0x000000008b900000, 0x000000008b900000, 0x000000008ba00000|  0%| F|  |TAMS 0x000000008b900000, 0x000000008b900000| Untracked 
| 186|0x000000008ba00000, 0x000000008ba00000, 0x000000008bb00000|  0%| F|  |TAMS 0x000000008ba00000, 0x000000008ba00000| Untracked 
| 187|0x000000008bb00000, 0x000000008bb00000, 0x000000008bc00000|  0%| F|  |TAMS 0x000000008bb00000, 0x000000008bb00000| Untracked 
| 188|0x000000008bc00000, 0x000000008bc00000, 0x000000008bd00000|  0%| F|  |TAMS 0x000000008bc00000, 0x000000008bc00000| Untracked 
| 189|0x000000008bd00000, 0x000000008bd00000, 0x000000008be00000|  0%| F|  |TAMS 0x000000008bd00000, 0x000000008bd00000| Untracked 
| 190|0x000000008be00000, 0x000000008be00000, 0x000000008bf00000|  0%| F|  |TAMS 0x000000008be00000, 0x000000008be00000| Untracked 
| 191|0x000000008bf00000, 0x000000008bf00000, 0x000000008c000000|  0%| F|  |TAMS 0x000000008bf00000, 0x000000008bf00000| Untracked 
| 192|0x000000008c000000, 0x000000008c000000, 0x000000008c100000|  0%| F|  |TAMS 0x000000008c000000, 0x000000008c000000| Untracked 
| 193|0x000000008c100000, 0x000000008c100000, 0x000000008c200000|  0%| F|  |TAMS 0x000000008c100000, 0x000000008c100000| Untracked 
| 194|0x000000008c200000, 0x000000008c200000, 0x000000008c300000|  0%| F|  |TAMS 0x000000008c200000, 0x000000008c200000| Untracked 
| 195|0x000000008c300000, 0x000000008c300000, 0x000000008c400000|  0%| F|  |TAMS 0x000000008c300000, 0x000000008c300000| Untracked 
| 196|0x000000008c400000, 0x000000008c400000, 0x000000008c500000|  0%| F|  |TAMS 0x000000008c400000, 0x000000008c400000| Untracked 
| 197|0x000000008c500000, 0x000000008c500000, 0x000000008c600000|  0%| F|  |TAMS 0x000000008c500000, 0x000000008c500000| Untracked 
| 198|0x000000008c600000, 0x000000008c600000, 0x000000008c700000|  0%| F|  |TAMS 0x000000008c600000, 0x000000008c600000| Untracked 
| 199|0x000000008c700000, 0x000000008c700000, 0x000000008c800000|  0%| F|  |TAMS 0x000000008c700000, 0x000000008c700000| Untracked 
| 200|0x000000008c800000, 0x000000008c800000, 0x000000008c900000|  0%| F|  |TAMS 0x000000008c800000, 0x000000008c800000| Untracked 
| 201|0x000000008c900000, 0x000000008c900000, 0x000000008ca00000|  0%| F|  |TAMS 0x000000008c900000, 0x000000008c900000| Untracked 
| 202|0x000000008ca00000, 0x000000008ca00000, 0x000000008cb00000|  0%| F|  |TAMS 0x000000008ca00000, 0x000000008ca00000| Untracked 
| 203|0x000000008cb00000, 0x000000008cb00000, 0x000000008cc00000|  0%| F|  |TAMS 0x000000008cb00000, 0x000000008cb00000| Untracked 
| 204|0x000000008cc00000, 0x000000008cc00000, 0x000000008cd00000|  0%| F|  |TAMS 0x000000008cc00000, 0x000000008cc00000| Untracked 
| 205|0x000000008cd00000, 0x000000008cd00000, 0x000000008ce00000|  0%| F|  |TAMS 0x000000008cd00000, 0x000000008cd00000| Untracked 
| 206|0x000000008ce00000, 0x000000008ce00000, 0x000000008cf00000|  0%| F|  |TAMS 0x000000008ce00000, 0x000000008ce00000| Untracked 
| 207|0x000000008cf00000, 0x000000008cf00000, 0x000000008d000000|  0%| F|  |TAMS 0x000000008cf00000, 0x000000008cf00000| Untracked 
| 208|0x000000008d000000, 0x000000008d000000, 0x000000008d100000|  0%| F|  |TAMS 0x000000008d000000, 0x000000008d000000| Untracked 
| 209|0x000000008d100000, 0x000000008d100000, 0x000000008d200000|  0%| F|  |TAMS 0x000000008d100000, 0x000000008d100000| Untracked 
| 210|0x000000008d200000, 0x000000008d200000, 0x000000008d300000|  0%| F|  |TAMS 0x000000008d200000, 0x000000008d200000| Untracked 
| 211|0x000000008d300000, 0x000000008d300000, 0x000000008d400000|  0%| F|  |TAMS 0x000000008d300000, 0x000000008d300000| Untracked 
| 212|0x000000008d400000, 0x000000008d400000, 0x000000008d500000|  0%| F|  |TAMS 0x000000008d400000, 0x000000008d400000| Untracked 
| 213|0x000000008d500000, 0x000000008d500000, 0x000000008d600000|  0%| F|  |TAMS 0x000000008d500000, 0x000000008d500000| Untracked 
| 214|0x000000008d600000, 0x000000008d600000, 0x000000008d700000|  0%| F|  |TAMS 0x000000008d600000, 0x000000008d600000| Untracked 
| 215|0x000000008d700000, 0x000000008d700000, 0x000000008d800000|  0%| F|  |TAMS 0x000000008d700000, 0x000000008d700000| Untracked 
| 216|0x000000008d800000, 0x000000008d800000, 0x000000008d900000|  0%| F|  |TAMS 0x000000008d800000, 0x000000008d800000| Untracked 
| 217|0x000000008d900000, 0x000000008d900000, 0x000000008da00000|  0%| F|  |TAMS 0x000000008d900000, 0x000000008d900000| Untracked 
| 218|0x000000008da00000, 0x000000008da00000, 0x000000008db00000|  0%| F|  |TAMS 0x000000008da00000, 0x000000008da00000| Untracked 
| 219|0x000000008db00000, 0x000000008db00000, 0x000000008dc00000|  0%| F|  |TAMS 0x000000008db00000, 0x000000008db00000| Untracked 
| 220|0x000000008dc00000, 0x000000008dc00000, 0x000000008dd00000|  0%| F|  |TAMS 0x000000008dc00000, 0x000000008dc00000| Untracked 
| 221|0x000000008dd00000, 0x000000008dd00000, 0x000000008de00000|  0%| F|  |TAMS 0x000000008dd00000, 0x000000008dd00000| Untracked 
| 222|0x000000008de00000, 0x000000008de00000, 0x000000008df00000|  0%| F|  |TAMS 0x000000008de00000, 0x000000008de00000| Untracked 
| 223|0x000000008df00000, 0x000000008df00000, 0x000000008e000000|  0%| F|  |TAMS 0x000000008df00000, 0x000000008df00000| Untracked 
| 224|0x000000008e000000, 0x000000008e000000, 0x000000008e100000|  0%| F|  |TAMS 0x000000008e000000, 0x000000008e000000| Untracked 
| 225|0x000000008e100000, 0x000000008e100000, 0x000000008e200000|  0%| F|  |TAMS 0x000000008e100000, 0x000000008e100000| Untracked 
| 226|0x000000008e200000, 0x000000008e200000, 0x000000008e300000|  0%| F|  |TAMS 0x000000008e200000, 0x000000008e200000| Untracked 
| 227|0x000000008e300000, 0x000000008e300000, 0x000000008e400000|  0%| F|  |TAMS 0x000000008e300000, 0x000000008e300000| Untracked 
| 228|0x000000008e400000, 0x000000008e400000, 0x000000008e500000|  0%| F|  |TAMS 0x000000008e400000, 0x000000008e400000| Untracked 
| 229|0x000000008e500000, 0x000000008e500000, 0x000000008e600000|  0%| F|  |TAMS 0x000000008e500000, 0x000000008e500000| Untracked 
| 230|0x000000008e600000, 0x000000008e600000, 0x000000008e700000|  0%| F|  |TAMS 0x000000008e600000, 0x000000008e600000| Untracked 
| 231|0x000000008e700000, 0x000000008e700000, 0x000000008e800000|  0%| F|  |TAMS 0x000000008e700000, 0x000000008e700000| Untracked 
| 232|0x000000008e800000, 0x000000008e800000, 0x000000008e900000|  0%| F|  |TAMS 0x000000008e800000, 0x000000008e800000| Untracked 
| 233|0x000000008e900000, 0x000000008e900000, 0x000000008ea00000|  0%| F|  |TAMS 0x000000008e900000, 0x000000008e900000| Untracked 
| 234|0x000000008ea00000, 0x000000008ea00000, 0x000000008eb00000|  0%| F|  |TAMS 0x000000008ea00000, 0x000000008ea00000| Untracked 
| 235|0x000000008eb00000, 0x000000008eb00000, 0x000000008ec00000|  0%| F|  |TAMS 0x000000008eb00000, 0x000000008eb00000| Untracked 
| 236|0x000000008ec00000, 0x000000008ec00000, 0x000000008ed00000|  0%| F|  |TAMS 0x000000008ec00000, 0x000000008ec00000| Untracked 
| 237|0x000000008ed00000, 0x000000008ed00000, 0x000000008ee00000|  0%| F|  |TAMS 0x000000008ed00000, 0x000000008ed00000| Untracked 
| 238|0x000000008ee00000, 0x000000008ee00000, 0x000000008ef00000|  0%| F|  |TAMS 0x000000008ee00000, 0x000000008ee00000| Untracked 
| 239|0x000000008ef00000, 0x000000008ef00000, 0x000000008f000000|  0%| F|  |TAMS 0x000000008ef00000, 0x000000008ef00000| Untracked 
| 240|0x000000008f000000, 0x000000008f000000, 0x000000008f100000|  0%| F|  |TAMS 0x000000008f000000, 0x000000008f000000| Untracked 
| 241|0x000000008f100000, 0x000000008f100000, 0x000000008f200000|  0%| F|  |TAMS 0x000000008f100000, 0x000000008f100000| Untracked 
| 242|0x000000008f200000, 0x000000008f200000, 0x000000008f300000|  0%| F|  |TAMS 0x000000008f200000, 0x000000008f200000| Untracked 
| 243|0x000000008f300000, 0x000000008f300000, 0x000000008f400000|  0%| F|  |TAMS 0x000000008f300000, 0x000000008f300000| Untracked 
| 244|0x000000008f400000, 0x000000008f400000, 0x000000008f500000|  0%| F|  |TAMS 0x000000008f400000, 0x000000008f400000| Untracked 
| 245|0x000000008f500000, 0x000000008f500000, 0x000000008f600000|  0%| F|  |TAMS 0x000000008f500000, 0x000000008f500000| Untracked 

Card table byte_map: [0x0000028d5f7e0000,0x0000028d5fbe0000] _byte_map_base: 0x0000028d5f3e0000

Marking Bits (Prev, Next): (CMBitMap*) 0x0000028d4a468608, (CMBitMap*) 0x0000028d4a468640
 Prev Bits: [0x0000028d5ffe0000, 0x0000028d61fe0000)
 Next Bits: [0x0000028d61fe0000, 0x0000028d63fe0000)

Polling page: 0x0000028d4a500000

Metaspace:

Usage:
  Non-class:     39.11 MB capacity,    38.31 MB ( 98%) used,   698.01 KB (  2%) free+waste,   119.94 KB ( <1%) overhead. 
      Class:      6.02 MB capacity,     5.58 MB ( 93%) used,   384.71 KB (  6%) free+waste,    58.25 KB ( <1%) overhead. 
       Both:     45.13 MB capacity,    43.90 MB ( 97%) used,     1.06 MB (  2%) free+waste,   178.19 KB ( <1%) overhead. 

Virtual space:
  Non-class space:       40.00 MB reserved,      39.13 MB ( 98%) committed 
      Class space:        1.00 GB reserved,       6.07 MB ( <1%) committed 
             Both:        1.04 GB reserved,      45.20 MB (  4%) committed 

Chunk freelists:
   Non-Class:  16.00 KB
       Class:  0 bytes
        Both:  16.00 KB

MaxMetaspaceSize: 17179869184.00 GB
CompressedClassSpaceSize: 1.00 GB
Initial GC threshold: 20.80 MB
Current GC threshold: 59.09 MB
CDS: off

CodeHeap 'non-profiled nmethods': size=120000Kb used=3512Kb max_used=3512Kb free=116487Kb
 bounds [0x0000028d57230000, 0x0000028d575a0000, 0x0000028d5e760000]
CodeHeap 'profiled nmethods': size=120000Kb used=10034Kb max_used=10034Kb free=109966Kb
 bounds [0x0000028d4fd00000, 0x0000028d506d0000, 0x0000028d57230000]
CodeHeap 'non-nmethods': size=5760Kb used=2290Kb max_used=2387Kb free=3469Kb
 bounds [0x0000028d4f760000, 0x0000028d4f9d0000, 0x0000028d4fd00000]
 total_blobs=5358 nmethods=4571 adapters=699
 compilation: enabled
              stopped_count=0, restarted_count=0
 full_count=0

Compilation events (20 events):
Event: 7.405 Thread 0x0000028d6a5c6000 nmethod 4617 0x0000028d57590f90 code [0x0000028d57591140, 0x0000028d57591238]
Event: 7.405 Thread 0x0000028d6a5c6000 4618       4       java.util.LinkedList::linkLast (59 bytes)
Event: 7.410 Thread 0x0000028d6a5c6000 nmethod 4618 0x0000028d57591310 code [0x0000028d575914a0, 0x0000028d57591978]
Event: 7.410 Thread 0x0000028d6a5c6000 4621       4       org.objectweb.asm.ClassReader::readField (671 bytes)
Event: 7.416 Thread 0x0000028d6903e800 nmethod 4610 0x0000028d57591a10 code [0x0000028d57592040, 0x0000028d57598278]
Event: 7.417 Thread 0x0000028d6903e800 4406       4       org.objectweb.asm.MethodVisitor::visitJumpInsn (17 bytes)
Event: 7.418 Thread 0x0000028d6903e800 nmethod 4406 0x0000028d5759b710 code [0x0000028d5759b8a0, 0x0000028d5759b958]
Event: 7.418 Thread 0x0000028d6903e800 4426       4       org.objectweb.asm.MethodVisitor::<init> (94 bytes)
Event: 7.419 Thread 0x0000028d6903e800 nmethod 4426 0x0000028d5759ba10 code [0x0000028d5759bba0, 0x0000028d5759bcf8]
Event: 7.419 Thread 0x0000028d6903e800 4619       4       java.util.LinkedList::add (7 bytes)
Event: 7.424 Thread 0x0000028d6903e800 nmethod 4619 0x0000028d5759bd90 code [0x0000028d5759bf20, 0x0000028d5759c418]
Event: 7.424 Thread 0x0000028d6903e800 4623       4       java.nio.ByteBuffer::position (6 bytes)
Event: 7.425 Thread 0x0000028d6903e800 nmethod 4623 0x0000028d5759c510 code [0x0000028d5759c6a0, 0x0000028d5759c778]
Event: 7.425 Thread 0x0000028d6903e800 4348       4       org.objectweb.asm.ByteVector::put11 (52 bytes)
Event: 7.430 Thread 0x0000028d6903e800 nmethod 4348 0x0000028d5759c890 code [0x0000028d5759ca40, 0x0000028d5759ceb8]
Event: 7.430 Thread 0x0000028d6903e800 4468       4       org.objectweb.asm.MethodWriter::visitFieldInsn (258 bytes)
Event: 7.434 Thread 0x0000028d675bc000 4624       2       java.lang.invoke.LambdaForm$MH/0x00000001000e8440::invoke (31 bytes)
Event: 7.435 Thread 0x0000028d675bc000 nmethod 4624 0x0000028d506cc390 code [0x0000028d506cc560, 0x0000028d506cc6d8]
Event: 7.442 Thread 0x0000028d6903e800 nmethod 4468 0x0000028d5759d090 code [0x0000028d5759d260, 0x0000028d5759db18]
Event: 7.442 Thread 0x0000028d6903e800 4622       4       org.objectweb.asm.Type::getDescriptor (93 bytes)

GC Heap History (20 events):
Event: 5.780 GC heap after
{Heap after GC invocations=11 (full 0):
 garbage-first heap   total 251904K, used 77760K [0x0000000080000000, 0x0000000100000000)
  region size 1024K, 4 young (4096K), 4 survivors (4096K)
 Metaspace       used 44928K, capacity 46083K, committed 46288K, reserved 1089536K
  class space    used 5715K, capacity 6160K, committed 6220K, reserved 1048576K
}
Event: 5.976 GC heap before
{Heap before GC invocations=11 (full 0):
 garbage-first heap   total 251904K, used 178112K [0x0000000080000000, 0x0000000100000000)
  region size 1024K, 102 young (104448K), 4 survivors (4096K)
 Metaspace       used 44930K, capacity 46083K, committed 46288K, reserved 1089536K
  class space    used 5715K, capacity 6160K, committed 6220K, reserved 1048576K
}
Event: 5.978 GC heap after
{Heap after GC invocations=12 (full 0):
 garbage-first heap   total 251904K, used 78362K [0x0000000080000000, 0x0000000100000000)
  region size 1024K, 4 young (4096K), 4 survivors (4096K)
 Metaspace       used 44930K, capacity 46083K, committed 46288K, reserved 1089536K
  class space    used 5715K, capacity 6160K, committed 6220K, reserved 1048576K
}
Event: 6.153 GC heap before
{Heap before GC invocations=12 (full 0):
 garbage-first heap   total 251904K, used 189978K [0x0000000080000000, 0x0000000100000000)
  region size 1024K, 113 young (115712K), 4 survivors (4096K)
 Metaspace       used 44933K, capacity 46083K, committed 46288K, reserved 1089536K
  class space    used 5715K, capacity 6160K, committed 6220K, reserved 1048576K
}
Event: 6.158 GC heap after
{Heap after GC invocations=13 (full 0):
 garbage-first heap   total 251904K, used 79125K [0x0000000080000000, 0x0000000100000000)
  region size 1024K, 5 young (5120K), 5 survivors (5120K)
 Metaspace       used 44933K, capacity 46083K, committed 46288K, reserved 1089536K
  class space    used 5715K, capacity 6160K, committed 6220K, reserved 1048576K
}
Event: 6.297 GC heap before
{Heap before GC invocations=13 (full 0):
 garbage-first heap   total 251904K, used 191765K [0x0000000080000000, 0x0000000100000000)
  region size 1024K, 115 young (117760K), 5 survivors (5120K)
 Metaspace       used 44942K, capacity 46147K, committed 46288K, reserved 1089536K
  class space    used 5715K, capacity 6160K, committed 6220K, reserved 1048576K
}
Event: 6.300 GC heap after
{Heap after GC invocations=14 (full 0):
 garbage-first heap   total 251904K, used 79840K [0x0000000080000000, 0x0000000100000000)
  region size 1024K, 6 young (6144K), 6 survivors (6144K)
 Metaspace       used 44942K, capacity 46147K, committed 46288K, reserved 1089536K
  class space    used 5715K, capacity 6160K, committed 6220K, reserved 1048576K
}
Event: 6.443 GC heap before
{Heap before GC invocations=14 (full 0):
 garbage-first heap   total 251904K, used 194528K [0x0000000080000000, 0x0000000100000000)
  region size 1024K, 118 young (120832K), 6 survivors (6144K)
 Metaspace       used 44942K, capacity 46147K, committed 46288K, reserved 1089536K
  class space    used 5715K, capacity 6160K, committed 6220K, reserved 1048576K
}
Event: 6.447 GC heap after
{Heap after GC invocations=15 (full 0):
 garbage-first heap   total 251904K, used 80825K [0x0000000080000000, 0x0000000100000000)
  region size 1024K, 7 young (7168K), 7 survivors (7168K)
 Metaspace       used 44942K, capacity 46147K, committed 46288K, reserved 1089536K
  class space    used 5715K, capacity 6160K, committed 6220K, reserved 1048576K
}
Event: 6.602 GC heap before
{Heap before GC invocations=15 (full 0):
 garbage-first heap   total 251904K, used 201657K [0x0000000080000000, 0x0000000100000000)
  region size 1024K, 125 young (128000K), 7 survivors (7168K)
 Metaspace       used 44942K, capacity 46147K, committed 46288K, reserved 1089536K
  class space    used 5715K, capacity 6160K, committed 6220K, reserved 1048576K
}
Event: 6.608 GC heap after
{Heap after GC invocations=16 (full 0):
 garbage-first heap   total 251904K, used 81792K [0x0000000080000000, 0x0000000100000000)
  region size 1024K, 8 young (8192K), 8 survivors (8192K)
 Metaspace       used 44942K, capacity 46147K, committed 46288K, reserved 1089536K
  class space    used 5715K, capacity 6160K, committed 6220K, reserved 1048576K
}
Event: 6.771 GC heap before
{Heap before GC invocations=16 (full 0):
 garbage-first heap   total 251904K, used 206720K [0x0000000080000000, 0x0000000100000000)
  region size 1024K, 130 young (133120K), 8 survivors (8192K)
 Metaspace       used 44943K, capacity 46147K, committed 46288K, reserved 1089536K
  class space    used 5715K, capacity 6160K, committed 6220K, reserved 1048576K
}
Event: 6.775 GC heap after
{Heap after GC invocations=17 (full 0):
 garbage-first heap   total 251904K, used 82723K [0x0000000080000000, 0x0000000100000000)
  region size 1024K, 9 young (9216K), 9 survivors (9216K)
 Metaspace       used 44943K, capacity 46147K, committed 46288K, reserved 1089536K
  class space    used 5715K, capacity 6160K, committed 6220K, reserved 1048576K
}
Event: 6.946 GC heap before
{Heap before GC invocations=17 (full 0):
 garbage-first heap   total 251904K, used 210723K [0x0000000080000000, 0x0000000100000000)
  region size 1024K, 134 young (137216K), 9 survivors (9216K)
 Metaspace       used 44949K, capacity 46211K, committed 46288K, reserved 1089536K
  class space    used 5717K, capacity 6160K, committed 6220K, reserved 1048576K
}
Event: 6.951 GC heap after
{Heap after GC invocations=18 (full 0):
 garbage-first heap   total 251904K, used 83620K [0x0000000080000000, 0x0000000100000000)
  region size 1024K, 9 young (9216K), 9 survivors (9216K)
 Metaspace       used 44949K, capacity 46211K, committed 46288K, reserved 1089536K
  class space    used 5717K, capacity 6160K, committed 6220K, reserved 1048576K
}
Event: 7.126 GC heap before
{Heap before GC invocations=18 (full 0):
 garbage-first heap   total 251904K, used 213668K [0x0000000080000000, 0x0000000100000000)
  region size 1024K, 136 young (139264K), 9 survivors (9216K)
 Metaspace       used 44949K, capacity 46211K, committed 46288K, reserved 1089536K
  class space    used 5717K, capacity 6160K, committed 6220K, reserved 1048576K
}
Event: 7.137 GC heap after
{Heap after GC invocations=19 (full 0):
 garbage-first heap   total 251904K, used 84430K [0x0000000080000000, 0x0000000100000000)
  region size 1024K, 10 young (10240K), 10 survivors (10240K)
 Metaspace       used 44949K, capacity 46211K, committed 46288K, reserved 1089536K
  class space    used 5717K, capacity 6160K, committed 6220K, reserved 1048576K
}
Event: 7.294 GC heap before
{Heap before GC invocations=19 (full 0):
 garbage-first heap   total 251904K, used 213454K [0x0000000080000000, 0x0000000100000000)
  region size 1024K, 136 young (139264K), 10 survivors (10240K)
 Metaspace       used 44949K, capacity 46211K, committed 46288K, reserved 1089536K
  class space    used 5717K, capacity 6160K, committed 6220K, reserved 1048576K
}
Event: 7.298 GC heap after
{Heap after GC invocations=20 (full 0):
 garbage-first heap   total 251904K, used 85583K [0x0000000080000000, 0x0000000100000000)
  region size 1024K, 10 young (10240K), 10 survivors (10240K)
 Metaspace       used 44949K, capacity 46211K, committed 46288K, reserved 1089536K
  class space    used 5717K, capacity 6160K, committed 6220K, reserved 1048576K
}
Event: 7.474 GC heap before
{Heap before GC invocations=20 (full 0):
 garbage-first heap   total 251904K, used 215631K [0x0000000080000000, 0x0000000100000000)
  region size 1024K, 137 young (140288K), 10 survivors (10240K)
 Metaspace       used 44951K, capacity 46212K, committed 46288K, reserved 1089536K
  class space    used 5717K, capacity 6160K, committed 6220K, reserved 1048576K
}

Deoptimization events (20 events):
Event: 7.442 Thread 0x0000028d6b505000 DEOPT PACKING pc=0x0000028d505517ea sp=0x000000b7e10fe090
Event: 7.442 Thread 0x0000028d6b505000 DEOPT UNPACKING pc=0x0000028d4f7aa95e sp=0x000000b7e10fd710 mode 0
Event: 7.445 Thread 0x0000028d6b506000 DEOPT PACKING pc=0x0000028d505517ea sp=0x000000b7e16fdf90
Event: 7.445 Thread 0x0000028d6b506000 DEOPT UNPACKING pc=0x0000028d4f7aa95e sp=0x000000b7e16fd610 mode 0
Event: 7.448 Thread 0x0000028d6b505000 DEOPT PACKING pc=0x0000028d505517ea sp=0x000000b7e10fe090
Event: 7.448 Thread 0x0000028d6b505000 DEOPT UNPACKING pc=0x0000028d4f7aa95e sp=0x000000b7e10fd710 mode 0
Event: 7.457 Thread 0x0000028d6b505000 DEOPT PACKING pc=0x0000028d505517ea sp=0x000000b7e10fe090
Event: 7.457 Thread 0x0000028d6b505000 DEOPT UNPACKING pc=0x0000028d4f7aa95e sp=0x000000b7e10fd710 mode 0
Event: 7.459 Thread 0x0000028d6b505000 DEOPT PACKING pc=0x0000028d505517ea sp=0x000000b7e10fe090
Event: 7.459 Thread 0x0000028d6b505000 DEOPT UNPACKING pc=0x0000028d4f7aa95e sp=0x000000b7e10fd710 mode 0
Event: 7.461 Thread 0x0000028d6b506800 DEOPT PACKING pc=0x0000028d505517ea sp=0x000000b7e0ffe510
Event: 7.461 Thread 0x0000028d6b506800 DEOPT UNPACKING pc=0x0000028d4f7aa95e sp=0x000000b7e0ffdb90 mode 0
Event: 7.466 Thread 0x0000028d6b506000 DEOPT PACKING pc=0x0000028d505517ea sp=0x000000b7e16fdf90
Event: 7.466 Thread 0x0000028d6b506000 DEOPT UNPACKING pc=0x0000028d4f7aa95e sp=0x000000b7e16fd610 mode 0
Event: 7.467 Thread 0x0000028d6b506000 DEOPT PACKING pc=0x0000028d505517ea sp=0x000000b7e16fdf90
Event: 7.467 Thread 0x0000028d6b506000 DEOPT UNPACKING pc=0x0000028d4f7aa95e sp=0x000000b7e16fd610 mode 0
Event: 7.468 Thread 0x0000028d6b506800 DEOPT PACKING pc=0x0000028d505517ea sp=0x000000b7e0ffe510
Event: 7.468 Thread 0x0000028d6b506800 DEOPT UNPACKING pc=0x0000028d4f7aa95e sp=0x000000b7e0ffdb90 mode 0
Event: 7.469 Thread 0x0000028d6b506800 DEOPT PACKING pc=0x0000028d505517ea sp=0x000000b7e0ffe510
Event: 7.469 Thread 0x0000028d6b506800 DEOPT UNPACKING pc=0x0000028d4f7aa95e sp=0x000000b7e0ffdb90 mode 0

Classes redefined (0 events):
No events

Internal exceptions (20 events):
Event: 4.955 Thread 0x0000028d68a5a800 Implicit null exception at 0x0000028d573e686c to 0x0000028d573e6918
Event: 4.960 Thread 0x0000028d68a5a800 Exception <a 'java/lang/ClassNotFoundException'{0x000000008b8c4548}: org/gradle/api/internal/artifacts/dsl/dependencies/DefaultDependencyHandler_DecoratedBeanInfo> (0x000000008b8c4548) thrown at [src/hotspot/share/classfile/systemDictionary.cpp, line 230]
Event: 4.961 Thread 0x0000028d68a5a800 Exception <a 'java/lang/ClassNotFoundException'{0x000000008b705240}: org/gradle/api/internal/artifacts/dsl/dependencies/DefaultDependencyHandlerBeanInfo> (0x000000008b705240) thrown at [src/hotspot/share/classfile/systemDictionary.cpp, line 230]
Event: 4.961 Thread 0x0000028d68a5a800 Exception <a 'java/lang/ClassNotFoundException'{0x000000008b7456a8}: org/gradle/api/internal/artifacts/dsl/dependencies/DefaultDependencyHandlerCustomizer> (0x000000008b7456a8) thrown at [src/hotspot/share/classfile/systemDictionary.cpp, line 230]
Event: 4.964 Thread 0x0000028d68a5a800 Exception <a 'java/lang/ClassNotFoundException'{0x000000008b7b08a8}: org/gradle/api/internal/artifacts/dsl/dependencies/DefaultDependencyHandler_DecoratedCustomizer> (0x000000008b7b08a8) thrown at [src/hotspot/share/classfile/systemDictionary.cpp, line 230]
Event: 5.077 Thread 0x0000028d68a5a800 Exception <a 'java/lang/IncompatibleClassChangeError'{0x000000008aa7a9f0}: Found class java.lang.Object, but interface was expected> (0x000000008aa7a9f0) thrown at [src/hotspot/share/interpreter/linkResolver.cpp, line 839]
Event: 5.166 Thread 0x0000028d68a5a800 Exception <a 'java/lang/NoSuchMethodError'{0x000000008f4a6dc0}: 'int java.lang.invoke.DirectMethodHandle$Holder.invokeStaticInit(java.lang.Object)'> (0x000000008f4a6dc0) thrown at [src/hotspot/share/interpreter/linkResolver.cpp, line 773]
Event: 5.226 Thread 0x0000028d6b508000 Exception <a 'sun/nio/fs/WindowsException'{0x000000008f208710}> (0x000000008f208710) thrown at [src/hotspot/share/prims/jni.cpp, line 617]
Event: 5.229 Thread 0x0000028d6b508000 Exception <a 'sun/nio/fs/WindowsException'{0x000000008f227800}> (0x000000008f227800) thrown at [src/hotspot/share/prims/jni.cpp, line 617]
Event: 5.229 Thread 0x0000028d6b508000 Exception <a 'sun/nio/fs/WindowsException'{0x000000008f227988}> (0x000000008f227988) thrown at [src/hotspot/share/prims/jni.cpp, line 617]
Event: 5.251 Thread 0x0000028d68a5a800 Exception <a 'java/lang/ClassNotFoundException'{0x000000008f2b9708}: sync_studio_tooling8_8ylauxtthik69btdtc5rrd1nwBeanInfo> (0x000000008f2b9708) thrown at [src/hotspot/share/classfile/systemDictionary.cpp, line 230]
Event: 5.251 Thread 0x0000028d68a5a800 Exception <a 'java/lang/ClassNotFoundException'{0x000000008f2c6ce0}: sync_studio_tooling8_8ylauxtthik69btdtc5rrd1nwCustomizer> (0x000000008f2c6ce0) thrown at [src/hotspot/share/classfile/systemDictionary.cpp, line 230]
Event: 5.265 Thread 0x0000028d68a5a800 Exception <a 'java/lang/ClassNotFoundException'{0x000000008f1d6910}: ijinit1_d2ap01te3bi8uqistldrw4hfaBeanInfo> (0x000000008f1d6910) thrown at [src/hotspot/share/classfile/systemDictionary.cpp, line 230]
Event: 5.265 Thread 0x0000028d68a5a800 Exception <a 'java/lang/ClassNotFoundException'{0x000000008f1e31e8}: ijinit1_d2ap01te3bi8uqistldrw4hfaCustomizer> (0x000000008f1e31e8) thrown at [src/hotspot/share/classfile/systemDictionary.cpp, line 230]
Event: 5.270 Thread 0x0000028d68a5a800 Exception <a 'java/lang/ClassNotFoundException'{0x000000008f0387f0}: ijinit1_d2ap01te3bi8uqistldrw4hfa$_run_closure1BeanInfo> (0x000000008f0387f0) thrown at [src/hotspot/share/classfile/systemDictionary.cpp, line 230]
Event: 5.271 Thread 0x0000028d68a5a800 Exception <a 'java/lang/ClassNotFoundException'{0x000000008f03f828}: ijinit1_d2ap01te3bi8uqistldrw4hfa$_run_closure1Customizer> (0x000000008f03f828) thrown at [src/hotspot/share/classfile/systemDictionary.cpp, line 230]
Event: 5.310 Thread 0x0000028d6b505000 Exception <a 'sun/nio/fs/WindowsException'{0x000000008e555038}> (0x000000008e555038) thrown at [src/hotspot/share/prims/jni.cpp, line 617]
Event: 5.311 Thread 0x0000028d6b506800 Exception <a 'sun/nio/fs/WindowsException'{0x000000008e5e18d0}> (0x000000008e5e18d0) thrown at [src/hotspot/share/prims/jni.cpp, line 617]
Event: 5.352 Thread 0x0000028d6b506000 Exception <a 'sun/nio/fs/WindowsException'{0x000000008cb12118}> (0x000000008cb12118) thrown at [src/hotspot/share/prims/jni.cpp, line 617]
Event: 6.812 Thread 0x0000028d6b506000 Implicit null exception at 0x0000028d57538d08 to 0x0000028d5753a39c

Events (20 events):
Event: 6.153 Executing VM operation: G1CollectForAllocation
Event: 6.158 Executing VM operation: G1CollectForAllocation done
Event: 6.227 Loaded shared library D:\androidstudio\jbr\bin\java.dll
Event: 6.297 Executing VM operation: G1CollectForAllocation
Event: 6.300 Executing VM operation: G1CollectForAllocation done
Event: 6.443 Executing VM operation: G1CollectForAllocation
Event: 6.447 Executing VM operation: G1CollectForAllocation done
Event: 6.602 Executing VM operation: G1CollectForAllocation
Event: 6.608 Executing VM operation: G1CollectForAllocation done
Event: 6.771 Executing VM operation: G1CollectForAllocation
Event: 6.775 Executing VM operation: G1CollectForAllocation done
Event: 6.897 loading class org/gradle/internal/classpath/InstrumentingTransformer$InstrumentingVisitor$1
Event: 6.897 loading class org/gradle/internal/classpath/InstrumentingTransformer$InstrumentingVisitor$1 done
Event: 6.946 Executing VM operation: G1CollectForAllocation
Event: 6.951 Executing VM operation: G1CollectForAllocation done
Event: 7.126 Executing VM operation: G1CollectForAllocation
Event: 7.137 Executing VM operation: G1CollectForAllocation done
Event: 7.294 Executing VM operation: G1CollectForAllocation
Event: 7.298 Executing VM operation: G1CollectForAllocation done
Event: 7.473 Executing VM operation: G1CollectForAllocation


Dynamic libraries:
0x00007ff6c8660000 - 0x00007ff6c866a000 	D:\androidstudio\jbr\bin\java.exe
0x00007fff41040000 - 0x00007fff41249000 	C:\Windows\SYSTEM32\ntdll.dll
0x00007fff3f600000 - 0x00007fff3f6be000 	C:\Windows\System32\KERNEL32.DLL
0x00007fff3e8b0000 - 0x00007fff3ec2b000 	C:\Windows\System32\KERNELBASE.dll
0x00007fff3ec30000 - 0x00007fff3ed41000 	C:\Windows\System32\ucrtbase.dll
0x00007fff2a530000 - 0x00007fff2a547000 	D:\androidstudio\jbr\bin\jli.dll
0x00007fff2a130000 - 0x00007fff2a14b000 	D:\androidstudio\jbr\bin\VCRUNTIME140.dll
0x00007fff3eec0000 - 0x00007fff3f06d000 	C:\Windows\System32\USER32.dll
0x00007fff36cf0000 - 0x00007fff36f95000 	C:\Windows\WinSxS\amd64_microsoft.windows.common-controls_6595b64144ccf1df_6.0.22000.120_none_9d947278b86cc467\COMCTL32.dll
0x00007fff3e760000 - 0x00007fff3e786000 	C:\Windows\System32\win32u.dll
0x00007fff3f0e0000 - 0x00007fff3f183000 	C:\Windows\System32\msvcrt.dll
0x00007fff3f6e0000 - 0x00007fff3f709000 	C:\Windows\System32\GDI32.dll
0x00007fff3e790000 - 0x00007fff3e8a8000 	C:\Windows\System32\gdi32full.dll
0x00007fff3e510000 - 0x00007fff3e5ad000 	C:\Windows\System32\msvcp_win.dll
0x00007fff40b50000 - 0x00007fff40b82000 	C:\Windows\System32\IMM32.DLL
0x00007fff2a000000 - 0x00007fff2a00c000 	D:\androidstudio\jbr\bin\vcruntime140_1.dll
0x00007ffef16c0000 - 0x00007ffef174d000 	D:\androidstudio\jbr\bin\msvcp140.dll
0x00007ffee9f80000 - 0x00007ffeeab3c000 	D:\androidstudio\jbr\bin\server\jvm.dll
0x00007fff40070000 - 0x00007fff4011e000 	C:\Windows\System32\ADVAPI32.dll
0x00007fff3f270000 - 0x00007fff3f30e000 	C:\Windows\System32\sechost.dll
0x00007fff40a00000 - 0x00007fff40b20000 	C:\Windows\System32\RPCRT4.dll
0x00007fff40b20000 - 0x00007fff40b28000 	C:\Windows\System32\PSAPI.DLL
0x00007ffed1e90000 - 0x00007ffed1e99000 	C:\Windows\SYSTEM32\WSOCK32.dll
0x00007fff3bdf0000 - 0x00007fff3be23000 	C:\Windows\SYSTEM32\WINMM.dll
0x00007fff3f530000 - 0x00007fff3f59f000 	C:\Windows\System32\WS2_32.dll
0x00007fff353a0000 - 0x00007fff353aa000 	C:\Windows\SYSTEM32\VERSION.dll
0x00007fff3d600000 - 0x00007fff3d618000 	C:\Windows\SYSTEM32\kernel.appcore.dll
0x00007fff346c0000 - 0x00007fff346d0000 	D:\androidstudio\jbr\bin\verify.dll
0x00007fff3b830000 - 0x00007fff3ba51000 	C:\Windows\SYSTEM32\DBGHELP.DLL
0x00007fff364c0000 - 0x00007fff364f1000 	C:\Windows\SYSTEM32\dbgcore.DLL
0x00007fff3e5b0000 - 0x00007fff3e62f000 	C:\Windows\System32\bcryptPrimitives.dll
0x00007fff2b050000 - 0x00007fff2b078000 	D:\androidstudio\jbr\bin\java.dll
0x00007fff345a0000 - 0x00007fff345aa000 	D:\androidstudio\jbr\bin\jimage.dll
0x00007fff2cc90000 - 0x00007fff2cca8000 	D:\androidstudio\jbr\bin\zip.dll
0x00007fff3f8b0000 - 0x00007fff40067000 	C:\Windows\System32\SHELL32.dll
0x00007fff3c600000 - 0x00007fff3ce65000 	C:\Windows\SYSTEM32\windows.storage.dll
0x00007fff40210000 - 0x00007fff40588000 	C:\Windows\System32\combase.dll
0x00007fff3c490000 - 0x00007fff3c5f6000 	C:\Windows\SYSTEM32\wintypes.dll
0x00007fff3f710000 - 0x00007fff3f7fa000 	C:\Windows\System32\SHCORE.dll
0x00007fff3f070000 - 0x00007fff3f0cd000 	C:\Windows\System32\shlwapi.dll
0x00007fff3e440000 - 0x00007fff3e461000 	C:\Windows\SYSTEM32\profapi.dll
0x00007fff2b030000 - 0x00007fff2b049000 	D:\androidstudio\jbr\bin\net.dll
0x00007fff393f0000 - 0x00007fff39504000 	C:\Windows\SYSTEM32\WINHTTP.dll
0x00007fff3daa0000 - 0x00007fff3db07000 	C:\Windows\system32\mswsock.dll
0x00007fff2aa30000 - 0x00007fff2aa43000 	D:\androidstudio\jbr\bin\nio.dll
0x00007fff217d0000 - 0x00007fff217f7000 	C:\Users\Borja Chacon\.gradle\native\e1d6ef7f7dcc3fd88c89a11ec53ec762bb8ba0a96d01ffa2cd45eb1d1d8dd5c5\windows-amd64\native-platform.dll
0x00007ffeee860000 - 0x00007ffeee9a4000 	C:\Users\Borja Chacon\.gradle\native\0d407fdbe67a94daf76414ababcb853783967236a71b16ec16e742cd7a986fd3\windows-amd64\native-platform-file-events.dll
0x00007fff2ea90000 - 0x00007fff2ea9a000 	D:\androidstudio\jbr\bin\management.dll
0x00007fff2ea40000 - 0x00007fff2ea4b000 	D:\androidstudio\jbr\bin\management_ext.dll
0x00007fff3dce0000 - 0x00007fff3dcf8000 	C:\Windows\SYSTEM32\CRYPTSP.dll
0x00007fff3d560000 - 0x00007fff3d595000 	C:\Windows\system32\rsaenh.dll
0x00007fff3db90000 - 0x00007fff3dbb9000 	C:\Windows\SYSTEM32\USERENV.dll
0x00007fff3de70000 - 0x00007fff3de97000 	C:\Windows\SYSTEM32\bcrypt.dll
0x00007fff3dd00000 - 0x00007fff3dd0c000 	C:\Windows\SYSTEM32\CRYPTBASE.dll
0x00007fff3d0c0000 - 0x00007fff3d0ed000 	C:\Windows\SYSTEM32\IPHLPAPI.DLL
0x00007fff3f890000 - 0x00007fff3f899000 	C:\Windows\System32\NSI.dll
0x00007fff39300000 - 0x00007fff39319000 	C:\Windows\SYSTEM32\dhcpcsvc6.DLL
0x00007fff39610000 - 0x00007fff3962e000 	C:\Windows\SYSTEM32\dhcpcsvc.DLL
0x00007fff3d0f0000 - 0x00007fff3d1d8000 	C:\Windows\SYSTEM32\DNSAPI.dll

dbghelp: loaded successfully - version: 4.0.5 - missing functions: none
symbol engine: initialized successfully - sym options: 0x614 - pdb path: .;D:\androidstudio\jbr\bin;C:\Windows\SYSTEM32;C:\Windows\WinSxS\amd64_microsoft.windows.common-controls_6595b64144ccf1df_6.0.22000.120_none_9d947278b86cc467;D:\androidstudio\jbr\bin\server;C:\Users\Borja Chacon\.gradle\native\e1d6ef7f7dcc3fd88c89a11ec53ec762bb8ba0a96d01ffa2cd45eb1d1d8dd5c5\windows-amd64;C:\Users\Borja Chacon\.gradle\native\0d407fdbe67a94daf76414ababcb853783967236a71b16ec16e742cd7a986fd3\windows-amd64

VM Arguments:
jvm_args: --add-opens=java.base/java.util=ALL-UNNAMED --add-opens=java.base/java.lang=ALL-UNNAMED --add-opens=java.base/java.lang.invoke=ALL-UNNAMED --add-opens=java.base/java.util=ALL-UNNAMED --add-opens=java.prefs/java.util.prefs=ALL-UNNAMED --add-opens=java.prefs/java.util.prefs=ALL-UNNAMED --add-opens=java.base/java.nio.charset=ALL-UNNAMED --add-opens=java.base/java.net=ALL-UNNAMED --add-opens=java.base/java.util.concurrent.atomic=ALL-UNNAMED -Xmx2048m -Dfile.encoding=UTF-8 -Duser.country=ES -Duser.language=es -Duser.variant 
java_command: org.gradle.launcher.daemon.bootstrap.GradleDaemon 7.5
java_class_path (initial): C:\Users\Borja Chacon\.gradle\wrapper\dists\gradle-7.5-bin\f1w0cc9nuo0eivz97x2xlu9sv\gradle-7.5\lib\gradle-launcher-7.5.jar
Launcher Type: SUN_STANDARD

[Global flags]
     intx CICompilerCount                          = 4                                         {product} {ergonomic}
     uint ConcGCThreads                            = 3                                         {product} {ergonomic}
     uint G1ConcRefinementThreads                  = 10                                        {product} {ergonomic}
   size_t G1HeapRegionSize                         = 1048576                                   {product} {ergonomic}
    uintx GCDrainStackTargetSize                   = 64                                        {product} {ergonomic}
   size_t InitialHeapSize                          = 257949696                                 {product} {ergonomic}
   size_t MarkStackSize                            = 4194304                                   {product} {ergonomic}
   size_t MaxHeapSize                              = 2147483648                                {product} {command line}
   size_t MaxNewSize                               = 1287651328                                {product} {ergonomic}
   size_t MinHeapDeltaBytes                        = 1048576                                   {product} {ergonomic}
    uintx NonNMethodCodeHeapSize                   = 5836300                                {pd product} {ergonomic}
    uintx NonProfiledCodeHeapSize                  = 122910970                              {pd product} {ergonomic}
    uintx ProfiledCodeHeapSize                     = 122910970                              {pd product} {ergonomic}
    uintx ReservedCodeCacheSize                    = 251658240                              {pd product} {ergonomic}
     bool SegmentedCodeCache                       = true                                      {product} {ergonomic}
     bool UseCompressedClassPointers               = true                                 {lp64_product} {ergonomic}
     bool UseCompressedOops                        = true                                 {lp64_product} {ergonomic}
     bool UseG1GC                                  = true                                      {product} {ergonomic}
     bool UseLargePagesIndividualAllocation        = false                                  {pd product} {ergonomic}

Logging:
Log output configuration:
 #0: stdout all=warning uptime,level,tags
 #1: stderr all=off uptime,level,tags

Environment Variables:
PATH=C:\Program Files\Common Files\Oracle\Java\javapath;C:\Windows\System32\HWAudioDriverLibs;C:\Windows\system32;C:\Windows;C:\Windows\System32\Wbem;C:\Windows\System32\WindowsPowerShell\v1.0\;C:\Windows\System32\OpenSSH\;C:\Users\Administrator\AppData\Local\Microsoft\WindowsApps;C:\Program Files\Git\cmd;C:\Program Files\dotnet\;C:\Users\Borja Chacon\AppData\Local\Microsoft\WindowsApps;D:\PyCharm Community Edition 2022.2.3\bin;D:\IntelliJ IDEA Community Edition 2022.2.3\bin;C:\Users\Borja Chacon\.dotnet\tools;C:\Users\Borja Chacon\AppData\Local\JetBrains\Toolbox\scripts;C:\Users\Borja Chacon\.dotnet\tools
USERNAME=Borja Chacon
OS=Windows_NT
PROCESSOR_IDENTIFIER=AMD64 Family 25 Model 80 Stepping 0, AuthenticAMD



---------------  S Y S T E M  ---------------

OS: Windows 11 , 64 bit Build 22000 (10.0.22000.1335)
OS uptime: 7 days 0:02 hours

CPU:total 12 (initial active 12) (12 cores per cpu, 2 threads per core) family 25 model 80 stepping 0 microcode 0x0, cmov, cx8, fxsr, mmx, sse, sse2, sse3, ssse3, sse4.1, sse4.2, popcnt, avx, avx2, aes, clmul, erms, mmxext, 3dnowpref, lzcnt, sse4a, ht, tsc, tscinvbit, tscinv, bmi1, bmi2, adx, sha, fma

Memory: 4k page, system-wide physical 15724M (1944M free)
TotalPageFile size 31084M (AvailPageFile size 31M)
current process WorkingSet (physical memory assigned to process): 424M, peak: 431M
current process commit charge ("private bytes"): 488M, peak: 539M

vm_info: OpenJDK 64-Bit Server VM (11.0.15+0-b2043.56-9505619) for windows-amd64 JRE (11.0.15+0-b2043.56-9505619), built on Jan 19 2023 02:48:00 by "builduser" with unknown MS VC++:1929

END.
