#
# There is insufficient memory for the Java Runtime Environment to continue.
# Native memory allocation (mmap) failed to map 52428800 bytes for Failed to commit area from 0x000000008f600000 to 0x0000000092800000 of length 52428800.
# Possible reasons:
#   The system is out of physical RAM or swap space
#   The process is running with CompressedOops enabled, and the Java Heap may be blocking the growth of the native heap
# Possible solutions:
#   Reduce memory load on the system
#   Increase physical memory or swap space
#   Check if swap backing store is full
#   Decrease Java heap size (-Xmx/-Xms)
#   Decrease number of Java threads
#   Decrease Java thread stack sizes (-Xss)
#   Set larger code cache with -XX:ReservedCodeCacheSize=
#   JVM is running with Unscaled Compressed Oops mode in which the Java heap is
#     placed in the first 4GB address space. The Java Heap base address is the
#     maximum limit for the native heap growth. Please use -XX:HeapBaseMinAddress
#     to set the Java Heap base and to place the Java Heap above 4GB virtual address.
# This output file may be truncated or incomplete.
#
#  Out of Memory Error (src/hotspot/os/windows/os_windows.cpp:3627), pid=18544, tid=5292
#
# JRE version: OpenJDK Runtime Environment (11.0.15) (build 11.0.15+0-b2043.56-9505619)
# Java VM: OpenJDK 64-Bit Server VM (11.0.15+0-b2043.56-9505619, mixed mode, tiered, compressed oops, g1 gc, windows-amd64)
# No core dump will be written. Minidumps are not enabled by default on client versions of Windows
#

---------------  S U M M A R Y ------------

Command Line: --add-opens=java.base/java.util=ALL-UNNAMED --add-opens=java.base/java.lang=ALL-UNNAMED --add-opens=java.base/java.lang.invoke=ALL-UNNAMED --add-opens=java.base/java.util=ALL-UNNAMED --add-opens=java.prefs/java.util.prefs=ALL-UNNAMED --add-opens=java.prefs/java.util.prefs=ALL-UNNAMED --add-opens=java.base/java.nio.charset=ALL-UNNAMED --add-opens=java.base/java.net=ALL-UNNAMED --add-opens=java.base/java.util.concurrent.atomic=ALL-UNNAMED -Xmx2048m -Dfile.encoding=UTF-8 -Duser.country=ES -Duser.language=es -Duser.variant org.gradle.launcher.daemon.bootstrap.GradleDaemon 7.5

Host: AMD Ryzen 5 5600H with Radeon Graphics         , 12 cores, 15G,  Windows 11 , 64 bit Build 22000 (10.0.22000.1335)
Time: Sun Feb 12 20:00:28 2023 Hora estándar romance elapsed time: 8.188332 seconds (0d 0h 0m 8s)

---------------  T H R E A D  ---------------

Current thread (0x0000019871dc8800):  VMThread "VM Thread" [stack: 0x0000000f4cb00000,0x0000000f4cc00000] [id=5292]

Stack: [0x0000000f4cb00000,0x0000000f4cc00000]
[error occurred during error reporting (printing stack bounds), id 0xc0000005, EXCEPTION_ACCESS_VIOLATION (0xc0000005) at pc=0x0000019859fb112d]

Native frames: (J=compiled Java code, j=interpreted, Vv=VM code, C=native code)
V  [jvm.dll+0x64135a]
V  [jvm.dll+0x7d39f9]
V  [jvm.dll+0x7d51b9]
V  [jvm.dll+0x7d5805]
V  [jvm.dll+0x7d57bb]
V  [jvm.dll+0x640655]
V  [jvm.dll+0x640d68]
C  [ntdll.dll+0xa8b1f]
C  [ntdll.dll+0x35b9a]
C  [ntdll.dll+0xa7b2e]
C  0x0000019859fb112d

VM_Operation (0x0000000f4fcfdb20): G1CollectForAllocation, mode: safepoint, requested by thread 0x0000019877337800


---------------  P R O C E S S  ---------------

Threads class SMR info:
_java_thread_list=0x00000198754a4370, length=45, elements={
0x0000019854cb3800, 0x0000019871dcc000, 0x0000019871dd5000, 0x0000019871e29800,
0x0000019871e2a800, 0x0000019871e2b800, 0x0000019871e37000, 0x0000019871e45800,
0x0000019871e4b000, 0x0000019871fd2800, 0x000001987448c800, 0x0000019872350000,
0x000001987538e800, 0x0000019874130000, 0x00000198739c9800, 0x00000198747ac800,
0x0000019873f9e000, 0x0000019874a7a800, 0x000001987428d000, 0x00000198746fe000,
0x00000198748cd800, 0x00000198748ce800, 0x00000198748cf800, 0x00000198748d0000,
0x00000198748d1000, 0x00000198748d2000, 0x00000198748d2800, 0x00000198748cd000,
0x00000198748d3800, 0x0000019877332800, 0x0000019877333800, 0x0000019877335000,
0x0000019877336000, 0x0000019877334000, 0x0000019877336800, 0x0000019877331000,
0x0000019877337800, 0x0000019877331800, 0x000001987733b800, 0x000001987733c800,
0x000001987733d000, 0x000001987733e000, 0x0000019877338000, 0x000001987733a800,
0x0000019875475000
}

Java Threads: ( => current thread )
  0x0000019854cb3800 JavaThread "main" [_thread_blocked, id=15548, stack(0x0000000f4c500000,0x0000000f4c600000)]
  0x0000019871dcc000 JavaThread "Reference Handler" daemon [_thread_blocked, id=27000, stack(0x0000000f4cc00000,0x0000000f4cd00000)]
  0x0000019871dd5000 JavaThread "Finalizer" daemon [_thread_blocked, id=9380, stack(0x0000000f4cd00000,0x0000000f4ce00000)]
  0x0000019871e29800 JavaThread "Signal Dispatcher" daemon [_thread_blocked, id=16124, stack(0x0000000f4ce00000,0x0000000f4cf00000)]
  0x0000019871e2a800 JavaThread "Attach Listener" daemon [_thread_blocked, id=26172, stack(0x0000000f4cf00000,0x0000000f4d000000)]
  0x0000019871e2b800 JavaThread "Service Thread" daemon [_thread_blocked, id=10300, stack(0x0000000f4d000000,0x0000000f4d100000)]
  0x0000019871e37000 JavaThread "C2 CompilerThread0" daemon [_thread_in_native, id=25224, stack(0x0000000f4d100000,0x0000000f4d200000)]
  0x0000019871e45800 JavaThread "C1 CompilerThread0" daemon [_thread_blocked, id=28772, stack(0x0000000f4d200000,0x0000000f4d300000)]
  0x0000019871e4b000 JavaThread "Sweeper thread" daemon [_thread_blocked, id=11448, stack(0x0000000f4d300000,0x0000000f4d400000)]
  0x0000019871fd2800 JavaThread "Common-Cleaner" daemon [_thread_blocked, id=2112, stack(0x0000000f4d400000,0x0000000f4d500000)]
  0x000001987448c800 JavaThread "Daemon health stats" [_thread_blocked, id=30232, stack(0x0000000f4dc00000,0x0000000f4dd00000)]
  0x0000019872350000 JavaThread "Incoming local TCP Connector on port 64322" [_thread_in_native, id=26348, stack(0x0000000f4d600000,0x0000000f4d700000)]
  0x000001987538e800 JavaThread "Daemon periodic checks" [_thread_blocked, id=21988, stack(0x0000000f4db00000,0x0000000f4dc00000)]
  0x0000019874130000 JavaThread "Daemon" [_thread_blocked, id=23756, stack(0x0000000f4dd00000,0x0000000f4de00000)]
  0x00000198739c9800 JavaThread "Handler for socket connection from /127.0.0.1:64322 to /127.0.0.1:64323" [_thread_in_native, id=10848, stack(0x0000000f4de00000,0x0000000f4df00000)]
  0x00000198747ac800 JavaThread "Cancel handler" [_thread_blocked, id=29352, stack(0x0000000f4df00000,0x0000000f4e000000)]
  0x0000019873f9e000 JavaThread "Daemon worker" [_thread_blocked, id=3332, stack(0x0000000f4e000000,0x0000000f4e100000)]
  0x0000019874a7a800 JavaThread "C2 CompilerThread1" daemon [_thread_blocked, id=17700, stack(0x0000000f4e100000,0x0000000f4e200000)]
  0x000001987428d000 JavaThread "Asynchronous log dispatcher for DefaultDaemonConnection: socket connection from /127.0.0.1:64322 to /127.0.0.1:64323" [_thread_blocked, id=9112, stack(0x0000000f4e200000,0x0000000f4e300000)]
  0x00000198746fe000 JavaThread "Stdin handler" [_thread_blocked, id=22600, stack(0x0000000f4e300000,0x0000000f4e400000)]
  0x00000198748cd800 JavaThread "Daemon client event forwarder" [_thread_blocked, id=26720, stack(0x0000000f4e400000,0x0000000f4e500000)]
  0x00000198748ce800 JavaThread "Cache worker for journal cache (C:\Users\Borja Chacon\.gradle\caches\journal-1)" [_thread_blocked, id=8864, stack(0x0000000f4e500000,0x0000000f4e600000)]
  0x00000198748cf800 JavaThread "File lock request listener" [_thread_in_native, id=25972, stack(0x0000000f4e600000,0x0000000f4e700000)]
  0x00000198748d0000 JavaThread "Cache worker for file hash cache (C:\Users\Borja Chacon\.gradle\caches\7.5\fileHashes)" [_thread_blocked, id=30032, stack(0x0000000f4ee00000,0x0000000f4ef00000)]
  0x00000198748d1000 JavaThread "File watcher server" daemon [_thread_in_native, id=5476, stack(0x0000000f4f000000,0x0000000f4f100000)]
  0x00000198748d2000 JavaThread "File watcher consumer" daemon [_thread_blocked, id=12608, stack(0x0000000f4f100000,0x0000000f4f200000)]
  0x00000198748d2800 JavaThread "jar transforms" [_thread_blocked, id=30008, stack(0x0000000f4f200000,0x0000000f4f300000)]
  0x00000198748cd000 JavaThread "jar transforms Thread 2" [_thread_blocked, id=27448, stack(0x0000000f4f300000,0x0000000f4f400000)]
  0x00000198748d3800 JavaThread "jar transforms Thread 3" [_thread_blocked, id=28168, stack(0x0000000f4f400000,0x0000000f4f500000)]
  0x0000019877332800 JavaThread "jar transforms Thread 4" [_thread_blocked, id=19228, stack(0x0000000f4f500000,0x0000000f4f600000)]
  0x0000019877333800 JavaThread "jar transforms Thread 5" [_thread_blocked, id=21964, stack(0x0000000f4f600000,0x0000000f4f700000)]
  0x0000019877335000 JavaThread "jar transforms Thread 6" [_thread_blocked, id=28160, stack(0x0000000f4f700000,0x0000000f4f800000)]
  0x0000019877336000 JavaThread "jar transforms Thread 7" [_thread_blocked, id=27476, stack(0x0000000f4f800000,0x0000000f4f900000)]
  0x0000019877334000 JavaThread "jar transforms Thread 8" [_thread_blocked, id=8716, stack(0x0000000f4f900000,0x0000000f4fa00000)]
  0x0000019877336800 JavaThread "jar transforms Thread 9" [_thread_blocked, id=16284, stack(0x0000000f4fa00000,0x0000000f4fb00000)]
  0x0000019877331000 JavaThread "jar transforms Thread 10" [_thread_blocked, id=27736, stack(0x0000000f4fb00000,0x0000000f4fc00000)]
  0x0000019877337800 JavaThread "jar transforms Thread 11" [_thread_blocked, id=27248, stack(0x0000000f4fc00000,0x0000000f4fd00000)]
  0x0000019877331800 JavaThread "jar transforms Thread 12" [_thread_blocked, id=30132, stack(0x0000000f4fd00000,0x0000000f4fe00000)]
  0x000001987733b800 JavaThread "Cache worker for checksums cache (D:\AndroidStudioProjects\ChaconAlvarezBorja2Eca\.gradle\7.5\checksums)" [_thread_blocked, id=10868, stack(0x0000000f4fe00000,0x0000000f4ff00000)]
  0x000001987733c800 JavaThread "Cache worker for cache directory md-rule (C:\Users\Borja Chacon\.gradle\caches\7.5\md-rule)" [_thread_blocked, id=5440, stack(0x0000000f4ff00000,0x0000000f50000000)]
  0x000001987733d000 JavaThread "Cache worker for file content cache (C:\Users\Borja Chacon\.gradle\caches\7.5\fileContent)" [_thread_blocked, id=30200, stack(0x0000000f50000000,0x0000000f50100000)]
  0x000001987733e000 JavaThread "Cache worker for file hash cache (D:\AndroidStudioProjects\ChaconAlvarezBorja2Eca\.gradle\7.5\fileHashes)" [_thread_blocked, id=29208, stack(0x0000000f50100000,0x0000000f50200000)]
  0x0000019877338000 JavaThread "Cache worker for cache directory md-supplier (C:\Users\Borja Chacon\.gradle\caches\7.5\md-supplier)" [_thread_blocked, id=10644, stack(0x0000000f4ef00000,0x0000000f4f000000)]
  0x000001987733a800 JavaThread "Cache worker for execution history cache (C:\Users\Borja Chacon\.gradle\caches\7.5\executionHistory)" [_thread_blocked, id=10416, stack(0x0000000f50200000,0x0000000f50300000)]
  0x0000019875475000 JavaThread "C2 CompilerThread2" daemon [_thread_in_native, id=25052, stack(0x0000000f50300000,0x0000000f50400000)]

Other Threads:
=>0x0000019871dc8800 VMThread "VM Thread" [stack: 0x0000000f4cb00000,0x0000000f4cc00000] [id=5292]
  0x0000019871fbb800 WatcherThread [stack: 0x0000000f4d500000,0x0000000f4d600000] [id=27660]
  0x0000019854cce000 GCTaskThread "GC Thread#0" [stack: 0x0000000f4c600000,0x0000000f4c700000] [id=10140]
  0x00000198728a7000 GCTaskThread "GC Thread#1" [stack: 0x0000000f4d700000,0x0000000f4d800000] [id=15668]
  0x0000019872cca800 GCTaskThread "GC Thread#2" [stack: 0x0000000f4d800000,0x0000000f4d900000] [id=25976]
  0x0000019872e28800 GCTaskThread "GC Thread#3" [stack: 0x0000000f4d900000,0x0000000f4da00000] [id=18244]
  0x0000019872de4000 GCTaskThread "GC Thread#4" [stack: 0x0000000f4da00000,0x0000000f4db00000] [id=23296]
  0x00000198743f6800 GCTaskThread "GC Thread#5" [stack: 0x0000000f4e700000,0x0000000f4e800000] [id=2620]
  0x0000019872eea800 GCTaskThread "GC Thread#6" [stack: 0x0000000f4e800000,0x0000000f4e900000] [id=18472]
  0x0000019874a1d000 GCTaskThread "GC Thread#7" [stack: 0x0000000f4e900000,0x0000000f4ea00000] [id=20768]
  0x00000198741d5800 GCTaskThread "GC Thread#8" [stack: 0x0000000f4ea00000,0x0000000f4eb00000] [id=28880]
  0x00000198738c6000 GCTaskThread "GC Thread#9" [stack: 0x0000000f4eb00000,0x0000000f4ec00000] [id=5260]
  0x0000019854d00000 ConcurrentGCThread "G1 Main Marker" [stack: 0x0000000f4c700000,0x0000000f4c800000] [id=19152]
  0x0000019854d03000 ConcurrentGCThread "G1 Conc#0" [stack: 0x0000000f4c800000,0x0000000f4c900000] [id=9016]
  0x0000019873026800 ConcurrentGCThread "G1 Conc#1" [stack: 0x0000000f4ec00000,0x0000000f4ed00000] [id=17692]
  0x0000019872c6b800 ConcurrentGCThread "G1 Conc#2" [stack: 0x0000000f4ed00000,0x0000000f4ee00000] [id=12164]
  0x0000019854d8e800 ConcurrentGCThread "G1 Refine#0" [stack: 0x0000000f4c900000,0x0000000f4ca00000] [id=21780]
  0x0000019871413000 ConcurrentGCThread "G1 Young RemSet Sampling" [stack: 0x0000000f4ca00000,0x0000000f4cb00000] [id=26588]

Threads with active compile tasks:
C2 CompilerThread0     8199 5572       4       org.objectweb.asm.ClassReader::accept (1412 bytes)
C2 CompilerThread1     8199 5574   !   4       java.util.zip.ZipFile$ZipFileInputStream::read (135 bytes)
C2 CompilerThread2     8199 5571       4       org.objectweb.asm.Type::getDescriptor (93 bytes)

VM state:at safepoint (normal execution)

VM Mutex/Monitor currently owned by a thread:  ([mutex/lock_event])
[0x0000019854cb1410] Threads_lock - owner thread: 0x0000019871dc8800
[0x0000019854cb0600] Heap_lock - owner thread: 0x0000019877337800

Heap address: 0x0000000080000000, size: 2048 MB, Compressed Oops mode: 32-bit
Narrow klass base: 0x0000000000000000, Narrow klass shift: 3
Compressed class space size: 1073741824 Address: 0x0000000100000000

Heap:
 garbage-first heap   total 303104K, used 82930K [0x0000000080000000, 0x0000000100000000)
  region size 1024K, 10 young (10240K), 10 survivors (10240K)
 Metaspace       used 50507K, capacity 51889K, committed 52048K, reserved 1093632K
  class space    used 6450K, capacity 6964K, committed 7072K, reserved 1048576K
Heap Regions: E=young(eden), S=young(survivor), O=old, HS=humongous(starts), HC=humongous(continues), CS=collection set, F=free, A=archive, TAMS=top-at-mark-start (previous, next)
|   0|0x0000000080000000, 0x0000000080100000, 0x0000000080100000|100%|HS|  |TAMS 0x0000000080100000, 0x0000000080000000| Complete 
|   1|0x0000000080100000, 0x0000000080200000, 0x0000000080200000|100%|HC|  |TAMS 0x0000000080200000, 0x0000000080100000| Complete 
|   2|0x0000000080200000, 0x0000000080300000, 0x0000000080300000|100%| O|  |TAMS 0x0000000080300000, 0x0000000080200000| Untracked 
|   3|0x0000000080300000, 0x0000000080400000, 0x0000000080400000|100%|HS|  |TAMS 0x0000000080400000, 0x0000000080300000| Complete 
|   4|0x0000000080400000, 0x0000000080500000, 0x0000000080500000|100%|HC|  |TAMS 0x0000000080500000, 0x0000000080400000| Complete 
|   5|0x0000000080500000, 0x0000000080600000, 0x0000000080600000|100%|HC|  |TAMS 0x0000000080600000, 0x0000000080500000| Complete 
|   6|0x0000000080600000, 0x0000000080700000, 0x0000000080700000|100%| O|  |TAMS 0x0000000080700000, 0x0000000080600000| Untracked 
|   7|0x0000000080700000, 0x0000000080800000, 0x0000000080800000|100%| O|  |TAMS 0x0000000080800000, 0x0000000080700000| Untracked 
|   8|0x0000000080800000, 0x0000000080900000, 0x0000000080900000|100%| O|  |TAMS 0x0000000080900000, 0x0000000080800000| Untracked 
|   9|0x0000000080900000, 0x0000000080a00000, 0x0000000080a00000|100%| O|  |TAMS 0x0000000080a00000, 0x0000000080900000| Untracked 
|  10|0x0000000080a00000, 0x0000000080b00000, 0x0000000080b00000|100%| O|  |TAMS 0x0000000080b00000, 0x0000000080a00000| Untracked 
|  11|0x0000000080b00000, 0x0000000080c00000, 0x0000000080c00000|100%| O|  |TAMS 0x0000000080c00000, 0x0000000080b00000| Untracked 
|  12|0x0000000080c00000, 0x0000000080d00000, 0x0000000080d00000|100%| O|  |TAMS 0x0000000080d00000, 0x0000000080c00000| Untracked 
|  13|0x0000000080d00000, 0x0000000080e00000, 0x0000000080e00000|100%| O|  |TAMS 0x0000000080e00000, 0x0000000080d00000| Untracked 
|  14|0x0000000080e00000, 0x0000000080f00000, 0x0000000080f00000|100%| O|  |TAMS 0x0000000080f00000, 0x0000000080e00000| Untracked 
|  15|0x0000000080f00000, 0x0000000081000000, 0x0000000081000000|100%| O|  |TAMS 0x0000000081000000, 0x0000000080f00000| Untracked 
|  16|0x0000000081000000, 0x0000000081100000, 0x0000000081100000|100%| O|  |TAMS 0x0000000081100000, 0x0000000081000000| Untracked 
|  17|0x0000000081100000, 0x0000000081200000, 0x0000000081200000|100%| O|  |TAMS 0x0000000081200000, 0x0000000081100000| Untracked 
|  18|0x0000000081200000, 0x0000000081300000, 0x0000000081300000|100%| O|  |TAMS 0x0000000081205400, 0x0000000081200000| Untracked 
|  19|0x0000000081300000, 0x0000000081400000, 0x0000000081400000|100%|HS|  |TAMS 0x0000000081400000, 0x0000000081300000| Complete 
|  20|0x0000000081400000, 0x0000000081500000, 0x0000000081500000|100%|HC|  |TAMS 0x0000000081500000, 0x0000000081400000| Complete 
|  21|0x0000000081500000, 0x0000000081600000, 0x0000000081600000|100%|HC|  |TAMS 0x0000000081600000, 0x0000000081500000| Complete 
|  22|0x0000000081600000, 0x0000000081700000, 0x0000000081700000|100%|HS|  |TAMS 0x0000000081700000, 0x0000000081600000| Complete 
|  23|0x0000000081700000, 0x0000000081800000, 0x0000000081800000|100%|HC|  |TAMS 0x0000000081800000, 0x0000000081700000| Complete 
|  24|0x0000000081800000, 0x0000000081900000, 0x0000000081900000|100%|HS|  |TAMS 0x0000000081900000, 0x0000000081800000| Complete 
|  25|0x0000000081900000, 0x0000000081a00000, 0x0000000081a00000|100%|HC|  |TAMS 0x0000000081a00000, 0x0000000081900000| Complete 
|  26|0x0000000081a00000, 0x0000000081b00000, 0x0000000081b00000|100%|HC|  |TAMS 0x0000000081b00000, 0x0000000081a00000| Complete 
|  27|0x0000000081b00000, 0x0000000081c00000, 0x0000000081c00000|100%|HC|  |TAMS 0x0000000081c00000, 0x0000000081b00000| Complete 
|  28|0x0000000081c00000, 0x0000000081d00000, 0x0000000081d00000|100%|HC|  |TAMS 0x0000000081d00000, 0x0000000081c00000| Complete 
|  29|0x0000000081d00000, 0x0000000081e00000, 0x0000000081e00000|100%|HS|  |TAMS 0x0000000081e00000, 0x0000000081d00000| Complete 
|  30|0x0000000081e00000, 0x0000000081f00000, 0x0000000081f00000|100%|HC|  |TAMS 0x0000000081f00000, 0x0000000081e00000| Complete 
|  31|0x0000000081f00000, 0x0000000082000000, 0x0000000082000000|100%|HS|  |TAMS 0x0000000082000000, 0x0000000081f00000| Complete 
|  32|0x0000000082000000, 0x0000000082100000, 0x0000000082100000|100%|HC|  |TAMS 0x0000000082100000, 0x0000000082000000| Complete 
|  33|0x0000000082100000, 0x0000000082200000, 0x0000000082200000|100%|HC|  |TAMS 0x0000000082200000, 0x0000000082100000| Complete 
|  34|0x0000000082200000, 0x0000000082300000, 0x0000000082300000|100%|HS|  |TAMS 0x0000000082300000, 0x0000000082200000| Complete 
|  35|0x0000000082300000, 0x0000000082400000, 0x0000000082400000|100%|HC|  |TAMS 0x0000000082400000, 0x0000000082300000| Complete 
|  36|0x0000000082400000, 0x0000000082500000, 0x0000000082500000|100%|HC|  |TAMS 0x0000000082500000, 0x0000000082400000| Complete 
|  37|0x0000000082500000, 0x0000000082600000, 0x0000000082600000|100%| O|  |TAMS 0x0000000082500000, 0x0000000082500000| Untracked 
|  38|0x0000000082600000, 0x0000000082700000, 0x0000000082700000|100%| O|  |TAMS 0x0000000082600000, 0x0000000082600000| Untracked 
|  39|0x0000000082700000, 0x0000000082800000, 0x0000000082800000|100%| O|  |TAMS 0x0000000082700000, 0x0000000082700000| Untracked 
|  40|0x0000000082800000, 0x0000000082900000, 0x0000000082900000|100%| O|  |TAMS 0x0000000082800000, 0x0000000082800000| Untracked 
|  41|0x0000000082900000, 0x0000000082a00000, 0x0000000082a00000|100%| O|  |TAMS 0x0000000082900000, 0x0000000082900000| Untracked 
|  42|0x0000000082a00000, 0x0000000082b00000, 0x0000000082b00000|100%| O|  |TAMS 0x0000000082a00000, 0x0000000082a00000| Untracked 
|  43|0x0000000082b00000, 0x0000000082c00000, 0x0000000082c00000|100%| O|  |TAMS 0x0000000082b00000, 0x0000000082b00000| Untracked 
|  44|0x0000000082c00000, 0x0000000082cfca00, 0x0000000082d00000| 98%| O|  |TAMS 0x0000000082c00000, 0x0000000082c00000| Untracked 
|  45|0x0000000082d00000, 0x0000000082d00000, 0x0000000082e00000|  0%| F|  |TAMS 0x0000000082d00000, 0x0000000082d00000| Untracked 
|  46|0x0000000082e00000, 0x0000000082e00000, 0x0000000082f00000|  0%| F|  |TAMS 0x0000000082e00000, 0x0000000082e00000| Untracked 
|  47|0x0000000082f00000, 0x0000000082f00000, 0x0000000083000000|  0%| F|  |TAMS 0x0000000082f00000, 0x0000000082f00000| Untracked 
|  48|0x0000000083000000, 0x0000000083000000, 0x0000000083100000|  0%| F|  |TAMS 0x0000000083000000, 0x0000000083000000| Untracked 
|  49|0x0000000083100000, 0x0000000083100000, 0x0000000083200000|  0%| F|  |TAMS 0x0000000083100000, 0x0000000083100000| Untracked 
|  50|0x0000000083200000, 0x0000000083200000, 0x0000000083300000|  0%| F|  |TAMS 0x0000000083200000, 0x0000000083200000| Untracked 
|  51|0x0000000083300000, 0x0000000083300000, 0x0000000083400000|  0%| F|  |TAMS 0x0000000083300000, 0x0000000083300000| Untracked 
|  52|0x0000000083400000, 0x0000000083500000, 0x0000000083500000|100%| O|  |TAMS 0x0000000083400000, 0x0000000083400000| Untracked 
|  53|0x0000000083500000, 0x0000000083600000, 0x0000000083600000|100%| O|  |TAMS 0x0000000083500000, 0x0000000083500000| Untracked 
|  54|0x0000000083600000, 0x0000000083700000, 0x0000000083700000|100%| O|  |TAMS 0x0000000083600000, 0x0000000083600000| Untracked 
|  55|0x0000000083700000, 0x0000000083800000, 0x0000000083800000|100%| O|  |TAMS 0x0000000083700000, 0x0000000083700000| Untracked 
|  56|0x0000000083800000, 0x0000000083900000, 0x0000000083900000|100%| O|  |TAMS 0x0000000083800000, 0x0000000083800000| Untracked 
|  57|0x0000000083900000, 0x0000000083a00000, 0x0000000083a00000|100%| O|  |TAMS 0x0000000083900000, 0x0000000083900000| Untracked 
|  58|0x0000000083a00000, 0x0000000083b00000, 0x0000000083b00000|100%| O|  |TAMS 0x0000000083a00000, 0x0000000083a00000| Untracked 
|  59|0x0000000083b00000, 0x0000000083c00000, 0x0000000083c00000|100%|HS|  |TAMS 0x0000000083b00000, 0x0000000083b00000| Complete 
|  60|0x0000000083c00000, 0x0000000083d00000, 0x0000000083d00000|100%|HC|  |TAMS 0x0000000083c00000, 0x0000000083c00000| Complete 
|  61|0x0000000083d00000, 0x0000000083e00000, 0x0000000083e00000|100%|HC|  |TAMS 0x0000000083d00000, 0x0000000083d00000| Complete 
|  62|0x0000000083e00000, 0x0000000083f00000, 0x0000000083f00000|100%|HC|  |TAMS 0x0000000083e00000, 0x0000000083e00000| Complete 
|  63|0x0000000083f00000, 0x0000000084000000, 0x0000000084000000|100%|HC|  |TAMS 0x0000000083f00000, 0x0000000083f00000| Complete 
|  64|0x0000000084000000, 0x0000000084100000, 0x0000000084100000|100%|HC|  |TAMS 0x0000000084000000, 0x0000000084000000| Complete 
|  65|0x0000000084100000, 0x0000000084200000, 0x0000000084200000|100%|HC|  |TAMS 0x0000000084100000, 0x0000000084100000| Complete 
|  66|0x0000000084200000, 0x0000000084300000, 0x0000000084300000|100%|HC|  |TAMS 0x0000000084200000, 0x0000000084200000| Complete 
|  67|0x0000000084300000, 0x0000000084400000, 0x0000000084400000|100%|HC|  |TAMS 0x0000000084300000, 0x0000000084300000| Complete 
|  68|0x0000000084400000, 0x0000000084500000, 0x0000000084500000|100%|HC|  |TAMS 0x0000000084400000, 0x0000000084400000| Complete 
|  69|0x0000000084500000, 0x0000000084600000, 0x0000000084600000|100%|HS|  |TAMS 0x0000000084500000, 0x0000000084500000| Complete 
|  70|0x0000000084600000, 0x0000000084700000, 0x0000000084700000|100%|HC|  |TAMS 0x0000000084600000, 0x0000000084600000| Complete 
|  71|0x0000000084700000, 0x0000000084800000, 0x0000000084800000|100%| O|  |TAMS 0x0000000084700000, 0x0000000084700000| Untracked 
|  72|0x0000000084800000, 0x0000000084900000, 0x0000000084900000|100%| O|  |TAMS 0x0000000084800000, 0x0000000084800000| Untracked 
|  73|0x0000000084900000, 0x0000000084a00000, 0x0000000084a00000|100%| O|  |TAMS 0x0000000084900000, 0x0000000084900000| Untracked 
|  74|0x0000000084a00000, 0x0000000084b00000, 0x0000000084b00000|100%| O|  |TAMS 0x0000000084a00000, 0x0000000084a00000| Untracked 
|  75|0x0000000084b00000, 0x0000000084c00000, 0x0000000084c00000|100%| O|  |TAMS 0x0000000084b00000, 0x0000000084b00000| Untracked 
|  76|0x0000000084c00000, 0x0000000084d00000, 0x0000000084d00000|100%| O|  |TAMS 0x0000000084c00000, 0x0000000084c00000| Untracked 
|  77|0x0000000084d00000, 0x0000000084e00000, 0x0000000084e00000|100%| O|  |TAMS 0x0000000084d00000, 0x0000000084d00000| Untracked 
|  78|0x0000000084e00000, 0x0000000084e00000, 0x0000000084f00000|  0%| F|  |TAMS 0x0000000084e00000, 0x0000000084e00000| Untracked 
|  79|0x0000000084f00000, 0x0000000084f00000, 0x0000000085000000|  0%| F|  |TAMS 0x0000000084f00000, 0x0000000084f00000| Untracked 
|  80|0x0000000085000000, 0x0000000085000000, 0x0000000085100000|  0%| F|  |TAMS 0x0000000085000000, 0x0000000085000000| Untracked 
|  81|0x0000000085100000, 0x0000000085100000, 0x0000000085200000|  0%| F|  |TAMS 0x0000000085100000, 0x0000000085100000| Untracked 
|  82|0x0000000085200000, 0x0000000085200000, 0x0000000085300000|  0%| F|  |TAMS 0x0000000085200000, 0x0000000085200000| Untracked 
|  83|0x0000000085300000, 0x0000000085300000, 0x0000000085400000|  0%| F|  |TAMS 0x0000000085300000, 0x0000000085300000| Untracked 
|  84|0x0000000085400000, 0x0000000085400000, 0x0000000085500000|  0%| F|  |TAMS 0x0000000085400000, 0x0000000085400000| Untracked 
|  85|0x0000000085500000, 0x0000000085500000, 0x0000000085600000|  0%| F|  |TAMS 0x0000000085500000, 0x0000000085500000| Untracked 
|  86|0x0000000085600000, 0x0000000085600000, 0x0000000085700000|  0%| F|  |TAMS 0x0000000085600000, 0x0000000085600000| Untracked 
|  87|0x0000000085700000, 0x0000000085700000, 0x0000000085800000|  0%| F|  |TAMS 0x0000000085700000, 0x0000000085700000| Untracked 
|  88|0x0000000085800000, 0x0000000085800000, 0x0000000085900000|  0%| F|  |TAMS 0x0000000085800000, 0x0000000085800000| Untracked 
|  89|0x0000000085900000, 0x0000000085900000, 0x0000000085a00000|  0%| F|  |TAMS 0x0000000085900000, 0x0000000085900000| Untracked 
|  90|0x0000000085a00000, 0x0000000085a00000, 0x0000000085b00000|  0%| F|  |TAMS 0x0000000085a00000, 0x0000000085a00000| Untracked 
|  91|0x0000000085b00000, 0x0000000085b00000, 0x0000000085c00000|  0%| F|  |TAMS 0x0000000085b00000, 0x0000000085b00000| Untracked 
|  92|0x0000000085c00000, 0x0000000085c00000, 0x0000000085d00000|  0%| F|  |TAMS 0x0000000085c00000, 0x0000000085c00000| Untracked 
|  93|0x0000000085d00000, 0x0000000085d00000, 0x0000000085e00000|  0%| F|  |TAMS 0x0000000085d00000, 0x0000000085d00000| Untracked 
|  94|0x0000000085e00000, 0x0000000085e00000, 0x0000000085f00000|  0%| F|  |TAMS 0x0000000085e00000, 0x0000000085e00000| Untracked 
|  95|0x0000000085f00000, 0x0000000085f00000, 0x0000000086000000|  0%| F|  |TAMS 0x0000000085f00000, 0x0000000085f00000| Untracked 
|  96|0x0000000086000000, 0x0000000086000000, 0x0000000086100000|  0%| F|  |TAMS 0x0000000086000000, 0x0000000086000000| Untracked 
|  97|0x0000000086100000, 0x0000000086100000, 0x0000000086200000|  0%| F|  |TAMS 0x0000000086100000, 0x0000000086100000| Untracked 
|  98|0x0000000086200000, 0x0000000086200000, 0x0000000086300000|  0%| F|  |TAMS 0x0000000086200000, 0x0000000086200000| Untracked 
|  99|0x0000000086300000, 0x0000000086400000, 0x0000000086400000|100%| S|CS|TAMS 0x0000000086300000, 0x0000000086300000| Complete 
| 100|0x0000000086400000, 0x0000000086400000, 0x0000000086500000|  0%| F|  |TAMS 0x0000000086400000, 0x0000000086400000| Untracked 
| 101|0x0000000086500000, 0x0000000086500000, 0x0000000086600000|  0%| F|  |TAMS 0x0000000086500000, 0x0000000086500000| Untracked 
| 102|0x0000000086600000, 0x0000000086600000, 0x0000000086700000|  0%| F|  |TAMS 0x0000000086600000, 0x0000000086600000| Untracked 
| 103|0x0000000086700000, 0x0000000086800000, 0x0000000086800000|100%| S|CS|TAMS 0x0000000086700000, 0x0000000086700000| Complete 
| 104|0x0000000086800000, 0x0000000086900000, 0x0000000086900000|100%| S|CS|TAMS 0x0000000086800000, 0x0000000086800000| Complete 
| 105|0x0000000086900000, 0x0000000086900000, 0x0000000086a00000|  0%| F|  |TAMS 0x0000000086900000, 0x0000000086900000| Untracked 
| 106|0x0000000086a00000, 0x0000000086a00000, 0x0000000086b00000|  0%| F|  |TAMS 0x0000000086a00000, 0x0000000086a00000| Untracked 
| 107|0x0000000086b00000, 0x0000000086b00000, 0x0000000086c00000|  0%| F|  |TAMS 0x0000000086b00000, 0x0000000086b00000| Untracked 
| 108|0x0000000086c00000, 0x0000000086c00000, 0x0000000086d00000|  0%| F|  |TAMS 0x0000000086c00000, 0x0000000086c00000| Untracked 
| 109|0x0000000086d00000, 0x0000000086d00000, 0x0000000086e00000|  0%| F|  |TAMS 0x0000000086d00000, 0x0000000086d00000| Untracked 
| 110|0x0000000086e00000, 0x0000000086f00000, 0x0000000086f00000|100%| S|CS|TAMS 0x0000000086e00000, 0x0000000086e00000| Complete 
| 111|0x0000000086f00000, 0x0000000087000000, 0x0000000087000000|100%| S|CS|TAMS 0x0000000086f00000, 0x0000000086f00000| Complete 
| 112|0x0000000087000000, 0x0000000087100000, 0x0000000087100000|100%| S|CS|TAMS 0x0000000087000000, 0x0000000087000000| Complete 
| 113|0x0000000087100000, 0x0000000087200000, 0x0000000087200000|100%| S|CS|TAMS 0x0000000087100000, 0x0000000087100000| Complete 
| 114|0x0000000087200000, 0x0000000087300000, 0x0000000087300000|100%| S|CS|TAMS 0x0000000087200000, 0x0000000087200000| Complete 
| 115|0x0000000087300000, 0x0000000087400000, 0x0000000087400000|100%| S|CS|TAMS 0x0000000087300000, 0x0000000087300000| Complete 
| 116|0x0000000087400000, 0x0000000087500000, 0x0000000087500000|100%| S|CS|TAMS 0x0000000087400000, 0x0000000087400000| Complete 
| 117|0x0000000087500000, 0x0000000087500000, 0x0000000087600000|  0%| F|  |TAMS 0x0000000087500000, 0x0000000087500000| Untracked 
| 118|0x0000000087600000, 0x0000000087600000, 0x0000000087700000|  0%| F|  |TAMS 0x0000000087600000, 0x0000000087600000| Untracked 
| 119|0x0000000087700000, 0x0000000087700000, 0x0000000087800000|  0%| F|  |TAMS 0x0000000087700000, 0x0000000087700000| Untracked 
| 120|0x0000000087800000, 0x0000000087800000, 0x0000000087900000|  0%| F|  |TAMS 0x0000000087800000, 0x0000000087800000| Untracked 
| 121|0x0000000087900000, 0x0000000087900000, 0x0000000087a00000|  0%| F|  |TAMS 0x0000000087900000, 0x0000000087900000| Untracked 
| 122|0x0000000087a00000, 0x0000000087a00000, 0x0000000087b00000|  0%| F|  |TAMS 0x0000000087a00000, 0x0000000087a00000| Untracked 
| 123|0x0000000087b00000, 0x0000000087b00000, 0x0000000087c00000|  0%| F|  |TAMS 0x0000000087b00000, 0x0000000087b00000| Untracked 
| 124|0x0000000087c00000, 0x0000000087c00000, 0x0000000087d00000|  0%| F|  |TAMS 0x0000000087c00000, 0x0000000087c00000| Untracked 
| 125|0x0000000087d00000, 0x0000000087d00000, 0x0000000087e00000|  0%| F|  |TAMS 0x0000000087d00000, 0x0000000087d00000| Untracked 
| 126|0x0000000087e00000, 0x0000000087e00000, 0x0000000087f00000|  0%| F|  |TAMS 0x0000000087e00000, 0x0000000087e00000| Untracked 
| 127|0x0000000087f00000, 0x0000000087f00000, 0x0000000088000000|  0%| F|  |TAMS 0x0000000087f00000, 0x0000000087f00000| Untracked 
| 128|0x0000000088000000, 0x0000000088000000, 0x0000000088100000|  0%| F|  |TAMS 0x0000000088000000, 0x0000000088000000| Untracked 
| 129|0x0000000088100000, 0x0000000088100000, 0x0000000088200000|  0%| F|  |TAMS 0x0000000088100000, 0x0000000088100000| Untracked 
| 130|0x0000000088200000, 0x0000000088200000, 0x0000000088300000|  0%| F|  |TAMS 0x0000000088200000, 0x0000000088200000| Untracked 
| 131|0x0000000088300000, 0x0000000088300000, 0x0000000088400000|  0%| F|  |TAMS 0x0000000088300000, 0x0000000088300000| Untracked 
| 132|0x0000000088400000, 0x0000000088400000, 0x0000000088500000|  0%| F|  |TAMS 0x0000000088400000, 0x0000000088400000| Untracked 
| 133|0x0000000088500000, 0x0000000088500000, 0x0000000088600000|  0%| F|  |TAMS 0x0000000088500000, 0x0000000088500000| Untracked 
| 134|0x0000000088600000, 0x0000000088600000, 0x0000000088700000|  0%| F|  |TAMS 0x0000000088600000, 0x0000000088600000| Untracked 
| 135|0x0000000088700000, 0x0000000088700000, 0x0000000088800000|  0%| F|  |TAMS 0x0000000088700000, 0x0000000088700000| Untracked 
| 136|0x0000000088800000, 0x0000000088800000, 0x0000000088900000|  0%| F|  |TAMS 0x0000000088800000, 0x0000000088800000| Untracked 
| 137|0x0000000088900000, 0x0000000088900000, 0x0000000088a00000|  0%| F|  |TAMS 0x0000000088900000, 0x0000000088900000| Untracked 
| 138|0x0000000088a00000, 0x0000000088a00000, 0x0000000088b00000|  0%| F|  |TAMS 0x0000000088a00000, 0x0000000088a00000| Untracked 
| 139|0x0000000088b00000, 0x0000000088b00000, 0x0000000088c00000|  0%| F|  |TAMS 0x0000000088b00000, 0x0000000088b00000| Untracked 
| 140|0x0000000088c00000, 0x0000000088c00000, 0x0000000088d00000|  0%| F|  |TAMS 0x0000000088c00000, 0x0000000088c00000| Untracked 
| 141|0x0000000088d00000, 0x0000000088d00000, 0x0000000088e00000|  0%| F|  |TAMS 0x0000000088d00000, 0x0000000088d00000| Untracked 
| 142|0x0000000088e00000, 0x0000000088e00000, 0x0000000088f00000|  0%| F|  |TAMS 0x0000000088e00000, 0x0000000088e00000| Untracked 
| 143|0x0000000088f00000, 0x0000000088f00000, 0x0000000089000000|  0%| F|  |TAMS 0x0000000088f00000, 0x0000000088f00000| Untracked 
| 144|0x0000000089000000, 0x0000000089000000, 0x0000000089100000|  0%| F|  |TAMS 0x0000000089000000, 0x0000000089000000| Untracked 
| 145|0x0000000089100000, 0x0000000089100000, 0x0000000089200000|  0%| F|  |TAMS 0x0000000089100000, 0x0000000089100000| Untracked 
| 146|0x0000000089200000, 0x0000000089200000, 0x0000000089300000|  0%| F|  |TAMS 0x0000000089200000, 0x0000000089200000| Untracked 
| 147|0x0000000089300000, 0x0000000089300000, 0x0000000089400000|  0%| F|  |TAMS 0x0000000089300000, 0x0000000089300000| Untracked 
| 148|0x0000000089400000, 0x0000000089400000, 0x0000000089500000|  0%| F|  |TAMS 0x0000000089400000, 0x0000000089400000| Untracked 
| 149|0x0000000089500000, 0x0000000089500000, 0x0000000089600000|  0%| F|  |TAMS 0x0000000089500000, 0x0000000089500000| Untracked 
| 150|0x0000000089600000, 0x0000000089600000, 0x0000000089700000|  0%| F|  |TAMS 0x0000000089600000, 0x0000000089600000| Untracked 
| 151|0x0000000089700000, 0x0000000089700000, 0x0000000089800000|  0%| F|  |TAMS 0x0000000089700000, 0x0000000089700000| Untracked 
| 152|0x0000000089800000, 0x0000000089800000, 0x0000000089900000|  0%| F|  |TAMS 0x0000000089800000, 0x0000000089800000| Untracked 
| 153|0x0000000089900000, 0x0000000089900000, 0x0000000089a00000|  0%| F|  |TAMS 0x0000000089900000, 0x0000000089900000| Untracked 
| 154|0x0000000089a00000, 0x0000000089a00000, 0x0000000089b00000|  0%| F|  |TAMS 0x0000000089a00000, 0x0000000089a00000| Untracked 
| 155|0x0000000089b00000, 0x0000000089b00000, 0x0000000089c00000|  0%| F|  |TAMS 0x0000000089b00000, 0x0000000089b00000| Untracked 
| 156|0x0000000089c00000, 0x0000000089c00000, 0x0000000089d00000|  0%| F|  |TAMS 0x0000000089c00000, 0x0000000089c00000| Untracked 
| 157|0x0000000089d00000, 0x0000000089d00000, 0x0000000089e00000|  0%| F|  |TAMS 0x0000000089d00000, 0x0000000089d00000| Untracked 
| 158|0x0000000089e00000, 0x0000000089e00000, 0x0000000089f00000|  0%| F|  |TAMS 0x0000000089e00000, 0x0000000089e00000| Untracked 
| 159|0x0000000089f00000, 0x0000000089f00000, 0x000000008a000000|  0%| F|  |TAMS 0x0000000089f00000, 0x0000000089f00000| Untracked 
| 160|0x000000008a000000, 0x000000008a000000, 0x000000008a100000|  0%| F|  |TAMS 0x000000008a000000, 0x000000008a000000| Untracked 
| 161|0x000000008a100000, 0x000000008a100000, 0x000000008a200000|  0%| F|  |TAMS 0x000000008a100000, 0x000000008a100000| Untracked 
| 162|0x000000008a200000, 0x000000008a200000, 0x000000008a300000|  0%| F|  |TAMS 0x000000008a200000, 0x000000008a200000| Untracked 
| 163|0x000000008a300000, 0x000000008a300000, 0x000000008a400000|  0%| F|  |TAMS 0x000000008a300000, 0x000000008a300000| Untracked 
| 164|0x000000008a400000, 0x000000008a400000, 0x000000008a500000|  0%| F|  |TAMS 0x000000008a400000, 0x000000008a400000| Untracked 
| 165|0x000000008a500000, 0x000000008a500000, 0x000000008a600000|  0%| F|  |TAMS 0x000000008a500000, 0x000000008a500000| Untracked 
| 166|0x000000008a600000, 0x000000008a600000, 0x000000008a700000|  0%| F|  |TAMS 0x000000008a600000, 0x000000008a600000| Untracked 
| 167|0x000000008a700000, 0x000000008a700000, 0x000000008a800000|  0%| F|  |TAMS 0x000000008a700000, 0x000000008a700000| Untracked 
| 168|0x000000008a800000, 0x000000008a800000, 0x000000008a900000|  0%| F|  |TAMS 0x000000008a800000, 0x000000008a800000| Untracked 
| 169|0x000000008a900000, 0x000000008a900000, 0x000000008aa00000|  0%| F|  |TAMS 0x000000008a900000, 0x000000008a900000| Untracked 
| 170|0x000000008aa00000, 0x000000008aa00000, 0x000000008ab00000|  0%| F|  |TAMS 0x000000008aa00000, 0x000000008aa00000| Untracked 
| 171|0x000000008ab00000, 0x000000008ab00000, 0x000000008ac00000|  0%| F|  |TAMS 0x000000008ab00000, 0x000000008ab00000| Untracked 
| 172|0x000000008ac00000, 0x000000008ac00000, 0x000000008ad00000|  0%| F|  |TAMS 0x000000008ac00000, 0x000000008ac00000| Untracked 
| 173|0x000000008ad00000, 0x000000008ad00000, 0x000000008ae00000|  0%| F|  |TAMS 0x000000008ad00000, 0x000000008ad00000| Untracked 
| 174|0x000000008ae00000, 0x000000008ae00000, 0x000000008af00000|  0%| F|  |TAMS 0x000000008ae00000, 0x000000008ae00000| Untracked 
| 175|0x000000008af00000, 0x000000008af00000, 0x000000008b000000|  0%| F|  |TAMS 0x000000008af00000, 0x000000008af00000| Untracked 
| 176|0x000000008b000000, 0x000000008b000000, 0x000000008b100000|  0%| F|  |TAMS 0x000000008b000000, 0x000000008b000000| Untracked 
| 177|0x000000008b100000, 0x000000008b100000, 0x000000008b200000|  0%| F|  |TAMS 0x000000008b100000, 0x000000008b100000| Untracked 
| 178|0x000000008b200000, 0x000000008b200000, 0x000000008b300000|  0%| F|  |TAMS 0x000000008b200000, 0x000000008b200000| Untracked 
| 179|0x000000008b300000, 0x000000008b300000, 0x000000008b400000|  0%| F|  |TAMS 0x000000008b300000, 0x000000008b300000| Untracked 
| 180|0x000000008b400000, 0x000000008b400000, 0x000000008b500000|  0%| F|  |TAMS 0x000000008b400000, 0x000000008b400000| Untracked 
| 181|0x000000008b500000, 0x000000008b500000, 0x000000008b600000|  0%| F|  |TAMS 0x000000008b500000, 0x000000008b500000| Untracked 
| 182|0x000000008b600000, 0x000000008b600000, 0x000000008b700000|  0%| F|  |TAMS 0x000000008b600000, 0x000000008b600000| Untracked 
| 183|0x000000008b700000, 0x000000008b700000, 0x000000008b800000|  0%| F|  |TAMS 0x000000008b700000, 0x000000008b700000| Untracked 
| 184|0x000000008b800000, 0x000000008b800000, 0x000000008b900000|  0%| F|  |TAMS 0x000000008b800000, 0x000000008b800000| Untracked 
| 185|0x000000008b900000, 0x000000008b900000, 0x000000008ba00000|  0%| F|  |TAMS 0x000000008b900000, 0x000000008b900000| Untracked 
| 186|0x000000008ba00000, 0x000000008ba00000, 0x000000008bb00000|  0%| F|  |TAMS 0x000000008ba00000, 0x000000008ba00000| Untracked 
| 187|0x000000008bb00000, 0x000000008bb00000, 0x000000008bc00000|  0%| F|  |TAMS 0x000000008bb00000, 0x000000008bb00000| Untracked 
| 188|0x000000008bc00000, 0x000000008bc00000, 0x000000008bd00000|  0%| F|  |TAMS 0x000000008bc00000, 0x000000008bc00000| Untracked 
| 189|0x000000008bd00000, 0x000000008bd00000, 0x000000008be00000|  0%| F|  |TAMS 0x000000008bd00000, 0x000000008bd00000| Untracked 
| 190|0x000000008be00000, 0x000000008be00000, 0x000000008bf00000|  0%| F|  |TAMS 0x000000008be00000, 0x000000008be00000| Untracked 
| 191|0x000000008bf00000, 0x000000008bf00000, 0x000000008c000000|  0%| F|  |TAMS 0x000000008bf00000, 0x000000008bf00000| Untracked 
| 192|0x000000008c000000, 0x000000008c000000, 0x000000008c100000|  0%| F|  |TAMS 0x000000008c000000, 0x000000008c000000| Untracked 
| 193|0x000000008c100000, 0x000000008c100000, 0x000000008c200000|  0%| F|  |TAMS 0x000000008c100000, 0x000000008c100000| Untracked 
| 194|0x000000008c200000, 0x000000008c200000, 0x000000008c300000|  0%| F|  |TAMS 0x000000008c200000, 0x000000008c200000| Untracked 
| 195|0x000000008c300000, 0x000000008c300000, 0x000000008c400000|  0%| F|  |TAMS 0x000000008c300000, 0x000000008c300000| Untracked 
| 196|0x000000008c400000, 0x000000008c400000, 0x000000008c500000|  0%| F|  |TAMS 0x000000008c400000, 0x000000008c400000| Untracked 
| 197|0x000000008c500000, 0x000000008c500000, 0x000000008c600000|  0%| F|  |TAMS 0x000000008c500000, 0x000000008c500000| Untracked 
| 198|0x000000008c600000, 0x000000008c600000, 0x000000008c700000|  0%| F|  |TAMS 0x000000008c600000, 0x000000008c600000| Untracked 
| 199|0x000000008c700000, 0x000000008c700000, 0x000000008c800000|  0%| F|  |TAMS 0x000000008c700000, 0x000000008c700000| Untracked 
| 200|0x000000008c800000, 0x000000008c800000, 0x000000008c900000|  0%| F|  |TAMS 0x000000008c800000, 0x000000008c800000| Untracked 
| 201|0x000000008c900000, 0x000000008c900000, 0x000000008ca00000|  0%| F|  |TAMS 0x000000008c900000, 0x000000008c900000| Untracked 
| 202|0x000000008ca00000, 0x000000008ca00000, 0x000000008cb00000|  0%| F|  |TAMS 0x000000008ca00000, 0x000000008ca00000| Untracked 
| 203|0x000000008cb00000, 0x000000008cb00000, 0x000000008cc00000|  0%| F|  |TAMS 0x000000008cb00000, 0x000000008cb00000| Untracked 
| 204|0x000000008cc00000, 0x000000008cc00000, 0x000000008cd00000|  0%| F|  |TAMS 0x000000008cc00000, 0x000000008cc00000| Untracked 
| 205|0x000000008cd00000, 0x000000008cd00000, 0x000000008ce00000|  0%| F|  |TAMS 0x000000008cd00000, 0x000000008cd00000| Untracked 
| 206|0x000000008ce00000, 0x000000008ce00000, 0x000000008cf00000|  0%| F|  |TAMS 0x000000008ce00000, 0x000000008ce00000| Untracked 
| 207|0x000000008cf00000, 0x000000008cf00000, 0x000000008d000000|  0%| F|  |TAMS 0x000000008cf00000, 0x000000008cf00000| Untracked 
| 208|0x000000008d000000, 0x000000008d000000, 0x000000008d100000|  0%| F|  |TAMS 0x000000008d000000, 0x000000008d000000| Untracked 
| 209|0x000000008d100000, 0x000000008d100000, 0x000000008d200000|  0%| F|  |TAMS 0x000000008d100000, 0x000000008d100000| Untracked 
| 210|0x000000008d200000, 0x000000008d200000, 0x000000008d300000|  0%| F|  |TAMS 0x000000008d200000, 0x000000008d200000| Untracked 
| 211|0x000000008d300000, 0x000000008d300000, 0x000000008d400000|  0%| F|  |TAMS 0x000000008d300000, 0x000000008d300000| Untracked 
| 212|0x000000008d400000, 0x000000008d400000, 0x000000008d500000|  0%| F|  |TAMS 0x000000008d400000, 0x000000008d400000| Untracked 
| 213|0x000000008d500000, 0x000000008d500000, 0x000000008d600000|  0%| F|  |TAMS 0x000000008d500000, 0x000000008d500000| Untracked 
| 214|0x000000008d600000, 0x000000008d600000, 0x000000008d700000|  0%| F|  |TAMS 0x000000008d600000, 0x000000008d600000| Untracked 
| 215|0x000000008d700000, 0x000000008d700000, 0x000000008d800000|  0%| F|  |TAMS 0x000000008d700000, 0x000000008d700000| Untracked 
| 216|0x000000008d800000, 0x000000008d800000, 0x000000008d900000|  0%| F|  |TAMS 0x000000008d800000, 0x000000008d800000| Untracked 
| 217|0x000000008d900000, 0x000000008d900000, 0x000000008da00000|  0%| F|  |TAMS 0x000000008d900000, 0x000000008d900000| Untracked 
| 218|0x000000008da00000, 0x000000008da00000, 0x000000008db00000|  0%| F|  |TAMS 0x000000008da00000, 0x000000008da00000| Untracked 
| 219|0x000000008db00000, 0x000000008db00000, 0x000000008dc00000|  0%| F|  |TAMS 0x000000008db00000, 0x000000008db00000| Untracked 
| 220|0x000000008dc00000, 0x000000008dc00000, 0x000000008dd00000|  0%| F|  |TAMS 0x000000008dc00000, 0x000000008dc00000| Untracked 
| 221|0x000000008dd00000, 0x000000008dd00000, 0x000000008de00000|  0%| F|  |TAMS 0x000000008dd00000, 0x000000008dd00000| Untracked 
| 222|0x000000008de00000, 0x000000008de00000, 0x000000008df00000|  0%| F|  |TAMS 0x000000008de00000, 0x000000008de00000| Untracked 
| 223|0x000000008df00000, 0x000000008df00000, 0x000000008e000000|  0%| F|  |TAMS 0x000000008df00000, 0x000000008df00000| Untracked 
| 224|0x000000008e000000, 0x000000008e000000, 0x000000008e100000|  0%| F|  |TAMS 0x000000008e000000, 0x000000008e000000| Untracked 
| 225|0x000000008e100000, 0x000000008e100000, 0x000000008e200000|  0%| F|  |TAMS 0x000000008e100000, 0x000000008e100000| Untracked 
| 226|0x000000008e200000, 0x000000008e200000, 0x000000008e300000|  0%| F|  |TAMS 0x000000008e200000, 0x000000008e200000| Untracked 
| 227|0x000000008e300000, 0x000000008e300000, 0x000000008e400000|  0%| F|  |TAMS 0x000000008e300000, 0x000000008e300000| Untracked 
| 228|0x000000008e400000, 0x000000008e400000, 0x000000008e500000|  0%| F|  |TAMS 0x000000008e400000, 0x000000008e400000| Untracked 
| 229|0x000000008e500000, 0x000000008e500000, 0x000000008e600000|  0%| F|  |TAMS 0x000000008e500000, 0x000000008e500000| Untracked 
| 230|0x000000008e600000, 0x000000008e600000, 0x000000008e700000|  0%| F|  |TAMS 0x000000008e600000, 0x000000008e600000| Untracked 
| 231|0x000000008e700000, 0x000000008e700000, 0x000000008e800000|  0%| F|  |TAMS 0x000000008e700000, 0x000000008e700000| Untracked 
| 232|0x000000008e800000, 0x000000008e800000, 0x000000008e900000|  0%| F|  |TAMS 0x000000008e800000, 0x000000008e800000| Untracked 
| 233|0x000000008e900000, 0x000000008e900000, 0x000000008ea00000|  0%| F|  |TAMS 0x000000008e900000, 0x000000008e900000| Untracked 
| 234|0x000000008ea00000, 0x000000008ea00000, 0x000000008eb00000|  0%| F|  |TAMS 0x000000008ea00000, 0x000000008ea00000| Untracked 
| 235|0x000000008eb00000, 0x000000008eb00000, 0x000000008ec00000|  0%| F|  |TAMS 0x000000008eb00000, 0x000000008eb00000| Untracked 
| 236|0x000000008ec00000, 0x000000008ec00000, 0x000000008ed00000|  0%| F|  |TAMS 0x000000008ec00000, 0x000000008ec00000| Untracked 
| 237|0x000000008ed00000, 0x000000008ed00000, 0x000000008ee00000|  0%| F|  |TAMS 0x000000008ed00000, 0x000000008ed00000| Untracked 
| 238|0x000000008ee00000, 0x000000008ee00000, 0x000000008ef00000|  0%| F|  |TAMS 0x000000008ee00000, 0x000000008ee00000| Untracked 
| 239|0x000000008ef00000, 0x000000008ef00000, 0x000000008f000000|  0%| F|  |TAMS 0x000000008ef00000, 0x000000008ef00000| Untracked 
| 240|0x000000008f000000, 0x000000008f000000, 0x000000008f100000|  0%| F|  |TAMS 0x000000008f000000, 0x000000008f000000| Untracked 
| 241|0x000000008f100000, 0x000000008f100000, 0x000000008f200000|  0%| F|  |TAMS 0x000000008f100000, 0x000000008f100000| Untracked 
| 242|0x000000008f200000, 0x000000008f200000, 0x000000008f300000|  0%| F|  |TAMS 0x000000008f200000, 0x000000008f200000| Untracked 
| 243|0x000000008f300000, 0x000000008f300000, 0x000000008f400000|  0%| F|  |TAMS 0x000000008f300000, 0x000000008f300000| Untracked 
| 244|0x000000008f400000, 0x000000008f400000, 0x000000008f500000|  0%| F|  |TAMS 0x000000008f400000, 0x000000008f400000| Untracked 
| 245|0x000000008f500000, 0x000000008f500000, 0x000000008f600000|  0%| F|  |TAMS 0x000000008f500000, 0x000000008f500000| Untracked 

Card table byte_map: [0x000001986a050000,0x000001986a450000] _byte_map_base: 0x0000019869c50000

Marking Bits (Prev, Next): (CMBitMap*) 0x0000019854cf7218, (CMBitMap*) 0x0000019854cf7250
 Prev Bits: [0x000001986a850000, 0x000001986c850000)
 Next Bits: [0x000001986c850000, 0x000001986e850000)

Polling page: 0x0000019854d90000

Metaspace:

Usage:
  Non-class:     43.87 MB capacity,    43.02 MB ( 98%) used,   728.13 KB (  2%) free+waste,   140.06 KB ( <1%) overhead. 
      Class:      6.80 MB capacity,     6.30 MB ( 93%) used,   445.51 KB (  6%) free+waste,    67.62 KB ( <1%) overhead. 
       Both:     50.67 MB capacity,    49.32 MB ( 97%) used,     1.15 MB (  2%) free+waste,   207.69 KB ( <1%) overhead. 

Virtual space:
  Non-class space:       44.00 MB reserved,      43.92 MB (>99%) committed 
      Class space:        1.00 GB reserved,       6.91 MB ( <1%) committed 
             Both:        1.04 GB reserved,      50.83 MB (  5%) committed 

Chunk freelists:
   Non-Class:  51.00 KB
       Class:  12.00 KB
        Both:  63.00 KB

MaxMetaspaceSize: 17179869184.00 GB
CompressedClassSpaceSize: 1.00 GB
Initial GC threshold: 20.80 MB
Current GC threshold: 59.09 MB
CDS: off

CodeHeap 'non-profiled nmethods': size=120000Kb used=4032Kb max_used=4032Kb free=115967Kb
 bounds [0x0000019861a80000, 0x0000019861e80000, 0x0000019868fb0000]
CodeHeap 'profiled nmethods': size=120000Kb used=12036Kb max_used=12036Kb free=107963Kb
 bounds [0x000001985a550000, 0x000001985b120000, 0x0000019861a80000]
CodeHeap 'non-nmethods': size=5760Kb used=2302Kb max_used=2400Kb free=3457Kb
 bounds [0x0000019859fb0000, 0x000001985a220000, 0x000001985a550000]
 total_blobs=6307 nmethods=5503 adapters=716
 compilation: enabled
              stopped_count=0, restarted_count=0
 full_count=0

Compilation events (20 events):
Event: 8.079 Thread 0x0000019871e45800 5586       3       org.objectweb.asm.MethodWriter::computeMaxStackAndLocal (420 bytes)
Event: 8.081 Thread 0x0000019871e45800 nmethod 5586 0x000001985b108410 code [0x000001985b1086c0, 0x000001985b109648]
Event: 8.100 Thread 0x0000019871e45800 5587       3       org.objectweb.asm.ClassReader::readField (671 bytes)
Event: 8.105 Thread 0x0000019871e45800 nmethod 5587 0x000001985b109c90 code [0x000001985b10a220, 0x000001985b10d178]
Event: 8.120 Thread 0x0000019871e45800 5588 %     3       org.objectweb.asm.ClassWriter::visit @ 100 (160 bytes)
Event: 8.121 Thread 0x0000019871e45800 nmethod 5588% 0x000001985b10ea10 code [0x000001985b10ec60, 0x000001985b10f558]
Event: 8.139 Thread 0x0000019871e45800 5589 %     3       org.gradle.internal.classpath.InstrumentingBackwardsCompatibilityVisitor::fixInternalNamesForBackwardsCompatibility @ 8 (31 bytes)
Event: 8.139 Thread 0x0000019871e45800 nmethod 5589% 0x000001985b10fa10 code [0x000001985b10fc00, 0x000001985b110088]
Event: 8.140 Thread 0x0000019871e45800 5590       3       org.objectweb.asm.ClassWriter::visit (160 bytes)
Event: 8.141 Thread 0x0000019871e45800 nmethod 5590 0x000001985b110290 code [0x000001985b1104e0, 0x000001985b110d18]
Event: 8.149 Thread 0x0000019874a7a800 nmethod 5570 0x0000019861e5bc10 code [0x0000019861e5c0a0, 0x0000019861e5ea28]
Event: 8.150 Thread 0x0000019874a7a800 5578       4       java.util.zip.CRC32::update (51 bytes)
Event: 8.151 Thread 0x0000019874a7a800 nmethod 5578 0x0000019861e60410 code [0x0000019861e605a0, 0x0000019861e60718]
Event: 8.151 Thread 0x0000019874a7a800 5568   !   4       java.util.zip.ZipFile$Source::readFullyAt (74 bytes)
Event: 8.156 Thread 0x0000019875475000 nmethod 5569 0x0000019861e60910 code [0x0000019861e61220, 0x0000019861e69e38]
Event: 8.156 Thread 0x0000019874a7a800 nmethod 5568 0x0000019861e6ed10 code [0x0000019861e6eec0, 0x0000019861e6f398]
Event: 8.156 Thread 0x0000019874a7a800 5574   !   4       java.util.zip.ZipFile$ZipFileInputStream::read (135 bytes)
Event: 8.157 Thread 0x0000019875475000 5575       4       java.util.zip.ZipFile$ZipFileInputStream::initDataOffset (109 bytes)
Event: 8.165 Thread 0x0000019875475000 nmethod 5575 0x0000019861e6f710 code [0x0000019861e6f8e0, 0x0000019861e6fed8]
Event: 8.165 Thread 0x0000019875475000 5571       4       org.objectweb.asm.Type::getDescriptor (93 bytes)

GC Heap History (20 events):
Event: 6.890 GC heap after
{Heap after GC invocations=11 (full 0):
 garbage-first heap   total 251904K, used 74147K [0x0000000080000000, 0x0000000100000000)
  region size 1024K, 7 young (7168K), 7 survivors (7168K)
 Metaspace       used 50488K, capacity 51889K, committed 52048K, reserved 1093632K
  class space    used 6449K, capacity 6964K, committed 7072K, reserved 1048576K
}
Event: 7.013 GC heap before
{Heap before GC invocations=11 (full 0):
 garbage-first heap   total 251904K, used 207267K [0x0000000080000000, 0x0000000100000000)
  region size 1024K, 137 young (140288K), 7 survivors (7168K)
 Metaspace       used 50489K, capacity 51889K, committed 52048K, reserved 1093632K
  class space    used 6449K, capacity 6964K, committed 7072K, reserved 1048576K
}
Event: 7.017 GC heap after
{Heap after GC invocations=12 (full 0):
 garbage-first heap   total 251904K, used 75741K [0x0000000080000000, 0x0000000100000000)
  region size 1024K, 9 young (9216K), 9 survivors (9216K)
 Metaspace       used 50489K, capacity 51889K, committed 52048K, reserved 1093632K
  class space    used 6449K, capacity 6964K, committed 7072K, reserved 1048576K
}
Event: 7.133 GC heap before
{Heap before GC invocations=12 (full 0):
 garbage-first heap   total 251904K, used 207837K [0x0000000080000000, 0x0000000100000000)
  region size 1024K, 139 young (142336K), 9 survivors (9216K)
 Metaspace       used 50489K, capacity 51889K, committed 52048K, reserved 1093632K
  class space    used 6449K, capacity 6964K, committed 7072K, reserved 1048576K
}
Event: 7.137 GC heap after
{Heap after GC invocations=13 (full 0):
 garbage-first heap   total 251904K, used 76621K [0x0000000080000000, 0x0000000100000000)
  region size 1024K, 10 young (10240K), 10 survivors (10240K)
 Metaspace       used 50489K, capacity 51889K, committed 52048K, reserved 1093632K
  class space    used 6449K, capacity 6964K, committed 7072K, reserved 1048576K
}
Event: 7.265 GC heap before
{Heap before GC invocations=13 (full 0):
 garbage-first heap   total 251904K, used 210765K [0x0000000080000000, 0x0000000100000000)
  region size 1024K, 141 young (144384K), 10 survivors (10240K)
 Metaspace       used 50499K, capacity 51889K, committed 52048K, reserved 1093632K
  class space    used 6449K, capacity 6964K, committed 7072K, reserved 1048576K
}
Event: 7.268 GC heap after
{Heap after GC invocations=14 (full 0):
 garbage-first heap   total 251904K, used 75647K [0x0000000080000000, 0x0000000100000000)
  region size 1024K, 9 young (9216K), 9 survivors (9216K)
 Metaspace       used 50499K, capacity 51889K, committed 52048K, reserved 1093632K
  class space    used 6449K, capacity 6964K, committed 7072K, reserved 1048576K
}
Event: 7.399 GC heap before
{Heap before GC invocations=14 (full 0):
 garbage-first heap   total 251904K, used 214911K [0x0000000080000000, 0x0000000100000000)
  region size 1024K, 145 young (148480K), 9 survivors (9216K)
 Metaspace       used 50500K, capacity 51889K, committed 52048K, reserved 1093632K
  class space    used 6449K, capacity 6964K, committed 7072K, reserved 1048576K
}
Event: 7.404 GC heap after
{Heap after GC invocations=15 (full 0):
 garbage-first heap   total 251904K, used 76825K [0x0000000080000000, 0x0000000100000000)
  region size 1024K, 10 young (10240K), 10 survivors (10240K)
 Metaspace       used 50500K, capacity 51889K, committed 52048K, reserved 1093632K
  class space    used 6449K, capacity 6964K, committed 7072K, reserved 1048576K
}
Event: 7.532 GC heap before
{Heap before GC invocations=15 (full 0):
 garbage-first heap   total 251904K, used 215065K [0x0000000080000000, 0x0000000100000000)
  region size 1024K, 145 young (148480K), 10 survivors (10240K)
 Metaspace       used 50501K, capacity 51889K, committed 52048K, reserved 1093632K
  class space    used 6449K, capacity 6964K, committed 7072K, reserved 1048576K
}
Event: 7.537 GC heap after
{Heap after GC invocations=16 (full 0):
 garbage-first heap   total 251904K, used 77731K [0x0000000080000000, 0x0000000100000000)
  region size 1024K, 11 young (11264K), 11 survivors (11264K)
 Metaspace       used 50501K, capacity 51889K, committed 52048K, reserved 1093632K
  class space    used 6449K, capacity 6964K, committed 7072K, reserved 1048576K
}
Event: 7.673 GC heap before
{Heap before GC invocations=16 (full 0):
 garbage-first heap   total 251904K, used 213923K [0x0000000080000000, 0x0000000100000000)
  region size 1024K, 144 young (147456K), 11 survivors (11264K)
 Metaspace       used 50501K, capacity 51889K, committed 52048K, reserved 1093632K
  class space    used 6449K, capacity 6964K, committed 7072K, reserved 1048576K
}
Event: 7.679 GC heap after
{Heap after GC invocations=17 (full 0):
 garbage-first heap   total 251904K, used 78676K [0x0000000080000000, 0x0000000100000000)
  region size 1024K, 9 young (9216K), 9 survivors (9216K)
 Metaspace       used 50501K, capacity 51889K, committed 52048K, reserved 1093632K
  class space    used 6449K, capacity 6964K, committed 7072K, reserved 1048576K
}
Event: 7.799 GC heap before
{Heap before GC invocations=17 (full 0):
 garbage-first heap   total 251904K, used 215892K [0x0000000080000000, 0x0000000100000000)
  region size 1024K, 143 young (146432K), 9 survivors (9216K)
 Metaspace       used 50506K, capacity 51889K, committed 52048K, reserved 1093632K
  class space    used 6450K, capacity 6964K, committed 7072K, reserved 1048576K
}
Event: 7.803 GC heap after
{Heap after GC invocations=18 (full 0):
 garbage-first heap   total 251904K, used 80141K [0x0000000080000000, 0x0000000100000000)
  region size 1024K, 10 young (10240K), 10 survivors (10240K)
 Metaspace       used 50506K, capacity 51889K, committed 52048K, reserved 1093632K
  class space    used 6450K, capacity 6964K, committed 7072K, reserved 1048576K
}
Event: 7.920 GC heap before
{Heap before GC invocations=18 (full 0):
 garbage-first heap   total 251904K, used 215309K [0x0000000080000000, 0x0000000100000000)
  region size 1024K, 142 young (145408K), 10 survivors (10240K)
 Metaspace       used 50506K, capacity 51889K, committed 52048K, reserved 1093632K
  class space    used 6450K, capacity 6964K, committed 7072K, reserved 1048576K
}
Event: 7.923 GC heap after
{Heap after GC invocations=19 (full 0):
 garbage-first heap   total 251904K, used 80346K [0x0000000080000000, 0x0000000100000000)
  region size 1024K, 10 young (10240K), 10 survivors (10240K)
 Metaspace       used 50506K, capacity 51889K, committed 52048K, reserved 1093632K
  class space    used 6450K, capacity 6964K, committed 7072K, reserved 1048576K
}
Event: 8.047 GC heap before
{Heap before GC invocations=19 (full 0):
 garbage-first heap   total 251904K, used 215514K [0x0000000080000000, 0x0000000100000000)
  region size 1024K, 142 young (145408K), 10 survivors (10240K)
 Metaspace       used 50507K, capacity 51889K, committed 52048K, reserved 1093632K
  class space    used 6450K, capacity 6964K, committed 7072K, reserved 1048576K
}
Event: 8.051 GC heap after
{Heap after GC invocations=20 (full 0):
 garbage-first heap   total 251904K, used 81361K [0x0000000080000000, 0x0000000100000000)
  region size 1024K, 11 young (11264K), 11 survivors (11264K)
 Metaspace       used 50507K, capacity 51889K, committed 52048K, reserved 1093632K
  class space    used 6450K, capacity 6964K, committed 7072K, reserved 1048576K
}
Event: 8.183 GC heap before
{Heap before GC invocations=20 (full 0):
 garbage-first heap   total 251904K, used 213457K [0x0000000080000000, 0x0000000100000000)
  region size 1024K, 140 young (143360K), 11 survivors (11264K)
 Metaspace       used 50507K, capacity 51889K, committed 52048K, reserved 1093632K
  class space    used 6450K, capacity 6964K, committed 7072K, reserved 1048576K
}

Deoptimization events (20 events):
Event: 8.032 Thread 0x0000019877337800 Uncommon trap: trap_request=0xffffff4d fr.pc=0x0000019861e0fa78 relative=0x0000000000000c38
Event: 8.032 Thread 0x0000019877337800 Uncommon trap: reason=unstable_if action=reinterpret pc=0x0000019861e0fa78 method=org.gradle.internal.classpath.InstrumentingTransformer$InstrumentingMethodVisitor.visitINVOKEVIRTUAL(Ljava/lang/String;Ljava/lang/String;Ljava/lang/String;)Z @ 19 c2
Event: 8.032 Thread 0x0000019877337800 DEOPT PACKING pc=0x0000019861e0fa78 sp=0x0000000f4fcfd9a0
Event: 8.032 Thread 0x0000019877337800 DEOPT UNPACKING pc=0x0000019859ffa1af sp=0x0000000f4fcfd910 mode 2
Event: 8.060 Thread 0x0000019877331800 Uncommon trap: trap_request=0xffffff4d fr.pc=0x0000019861e4aa48 relative=0x0000000000004188
Event: 8.060 Thread 0x0000019877331800 Uncommon trap: reason=unstable_if action=reinterpret pc=0x0000019861e4aa48 method=org.objectweb.asm.ClassReader.readConst(I[C)Ljava/lang/Object; @ 15 c2
Event: 8.060 Thread 0x0000019877331800 DEOPT PACKING pc=0x0000019861e4aa48 sp=0x0000000f4fdfe540
Event: 8.060 Thread 0x0000019877331800 DEOPT UNPACKING pc=0x0000019859ffa1af sp=0x0000000f4fdfe448 mode 2
Event: 8.074 Thread 0x0000019877337800 Uncommon trap: trap_request=0xffffff4d fr.pc=0x0000019861e3f7e0 relative=0x00000000000016e0
Event: 8.074 Thread 0x0000019877337800 Uncommon trap: reason=unstable_if action=reinterpret pc=0x0000019861e3f7e0 method=org.objectweb.asm.MethodWriter.visitJumpInsn(ILorg/objectweb/asm/Label;)V @ 364 c2
Event: 8.074 Thread 0x0000019877337800 DEOPT PACKING pc=0x0000019861e3f7e0 sp=0x0000000f4fcfd940
Event: 8.074 Thread 0x0000019877337800 DEOPT UNPACKING pc=0x0000019859ffa1af sp=0x0000000f4fcfd928 mode 2
Event: 8.075 Thread 0x0000019877337800 Uncommon trap: trap_request=0xffffff4d fr.pc=0x0000019861de0a0c relative=0x00000000000006ac
Event: 8.075 Thread 0x0000019877337800 Uncommon trap: reason=unstable_if action=reinterpret pc=0x0000019861de0a0c method=org.objectweb.asm.MethodWriter.visitVarInsn(II)V @ 148 c2
Event: 8.075 Thread 0x0000019877337800 DEOPT PACKING pc=0x0000019861de0a0c sp=0x0000000f4fcfd950
Event: 8.075 Thread 0x0000019877337800 DEOPT UNPACKING pc=0x0000019859ffa1af sp=0x0000000f4fcfd938 mode 2
Event: 8.075 Thread 0x0000019877337800 Uncommon trap: trap_request=0xffffff4d fr.pc=0x0000019861e13a88 relative=0x0000000000000728
Event: 8.075 Thread 0x0000019877337800 Uncommon trap: reason=unstable_if action=reinterpret pc=0x0000019861e13a88 method=org.objectweb.asm.MethodWriter.computeMaxStackAndLocal()V @ 38 c2
Event: 8.075 Thread 0x0000019877337800 DEOPT PACKING pc=0x0000019861e13a88 sp=0x0000000f4fcfd9a0
Event: 8.075 Thread 0x0000019877337800 DEOPT UNPACKING pc=0x0000019859ffa1af sp=0x0000000f4fcfd948 mode 2

Classes redefined (0 events):
No events

Internal exceptions (20 events):
Event: 6.339 Thread 0x00000198748cd000 Exception <a 'sun/nio/fs/WindowsException'{0x0000000089631290}> (0x0000000089631290) thrown at [src/hotspot/share/prims/jni.cpp, line 617]
Event: 6.340 Thread 0x00000198748d2800 Exception <a 'sun/nio/fs/WindowsException'{0x000000008966f648}> (0x000000008966f648) thrown at [src/hotspot/share/prims/jni.cpp, line 617]
Event: 6.340 Thread 0x00000198748d3800 Exception <a 'sun/nio/fs/WindowsException'{0x000000008960cc68}> (0x000000008960cc68) thrown at [src/hotspot/share/prims/jni.cpp, line 617]
Event: 6.343 Thread 0x0000019877335000 Exception <a 'sun/nio/fs/WindowsException'{0x00000000896a99c0}> (0x00000000896a99c0) thrown at [src/hotspot/share/prims/jni.cpp, line 617]
Event: 6.351 Thread 0x0000019877332800 Exception <a 'sun/nio/fs/WindowsException'{0x00000000893d4ad8}> (0x00000000893d4ad8) thrown at [src/hotspot/share/prims/jni.cpp, line 617]
Event: 6.370 Thread 0x0000019877331800 Exception <a 'sun/nio/fs/WindowsException'{0x00000000888b84e8}> (0x00000000888b84e8) thrown at [src/hotspot/share/prims/jni.cpp, line 617]
Event: 6.370 Thread 0x00000198748d2800 Exception <a 'sun/nio/fs/WindowsException'{0x0000000088b421a8}> (0x0000000088b421a8) thrown at [src/hotspot/share/prims/jni.cpp, line 617]
Event: 6.371 Thread 0x00000198748d2800 Exception <a 'sun/nio/fs/WindowsException'{0x0000000088b42368}> (0x0000000088b42368) thrown at [src/hotspot/share/prims/jni.cpp, line 617]
Event: 6.372 Thread 0x0000019877337800 Exception <a 'sun/nio/fs/WindowsException'{0x00000000887f48b0}> (0x00000000887f48b0) thrown at [src/hotspot/share/prims/jni.cpp, line 617]
Event: 6.422 Thread 0x0000019877336800 Exception <a 'sun/nio/fs/WindowsException'{0x000000008e03bbb0}> (0x000000008e03bbb0) thrown at [src/hotspot/share/prims/jni.cpp, line 617]
Event: 6.445 Thread 0x0000019877331000 Exception <a 'sun/nio/fs/WindowsException'{0x000000008d676400}> (0x000000008d676400) thrown at [src/hotspot/share/prims/jni.cpp, line 617]
Event: 6.446 Thread 0x0000019877331000 Exception <a 'sun/nio/fs/WindowsException'{0x000000008d6765e8}> (0x000000008d6765e8) thrown at [src/hotspot/share/prims/jni.cpp, line 617]
Event: 6.454 Thread 0x00000198748cd000 Exception <a 'sun/nio/fs/WindowsException'{0x000000008d2d7c48}> (0x000000008d2d7c48) thrown at [src/hotspot/share/prims/jni.cpp, line 617]
Event: 6.455 Thread 0x00000198748cd000 Exception <a 'sun/nio/fs/WindowsException'{0x000000008d2d7e18}> (0x000000008d2d7e18) thrown at [src/hotspot/share/prims/jni.cpp, line 617]
Event: 6.468 Thread 0x00000198748d3800 Exception <a 'sun/nio/fs/WindowsException'{0x000000008cbb8c20}> (0x000000008cbb8c20) thrown at [src/hotspot/share/prims/jni.cpp, line 617]
Event: 6.469 Thread 0x00000198748d3800 Exception <a 'sun/nio/fs/WindowsException'{0x000000008cbb8db0}> (0x000000008cbb8db0) thrown at [src/hotspot/share/prims/jni.cpp, line 617]
Event: 6.538 Thread 0x0000019877335000 Exception <a 'sun/nio/fs/WindowsException'{0x000000008a6950d8}> (0x000000008a6950d8) thrown at [src/hotspot/share/prims/jni.cpp, line 617]
Event: 6.539 Thread 0x0000019877335000 Exception <a 'sun/nio/fs/WindowsException'{0x000000008a6952c0}> (0x000000008a6952c0) thrown at [src/hotspot/share/prims/jni.cpp, line 617]
Event: 7.175 Thread 0x0000019877332800 Exception <a 'sun/nio/fs/WindowsException'{0x000000008d0f53b0}> (0x000000008d0f53b0) thrown at [src/hotspot/share/prims/jni.cpp, line 617]
Event: 7.175 Thread 0x0000019877332800 Exception <a 'sun/nio/fs/WindowsException'{0x000000008d0f5538}> (0x000000008d0f5538) thrown at [src/hotspot/share/prims/jni.cpp, line 617]

Events (20 events):
Event: 7.137 Executing VM operation: G1CollectForAllocation done
Event: 7.264 Executing VM operation: G1CollectForAllocation
Event: 7.268 Executing VM operation: G1CollectForAllocation done
Event: 7.399 Executing VM operation: G1CollectForAllocation
Event: 7.404 Executing VM operation: G1CollectForAllocation done
Event: 7.532 Executing VM operation: G1CollectForAllocation
Event: 7.532 Executing VM operation: G1CollectForAllocation done
Event: 7.532 Executing VM operation: G1CollectForAllocation
Event: 7.537 Executing VM operation: G1CollectForAllocation done
Event: 7.673 Executing VM operation: G1CollectForAllocation
Event: 7.679 Executing VM operation: G1CollectForAllocation done
Event: 7.684 loading class org/gradle/internal/classpath/InstrumentingTransformer$InstrumentingVisitor$1
Event: 7.684 loading class org/gradle/internal/classpath/InstrumentingTransformer$InstrumentingVisitor$1 done
Event: 7.799 Executing VM operation: G1CollectForAllocation
Event: 7.803 Executing VM operation: G1CollectForAllocation done
Event: 7.920 Executing VM operation: G1CollectForAllocation
Event: 7.923 Executing VM operation: G1CollectForAllocation done
Event: 8.047 Executing VM operation: G1CollectForAllocation
Event: 8.051 Executing VM operation: G1CollectForAllocation done
Event: 8.182 Executing VM operation: G1CollectForAllocation


Dynamic libraries:
0x00007ff6c8660000 - 0x00007ff6c866a000 	D:\androidstudio\jbr\bin\java.exe
0x00007fff41040000 - 0x00007fff41249000 	C:\Windows\SYSTEM32\ntdll.dll
0x00007fff3f600000 - 0x00007fff3f6be000 	C:\Windows\System32\KERNEL32.DLL
0x00007fff3e8b0000 - 0x00007fff3ec2b000 	C:\Windows\System32\KERNELBASE.dll
0x00007fff3ec30000 - 0x00007fff3ed41000 	C:\Windows\System32\ucrtbase.dll
0x00007fff2a130000 - 0x00007fff2a14b000 	D:\androidstudio\jbr\bin\VCRUNTIME140.dll
0x00007fff2a530000 - 0x00007fff2a547000 	D:\androidstudio\jbr\bin\jli.dll
0x00007fff3eec0000 - 0x00007fff3f06d000 	C:\Windows\System32\USER32.dll
0x00007fff36cf0000 - 0x00007fff36f95000 	C:\Windows\WinSxS\amd64_microsoft.windows.common-controls_6595b64144ccf1df_6.0.22000.120_none_9d947278b86cc467\COMCTL32.dll
0x00007fff3e760000 - 0x00007fff3e786000 	C:\Windows\System32\win32u.dll
0x00007fff3f0e0000 - 0x00007fff3f183000 	C:\Windows\System32\msvcrt.dll
0x00007fff3f6e0000 - 0x00007fff3f709000 	C:\Windows\System32\GDI32.dll
0x00007fff3e790000 - 0x00007fff3e8a8000 	C:\Windows\System32\gdi32full.dll
0x00007fff3e510000 - 0x00007fff3e5ad000 	C:\Windows\System32\msvcp_win.dll
0x00007fff40b50000 - 0x00007fff40b82000 	C:\Windows\System32\IMM32.DLL
0x00007fff2a000000 - 0x00007fff2a00c000 	D:\androidstudio\jbr\bin\vcruntime140_1.dll
0x00007ffef16c0000 - 0x00007ffef174d000 	D:\androidstudio\jbr\bin\msvcp140.dll
0x00007ffee9f80000 - 0x00007ffeeab3c000 	D:\androidstudio\jbr\bin\server\jvm.dll
0x00007fff40070000 - 0x00007fff4011e000 	C:\Windows\System32\ADVAPI32.dll
0x00007fff3f270000 - 0x00007fff3f30e000 	C:\Windows\System32\sechost.dll
0x00007fff40a00000 - 0x00007fff40b20000 	C:\Windows\System32\RPCRT4.dll
0x00007fff40b20000 - 0x00007fff40b28000 	C:\Windows\System32\PSAPI.DLL
0x00007ffed1e90000 - 0x00007ffed1e99000 	C:\Windows\SYSTEM32\WSOCK32.dll
0x00007fff3bdf0000 - 0x00007fff3be23000 	C:\Windows\SYSTEM32\WINMM.dll
0x00007fff353a0000 - 0x00007fff353aa000 	C:\Windows\SYSTEM32\VERSION.dll
0x00007fff3f530000 - 0x00007fff3f59f000 	C:\Windows\System32\WS2_32.dll
0x00007fff3d600000 - 0x00007fff3d618000 	C:\Windows\SYSTEM32\kernel.appcore.dll
0x00007fff346c0000 - 0x00007fff346d0000 	D:\androidstudio\jbr\bin\verify.dll
0x00007fff3b830000 - 0x00007fff3ba51000 	C:\Windows\SYSTEM32\DBGHELP.DLL
0x00007fff364c0000 - 0x00007fff364f1000 	C:\Windows\SYSTEM32\dbgcore.DLL
0x00007fff3e5b0000 - 0x00007fff3e62f000 	C:\Windows\System32\bcryptPrimitives.dll
0x00007fff2b050000 - 0x00007fff2b078000 	D:\androidstudio\jbr\bin\java.dll
0x00007fff345a0000 - 0x00007fff345aa000 	D:\androidstudio\jbr\bin\jimage.dll
0x00007fff2cc90000 - 0x00007fff2cca8000 	D:\androidstudio\jbr\bin\zip.dll
0x00007fff3f8b0000 - 0x00007fff40067000 	C:\Windows\System32\SHELL32.dll
0x00007fff3c600000 - 0x00007fff3ce65000 	C:\Windows\SYSTEM32\windows.storage.dll
0x00007fff40210000 - 0x00007fff40588000 	C:\Windows\System32\combase.dll
0x00007fff3c490000 - 0x00007fff3c5f6000 	C:\Windows\SYSTEM32\wintypes.dll
0x00007fff3f710000 - 0x00007fff3f7fa000 	C:\Windows\System32\SHCORE.dll
0x00007fff3f070000 - 0x00007fff3f0cd000 	C:\Windows\System32\shlwapi.dll
0x00007fff3e440000 - 0x00007fff3e461000 	C:\Windows\SYSTEM32\profapi.dll
0x00007fff2b030000 - 0x00007fff2b049000 	D:\androidstudio\jbr\bin\net.dll
0x00007fff393f0000 - 0x00007fff39504000 	C:\Windows\SYSTEM32\WINHTTP.dll
0x00007fff3daa0000 - 0x00007fff3db07000 	C:\Windows\system32\mswsock.dll
0x00007fff2aa30000 - 0x00007fff2aa43000 	D:\androidstudio\jbr\bin\nio.dll
0x00007fff217d0000 - 0x00007fff217f7000 	C:\Users\Borja Chacon\.gradle\native\e1d6ef7f7dcc3fd88c89a11ec53ec762bb8ba0a96d01ffa2cd45eb1d1d8dd5c5\windows-amd64\native-platform.dll
0x00007ffeee860000 - 0x00007ffeee9a4000 	C:\Users\Borja Chacon\.gradle\native\0d407fdbe67a94daf76414ababcb853783967236a71b16ec16e742cd7a986fd3\windows-amd64\native-platform-file-events.dll
0x00007fff2ea90000 - 0x00007fff2ea9a000 	D:\androidstudio\jbr\bin\management.dll
0x00007fff2ea40000 - 0x00007fff2ea4b000 	D:\androidstudio\jbr\bin\management_ext.dll
0x00007fff3dce0000 - 0x00007fff3dcf8000 	C:\Windows\SYSTEM32\CRYPTSP.dll
0x00007fff3d560000 - 0x00007fff3d595000 	C:\Windows\system32\rsaenh.dll
0x00007fff3db90000 - 0x00007fff3dbb9000 	C:\Windows\SYSTEM32\USERENV.dll
0x00007fff3de70000 - 0x00007fff3de97000 	C:\Windows\SYSTEM32\bcrypt.dll
0x00007fff3dd00000 - 0x00007fff3dd0c000 	C:\Windows\SYSTEM32\CRYPTBASE.dll
0x00007fff3d0c0000 - 0x00007fff3d0ed000 	C:\Windows\SYSTEM32\IPHLPAPI.DLL
0x00007fff3f890000 - 0x00007fff3f899000 	C:\Windows\System32\NSI.dll
0x00007fff39300000 - 0x00007fff39319000 	C:\Windows\SYSTEM32\dhcpcsvc6.DLL
0x00007fff39610000 - 0x00007fff3962e000 	C:\Windows\SYSTEM32\dhcpcsvc.DLL
0x00007fff3d0f0000 - 0x00007fff3d1d8000 	C:\Windows\SYSTEM32\DNSAPI.dll

dbghelp: loaded successfully - version: 4.0.5 - missing functions: none
symbol engine: initialized successfully - sym options: 0x614 - pdb path: .;D:\androidstudio\jbr\bin;C:\Windows\SYSTEM32;C:\Windows\WinSxS\amd64_microsoft.windows.common-controls_6595b64144ccf1df_6.0.22000.120_none_9d947278b86cc467;D:\androidstudio\jbr\bin\server;C:\Users\Borja Chacon\.gradle\native\e1d6ef7f7dcc3fd88c89a11ec53ec762bb8ba0a96d01ffa2cd45eb1d1d8dd5c5\windows-amd64;C:\Users\Borja Chacon\.gradle\native\0d407fdbe67a94daf76414ababcb853783967236a71b16ec16e742cd7a986fd3\windows-amd64

VM Arguments:
jvm_args: --add-opens=java.base/java.util=ALL-UNNAMED --add-opens=java.base/java.lang=ALL-UNNAMED --add-opens=java.base/java.lang.invoke=ALL-UNNAMED --add-opens=java.base/java.util=ALL-UNNAMED --add-opens=java.prefs/java.util.prefs=ALL-UNNAMED --add-opens=java.prefs/java.util.prefs=ALL-UNNAMED --add-opens=java.base/java.nio.charset=ALL-UNNAMED --add-opens=java.base/java.net=ALL-UNNAMED --add-opens=java.base/java.util.concurrent.atomic=ALL-UNNAMED -Xmx2048m -Dfile.encoding=UTF-8 -Duser.country=ES -Duser.language=es -Duser.variant 
java_command: org.gradle.launcher.daemon.bootstrap.GradleDaemon 7.5
java_class_path (initial): C:\Users\Borja Chacon\.gradle\wrapper\dists\gradle-7.5-bin\f1w0cc9nuo0eivz97x2xlu9sv\gradle-7.5\lib\gradle-launcher-7.5.jar
Launcher Type: SUN_STANDARD

[Global flags]
     intx CICompilerCount                          = 4                                         {product} {ergonomic}
     uint ConcGCThreads                            = 3                                         {product} {ergonomic}
     uint G1ConcRefinementThreads                  = 10                                        {product} {ergonomic}
   size_t G1HeapRegionSize                         = 1048576                                   {product} {ergonomic}
    uintx GCDrainStackTargetSize                   = 64                                        {product} {ergonomic}
   size_t InitialHeapSize                          = 257949696                                 {product} {ergonomic}
   size_t MarkStackSize                            = 4194304                                   {product} {ergonomic}
   size_t MaxHeapSize                              = 2147483648                                {product} {command line}
   size_t MaxNewSize                               = 1287651328                                {product} {ergonomic}
   size_t MinHeapDeltaBytes                        = 1048576                                   {product} {ergonomic}
    uintx NonNMethodCodeHeapSize                   = 5836300                                {pd product} {ergonomic}
    uintx NonProfiledCodeHeapSize                  = 122910970                              {pd product} {ergonomic}
    uintx ProfiledCodeHeapSize                     = 122910970                              {pd product} {ergonomic}
    uintx ReservedCodeCacheSize                    = 251658240                              {pd product} {ergonomic}
     bool SegmentedCodeCache                       = true                                      {product} {ergonomic}
     bool UseCompressedClassPointers               = true                                 {lp64_product} {ergonomic}
     bool UseCompressedOops                        = true                                 {lp64_product} {ergonomic}
     bool UseG1GC                                  = true                                      {product} {ergonomic}
     bool UseLargePagesIndividualAllocation        = false                                  {pd product} {ergonomic}

Logging:
Log output configuration:
 #0: stdout all=warning uptime,level,tags
 #1: stderr all=off uptime,level,tags

Environment Variables:
PATH=C:\Program Files\Common Files\Oracle\Java\javapath;C:\Windows\System32\HWAudioDriverLibs;C:\Windows\system32;C:\Windows;C:\Windows\System32\Wbem;C:\Windows\System32\WindowsPowerShell\v1.0\;C:\Windows\System32\OpenSSH\;C:\Users\Administrator\AppData\Local\Microsoft\WindowsApps;C:\Program Files\Git\cmd;C:\Program Files\dotnet\;C:\Users\Borja Chacon\AppData\Local\Microsoft\WindowsApps;D:\PyCharm Community Edition 2022.2.3\bin;D:\IntelliJ IDEA Community Edition 2022.2.3\bin;C:\Users\Borja Chacon\.dotnet\tools;C:\Users\Borja Chacon\AppData\Local\JetBrains\Toolbox\scripts;C:\Users\Borja Chacon\.dotnet\tools
USERNAME=Borja Chacon
OS=Windows_NT
PROCESSOR_IDENTIFIER=AMD64 Family 25 Model 80 Stepping 0, AuthenticAMD



---------------  S Y S T E M  ---------------

OS: Windows 11 , 64 bit Build 22000 (10.0.22000.1335)
OS uptime: 7 days 0:01 hours

CPU:total 12 (initial active 12) (12 cores per cpu, 2 threads per core) family 25 model 80 stepping 0 microcode 0x0, cmov, cx8, fxsr, mmx, sse, sse2, sse3, ssse3, sse4.1, sse4.2, popcnt, avx, avx2, aes, clmul, erms, mmxext, 3dnowpref, lzcnt, sse4a, ht, tsc, tscinvbit, tscinv, bmi1, bmi2, adx, sha, fma

Memory: 4k page, system-wide physical 15724M (1937M free)
TotalPageFile size 31084M (AvailPageFile size 22M)
current process WorkingSet (physical memory assigned to process): 426M, peak: 433M
current process commit charge ("private bytes"): 482M, peak: 530M

vm_info: OpenJDK 64-Bit Server VM (11.0.15+0-b2043.56-9505619) for windows-amd64 JRE (11.0.15+0-b2043.56-9505619), built on Jan 19 2023 02:48:00 by "builduser" with unknown MS VC++:1929

END.
